[2019-04-21 04:19:26] eseye.INFO: [http 200, ok] get -> https://esi.evetech.net/latest/characters/406489889/?datasource=tranquility [t/e: 0.23s/100]
[2019-04-21 04:19:26] eseye.INFO: [http 200, ok] get -> https://esi.evetech.net/latest/corporations/98169165/?datasource=tranquility [t/e: 0.02s/100]
[2019-04-21 04:19:27] eseye.INFO: [http 200, ok] get -> https://esi.evetech.net/latest/characters/406489889/?datasource=tranquility [t/e: 0.06s/100]
[2019-04-21 04:19:27] eseye.INFO: [http 200, ok] get -> https://esi.evetech.net/latest/corporations/98169165/?datasource=tranquility [t/e: 0.02s/100]
[2019-04-21 04:21:18] eseye.INFO: [http 200, ok] get -> https://esi.evetech.net/latest/characters/2113119714/?datasource=tranquility [t/e: 0.22s/100]
[2019-04-21 04:21:18] eseye.INFO: [http 200, ok] get -> https://esi.evetech.net/latest/corporations/98169165/?datasource=tranquility [t/e: 0.02s/100]
[2019-04-21 04:21:18] eseye.INFO: [http 200, ok] get -> https://esi.evetech.net/latest/characters/2113119714/?datasource=tranquility [t/e: 0.06s/100]
[2019-04-21 04:21:19] eseye.INFO: [http 200, ok] get -> https://esi.evetech.net/latest/corporations/98169165/?datasource=tranquility [t/e: 0.09s/100]
[2019-04-21 04:21:43] eseye.INFO: [http 200, ok] get -> https://esi.evetech.net/latest/characters/1470088902/?datasource=tranquility [t/e: 0.07s/100]
[2019-04-21 04:21:43] eseye.INFO: [http 200, ok] get -> https://esi.evetech.net/latest/corporations/98522659/?datasource=tranquility [t/e: 0.02s/100]
[2019-04-21 04:21:43] eseye.INFO: [http 200, ok] get -> https://esi.evetech.net/latest/characters/1470088902/?datasource=tranquility [t/e: 0.06s/100]
[2019-04-21 04:21:43] eseye.INFO: [http 200, ok] get -> https://esi.evetech.net/latest/corporations/98522659/?datasource=tranquility [t/e: 0.02s/100]
[2019-04-21 05:04:01] eseye.INFO: [http 200, ok] get -> https://esi.evetech.net/latest/search/?datasource=tranquility&categories=character&search=James+Reus&strict=true [t/e: 0.15s/100]
[2019-04-21 05:04:01] eseye.ERROR: [http 404, not found] get -> https://esi.evetech.net/latest/corporations/%5B%7B%22corporation_id%22:%2298169165%22%7D%5D/?datasource=tranquility [t/e: 0.06s/99]
[2019-04-21 05:12:33] eseye.INFO: [http 200, ok] get -> https://esi.evetech.net/latest/search/?datasource=tranquility&categories=character&search=buster+cheri&strict=true [t/e: 0.17s/100]
[2019-04-21 05:12:33] eseye.INFO: [http 200, ok] get -> https://esi.evetech.net/latest/characters/95801394/?datasource=tranquility [t/e: 0.06s/100]
[2019-04-21 05:12:33] eseye.INFO: [http 200, ok] get -> https://esi.evetech.net/latest/corporations/98169165/?datasource=tranquility [t/e: 0.02s/100]
[2019-04-21 05:12:33] eseye.ERROR: [http 404, not found] get -> https://esi.evetech.net/latest/corporations/%5B%7B%22corporation_id%22:%2298169165%22%7D%5D/?datasource=tranquility [t/e: 0.06s/99]
[2019-04-21 05:52:26] eseye.INFO: [http 200, ok] get -> https://esi.evetech.net/latest/search/?datasource=tranquility&categories=character&search=Henry+Wormand&strict=true [t/e: 0.14s/100]
[2019-04-21 05:52:26] eseye.ERROR: [http 404, not found] get -> https://esi.evetech.net/latest/corporations/%5B%7B%22corporation_id%22:%2298169165%22%7D%5D/?datasource=tranquility [t/e: 0.06s/99]
[2019-04-21 05:53:33] eseye.INFO: [http 200, ok] get -> https://esi.evetech.net/latest/search/?datasource=tranquility&categories=character&search=Henry+Wormand&strict=true [t/e: 0.07s/100]
[2019-04-21 05:53:33] eseye.ERROR: [http 404, not found] get -> https://esi.evetech.net/latest/corporations/%5B%7B%22corporation_id%22:%2298169165%22%7D%5D/?datasource=tranquility [t/e: 0.06s/99]
[2019-04-21 15:57:41] eseye.INFO: [http 200, ok] get -> https://esi.evetech.net/latest/characters/95822946/?datasource=tranquility [t/e: 0.07s/100]
[2019-04-21 15:57:41] eseye.INFO: [http 200, ok] get -> https://esi.evetech.net/latest/corporations/98432934/?datasource=tranquility [t/e: 0.02s/100]
[2019-04-21 15:57:41] eseye.INFO: [http 200, ok] get -> https://esi.evetech.net/latest/characters/95822946/?datasource=tranquility [t/e: 0.07s/100]
[2019-04-21 15:57:41] eseye.INFO: [http 200, ok] get -> https://esi.evetech.net/latest/corporations/98432934/?datasource=tranquility [t/e: 0.02s/100]
[2019-04-21 15:58:25] eseye.INFO: [http 200, ok] get -> https://esi.evetech.net/latest/characters/2112258739/?datasource=tranquility [t/e: 0.22s/100]
[2019-04-21 15:58:25] eseye.INFO: [http 200, ok] get -> https://esi.evetech.net/latest/corporations/98432934/?datasource=tranquility [t/e: 0.02s/100]
[2019-04-21 15:58:25] eseye.INFO: [http 200, ok] get -> https://esi.evetech.net/latest/characters/2112258739/?datasource=tranquility [t/e: 0.07s/100]
[2019-04-21 15:58:25] eseye.INFO: [http 200, ok] get -> https://esi.evetech.net/latest/corporations/98432934/?datasource=tranquility [t/e: 0.02s/100]
[2019-04-21 18:48:53] eseye.INFO: [http 200, ok] get -> https://esi.evetech.net/latest/characters/723484776/?datasource=tranquility [t/e: 0.07s/100]
[2019-04-21 18:48:54] eseye.INFO: [http 200, ok] get -> https://esi.evetech.net/latest/corporations/98429796/?datasource=tranquility [t/e: 0.12s/100]
[2019-04-21 18:48:54] eseye.INFO: [http 200, ok] get -> https://esi.evetech.net/latest/characters/723484776/?datasource=tranquility [t/e: 0.07s/100]
[2019-04-21 18:48:54] eseye.INFO: [http 200, ok] get -> https://esi.evetech.net/latest/corporations/98429796/?datasource=tranquility [t/e: 0.02s/100]
[2019-04-21 18:50:08] eseye.INFO: [http 200, ok] get -> https://esi.evetech.net/latest/characters/2112623380/?datasource=tranquility [t/e: 0.07s/100]
[2019-04-21 18:50:08] eseye.INFO: [http 200, ok] get -> https://esi.evetech.net/latest/corporations/98455521/?datasource=tranquility [t/e: 0.02s/100]
[2019-04-21 18:50:09] eseye.INFO: [http 200, ok] get -> https://esi.evetech.net/latest/characters/2112623380/?datasource=tranquility [t/e: 0.07s/100]
[2019-04-21 18:50:09] eseye.INFO: [http 200, ok] get -> https://esi.evetech.net/latest/corporations/98455521/?datasource=tranquility [t/e: 0.02s/100]
