[2019-03-22 02:17:25] eseye.INFO: [http 200, ok] get -> https://esi.evetech.net/latest/search/?datasource=tranquility&categories=character&search=steve+Greene&strict=true [t/e: 0.15s/100]
[2019-03-22 02:17:25] eseye.ERROR: [http 404, not found] get -> https://esi.evetech.net/latest/corporations/%5B%7B%22corporation_id%22:%2298255095%22%7D%5D/?datasource=tranquility [t/e: 0.07s/99]
[2019-03-22 03:45:42] eseye.INFO: [http 200, ok] get -> https://esi.evetech.net/latest/characters/2113901546/?datasource=tranquility [t/e: 0.07s/100]
[2019-03-22 03:45:42] eseye.INFO: [http 200, ok] get -> https://esi.evetech.net/latest/corporations/98169165/?datasource=tranquility [t/e: 0.02s/100]
[2019-03-22 03:45:42] eseye.INFO: [http 200, ok] get -> https://esi.evetech.net/latest/characters/2113901546/?datasource=tranquility [t/e: 0.07s/100]
[2019-03-22 03:45:42] eseye.INFO: [http 200, ok] get -> https://esi.evetech.net/latest/corporations/98169165/?datasource=tranquility [t/e: 0.02s/100]
[2019-03-22 04:13:58] eseye.INFO: [http 200, ok] get -> https://esi.evetech.net/latest/search/?datasource=tranquility&categories=character&search=Anaker&strict=true [t/e: 0.15s/100]
[2019-03-22 04:13:58] eseye.INFO: [http 200, ok] get -> https://esi.evetech.net/latest/characters/2113901546/?datasource=tranquility [t/e: 0.07s/100]
[2019-03-22 04:13:58] eseye.INFO: [http 200, ok] get -> https://esi.evetech.net/latest/corporations/98169165/?datasource=tranquility [t/e: 0.02s/100]
[2019-03-22 04:13:58] eseye.ERROR: [http 404, not found] get -> https://esi.evetech.net/latest/corporations/%5B%7B%22corporation_id%22:%2298169165%22%7D%5D/?datasource=tranquility [t/e: 0.07s/99]
[2019-03-22 05:04:26] eseye.INFO: [http 200, ok] get -> https://esi.evetech.net/latest/characters/94017087/?datasource=tranquility [t/e: 0.20s/100]
[2019-03-22 05:04:26] eseye.INFO: [http 200, ok] get -> https://esi.evetech.net/latest/corporations/98169165/?datasource=tranquility [t/e: 0.02s/100]
[2019-03-22 05:04:26] eseye.INFO: [http 200, ok] get -> https://esi.evetech.net/latest/characters/94017087/?datasource=tranquility [t/e: 0.07s/100]
[2019-03-22 05:04:26] eseye.INFO: [http 200, ok] get -> https://esi.evetech.net/latest/corporations/98169165/?datasource=tranquility [t/e: 0.02s/100]
[2019-03-22 20:04:06] eseye.INFO: [http 200, ok] get -> https://esi.evetech.net/latest/characters/2112599709/?datasource=tranquility [t/e: 0.07s/100]
[2019-03-22 20:04:06] eseye.INFO: [http 200, ok] get -> https://esi.evetech.net/latest/corporations/98169165/?datasource=tranquility [t/e: 0.03s/100]
[2019-03-22 20:04:06] eseye.INFO: [http 200, ok] get -> https://esi.evetech.net/latest/characters/2112599709/?datasource=tranquility [t/e: 0.07s/100]
[2019-03-22 20:04:06] eseye.INFO: [http 200, ok] get -> https://esi.evetech.net/latest/corporations/98169165/?datasource=tranquility [t/e: 0.02s/100]
[2019-03-22 20:36:42] eseye.INFO: [http 200, ok] get -> https://esi.evetech.net/latest/characters/90303974/?datasource=tranquility [t/e: 0.23s/100]
[2019-03-22 20:36:42] eseye.INFO: [http 200, ok] get -> https://esi.evetech.net/latest/corporations/98351666/?datasource=tranquility [t/e: 0.02s/100]
[2019-03-22 20:36:42] eseye.INFO: [http 200, ok] get -> https://esi.evetech.net/latest/characters/90303974/?datasource=tranquility [t/e: 0.06s/100]
[2019-03-22 20:36:43] eseye.INFO: [http 200, ok] get -> https://esi.evetech.net/latest/corporations/98351666/?datasource=tranquility [t/e: 0.02s/100]
[2019-03-22 21:51:03] eseye.INFO: [http 200, ok] get -> https://esi.evetech.net/latest/characters/91077294/?datasource=tranquility [t/e: 0.07s/100]
[2019-03-22 21:51:03] eseye.INFO: [http 200, ok] get -> https://esi.evetech.net/latest/corporations/98276273/?datasource=tranquility [t/e: 0.02s/100]
[2019-03-22 21:51:03] eseye.INFO: [http 200, ok] get -> https://esi.evetech.net/latest/characters/91077294/?datasource=tranquility [t/e: 0.06s/100]
[2019-03-22 21:51:03] eseye.INFO: [http 200, ok] get -> https://esi.evetech.net/latest/corporations/98276273/?datasource=tranquility [t/e: 0.02s/100]
[2019-03-22 21:54:06] eseye.INFO: [http 200, ok] get -> https://esi.evetech.net/latest/characters/94147919/?datasource=tranquility [t/e: 0.19s/100]
[2019-03-22 21:54:06] eseye.INFO: [http 200, ok] get -> https://esi.evetech.net/latest/corporations/98522659/?datasource=tranquility [t/e: 0.02s/100]
[2019-03-22 21:54:06] eseye.INFO: [http 200, ok] get -> https://esi.evetech.net/latest/characters/94147919/?datasource=tranquility [t/e: 0.06s/100]
[2019-03-22 21:54:06] eseye.INFO: [http 200, ok] get -> https://esi.evetech.net/latest/corporations/98522659/?datasource=tranquility [t/e: 0.02s/100]
