[2019-02-24 04:12:35] eseye.INFO: [http 200, ok] get -> https://esi.evetech.net/latest/characters/90816088/?datasource=tranquility [t/e: 0.07s/100]
[2019-02-24 04:12:35] eseye.INFO: [http 200, ok] get -> https://esi.evetech.net/latest/corporations/98097414/?datasource=tranquility [t/e: 0.02s/100]
[2019-02-24 05:08:58] eseye.INFO: [http 200, ok] get -> https://esi.evetech.net/latest/search/?datasource=tranquility&categories=character&search=Epicishousness+Padecain&strict=true [t/e: 0.13s/100]
[2019-02-24 05:08:58] eseye.INFO: [http 200, ok] get -> https://esi.evetech.net/latest/characters/95512617/?datasource=tranquility [t/e: 0.07s/100]
[2019-02-24 05:08:58] eseye.INFO: [http 200, ok] get -> https://esi.evetech.net/latest/corporations/98251577/?datasource=tranquility [t/e: 0.02s/100]
[2019-02-24 05:08:58] eseye.ERROR: [http 404, not found] get -> https://esi.evetech.net/latest/corporations/%5B%7B%22corporation_id%22:%2298251577%22%7D%5D/?datasource=tranquility [t/e: 0.06s/99]
[2019-02-24 05:09:28] eseye.INFO: [http 200, ok] get -> https://esi.evetech.net/latest/search/?datasource=tranquility&categories=character&search=Epicishousness+Padecain&strict=true [t/e: 0.07s/100]
[2019-02-24 05:09:28] eseye.ERROR: [http 404, not found] get -> https://esi.evetech.net/latest/corporations/%5B%7B%22corporation_id%22:%2298251577%22%7D%5D/?datasource=tranquility [t/e: 0.06s/99]
[2019-02-24 05:09:56] eseye.INFO: [http 200, ok] get -> https://esi.evetech.net/latest/search/?datasource=tranquility&categories=character&search=Minerva+Arbosa&strict=true [t/e: 0.14s/99]
[2019-02-24 05:09:56] eseye.INFO: [http 200, ok] get -> https://esi.evetech.net/latest/characters/92626011/?datasource=tranquility [t/e: 0.08s/99]
[2019-02-24 05:09:56] eseye.INFO: [http 200, ok] get -> https://esi.evetech.net/latest/corporations/98287666/?datasource=tranquility [t/e: 0.02s/99]
[2019-02-24 05:09:56] eseye.ERROR: [http 404, not found] get -> https://esi.evetech.net/latest/corporations/%5B%7B%22corporation_id%22:%2298287666%22%7D%5D/?datasource=tranquility [t/e: 0.06s/98]
[2019-02-24 05:10:30] eseye.INFO: [http 200, ok] get -> https://esi.evetech.net/latest/search/?datasource=tranquility&categories=character&search=Raj+Nakrar&strict=true [t/e: 0.15s/100]
[2019-02-24 05:10:30] eseye.INFO: [http 200, ok] get -> https://esi.evetech.net/latest/characters/96013783/?datasource=tranquility [t/e: 0.39s/100]
[2019-02-24 05:10:30] eseye.INFO: [http 200, ok] get -> https://esi.evetech.net/latest/corporations/98432934/?datasource=tranquility [t/e: 0.02s/100]
[2019-02-24 05:10:30] eseye.ERROR: [http 404, not found] get -> https://esi.evetech.net/latest/corporations/%5B%7B%22corporation_id%22:%2298432934%22%7D%5D/?datasource=tranquility [t/e: 0.06s/99]
[2019-02-24 05:11:04] eseye.INFO: [http 200, ok] get -> https://esi.evetech.net/latest/search/?datasource=tranquility&categories=character&search=Rock+Onzo&strict=true [t/e: 0.13s/100]
[2019-02-24 05:11:05] eseye.INFO: [http 200, ok] get -> https://esi.evetech.net/latest/characters/92947432/?datasource=tranquility [t/e: 0.09s/100]
[2019-02-24 05:11:05] eseye.INFO: [http 200, ok] get -> https://esi.evetech.net/latest/corporations/98326827/?datasource=tranquility [t/e: 0.02s/100]
[2019-02-24 05:11:05] eseye.ERROR: [http 404, not found] get -> https://esi.evetech.net/latest/corporations/%5B%7B%22corporation_id%22:%2298326827%22%7D%5D/?datasource=tranquility [t/e: 0.06s/99]
[2019-02-24 05:11:26] eseye.INFO: [http 200, ok] get -> https://esi.evetech.net/latest/search/?datasource=tranquility&categories=character&search=Yorku&strict=true [t/e: 0.15s/99]
[2019-02-24 05:11:26] eseye.INFO: [http 200, ok] get -> https://esi.evetech.net/latest/characters/165386896/?datasource=tranquility [t/e: 0.06s/99]
[2019-02-24 05:11:26] eseye.INFO: [http 200, ok] get -> https://esi.evetech.net/latest/corporations/98548700/?datasource=tranquility [t/e: 0.08s/99]
[2019-02-24 05:11:26] eseye.ERROR: [http 404, not found] get -> https://esi.evetech.net/latest/corporations/%5B%7B%22corporation_id%22:%2298548700%22%7D%5D/?datasource=tranquility [t/e: 0.06s/98]
[2019-02-24 05:11:43] eseye.INFO: [http 200, ok] get -> https://esi.evetech.net/latest/search/?datasource=tranquility&categories=character&search=Rock+Onzo&strict=true [t/e: 0.07s/98]
[2019-02-24 05:11:43] eseye.ERROR: [http 404, not found] get -> https://esi.evetech.net/latest/corporations/%5B%7B%22corporation_id%22:%2298326827%22%7D%5D/?datasource=tranquility [t/e: 0.06s/97]
[2019-02-24 05:12:02] eseye.INFO: [http 200, ok] get -> https://esi.evetech.net/latest/search/?datasource=tranquility&categories=character&search=Yorku&strict=true [t/e: 0.07s/100]
[2019-02-24 05:12:02] eseye.ERROR: [http 404, not found] get -> https://esi.evetech.net/latest/corporations/%5B%7B%22corporation_id%22:%2298548700%22%7D%5D/?datasource=tranquility [t/e: 0.06s/99]
[2019-02-24 19:46:18] eseye.INFO: [http 200, ok] get -> https://esi.evetech.net/latest/characters/2112826001/?datasource=tranquility [t/e: 0.07s/100]
[2019-02-24 19:46:18] eseye.INFO: [http 200, ok] get -> https://esi.evetech.net/latest/corporations/98181474/?datasource=tranquility [t/e: 0.02s/100]
[2019-02-24 19:46:18] eseye.INFO: [http 200, ok] get -> https://esi.evetech.net/latest/characters/2112826001/?datasource=tranquility [t/e: 0.10s/100]
[2019-02-24 19:46:18] eseye.INFO: [http 200, ok] get -> https://esi.evetech.net/latest/corporations/98181474/?datasource=tranquility [t/e: 0.02s/100]
