[2019-04-29 01:26:31] eseye.ERROR: [http 404, not found] get -> https://esi.evetech.net/latest/corporations/%5B%7B%22corporation_id%22:%2298287666%22%7D%5D/?datasource=tranquility [t/e: 0.07s/99]
[2019-04-29 01:27:25] eseye.ERROR: [http 404, not found] get -> https://esi.evetech.net/latest/corporations/%5B%7B%22corporation_id%22:%2298287666%22%7D%5D/?datasource=tranquility [t/e: 0.08s/99]
[2019-04-29 01:28:22] eseye.ERROR: [http 404, not found] get -> https://esi.evetech.net/latest/corporations/%5B%7B%22corporation_id%22:%2298287666%22%7D%5D/?datasource=tranquility [t/e: 0.57s/99]
[2019-04-29 01:31:52] eseye.INFO: [http 200, ok] get -> https://esi.evetech.net/latest/corporations/98287666/?datasource=tranquility [t/e: 0.07s/100]
[2019-04-29 01:34:55] eseye.INFO: [http 200, ok] get -> https://esi.evetech.net/latest/corporations/98287666/?datasource=tranquility [t/e: 0.08s/100]
[2019-04-29 01:35:36] eseye.INFO: [http 200, ok] get -> https://esi.evetech.net/latest/corporations/98287666/?datasource=tranquility [t/e: 0.07s/100]
[2019-04-29 01:37:30] eseye.INFO: [http 200, ok] get -> https://esi.evetech.net/latest/search/?datasource=tranquility&categories=character&search=Lowjack+Tzetsu&strict=true [t/e: 0.14s/100]
[2019-04-29 01:37:30] eseye.INFO: [http 200, ok] get -> https://esi.evetech.net/latest/corporations/98251577/?datasource=tranquility [t/e: 0.06s/100]
[2019-04-29 01:37:30] eseye.INFO: [http 200, ok] get -> https://esi.evetech.net/latest/alliances/99004116/?datasource=tranquility [t/e: 0.02s/100]
[2019-04-29 01:39:04] eseye.INFO: [http 200, ok] get -> https://esi.evetech.net/latest/search/?datasource=tranquility&categories=character&search=Lowjack+Tzetsu&strict=true [t/e: 0.07s/100]
[2019-04-29 01:39:04] eseye.INFO: [http 200, ok] get -> https://esi.evetech.net/latest/corporations/98251577/?datasource=tranquility [t/e: 0.06s/100]
[2019-04-29 01:39:04] eseye.INFO: [http 200, ok] get -> https://esi.evetech.net/latest/alliances/99004116/?datasource=tranquility [t/e: 0.02s/100]
[2019-04-29 01:39:58] eseye.INFO: [http 200, ok] get -> https://esi.evetech.net/latest/search/?datasource=tranquility&categories=character&search=Lowjack+Tzetsu&strict=true [t/e: 0.07s/100]
[2019-04-29 01:41:09] eseye.INFO: [http 200, ok] get -> https://esi.evetech.net/latest/search/?datasource=tranquility&categories=character&search=Lowjack+Tzetsu&strict=true [t/e: 0.07s/100]
[2019-04-29 01:41:09] eseye.INFO: [http 200, ok] get -> https://esi.evetech.net/latest/corporations/98251577/?datasource=tranquility [t/e: 0.07s/100]
[2019-04-29 01:41:09] eseye.INFO: [http 200, ok] get -> https://esi.evetech.net/latest/alliances/99004116/?datasource=tranquility [t/e: 0.02s/100]
[2019-04-29 01:43:19] eseye.INFO: [http 200, ok] get -> https://esi.evetech.net/latest/search/?datasource=tranquility&categories=character&search=Lowjack+Tzetsu&strict=true [t/e: 0.07s/100]
[2019-04-29 01:43:19] eseye.INFO: [http 200, ok] get -> https://esi.evetech.net/latest/corporations/98251577/?datasource=tranquility [t/e: 0.07s/100]
[2019-04-29 01:43:19] eseye.INFO: [http 200, ok] get -> https://esi.evetech.net/latest/alliances/99004116/?datasource=tranquility [t/e: 0.02s/100]
[2019-04-29 01:44:30] eseye.INFO: [http 304, not modified] get -> https://esi.evetech.net/latest/corporations/98287666/?datasource=tranquility [t/e: 0.17s/100]
[2019-04-29 01:47:58] eseye.INFO: [http 304, not modified] get -> https://esi.evetech.net/latest/corporations/98287666/?datasource=tranquility [t/e: 0.07s/100]
[2019-04-29 07:16:58] eseye.INFO: [http 200, ok] get -> https://esi.evetech.net/latest/characters/210352256/?datasource=tranquility [t/e: 0.07s/100]
[2019-04-29 07:16:58] eseye.INFO: [http 200, ok] get -> https://esi.evetech.net/latest/corporations/991122944/?datasource=tranquility [t/e: 0.08s/100]
[2019-04-29 07:16:58] eseye.INFO: [http 200, ok] get -> https://esi.evetech.net/latest/characters/210352256/?datasource=tranquility [t/e: 0.06s/100]
[2019-04-29 07:16:58] eseye.INFO: [http 200, ok] get -> https://esi.evetech.net/latest/corporations/991122944/?datasource=tranquility [t/e: 0.09s/100]
[2019-04-29 08:23:32] eseye.INFO: [http 200, ok] get -> https://esi.evetech.net/latest/characters/97253605/?datasource=tranquility [t/e: 0.44s/100]
[2019-04-29 08:23:32] eseye.INFO: [http 200, ok] get -> https://esi.evetech.net/latest/characters/2113901546/?datasource=tranquility [t/e: 0.22s/100]
[2019-04-29 08:23:32] eseye.INFO: [http 200, ok] get -> https://esi.evetech.net/latest/characters/686119010/?datasource=tranquility [t/e: 0.06s/100]
[2019-04-29 08:23:32] eseye.INFO: [http 200, ok] get -> https://esi.evetech.net/latest/characters/96013783/?datasource=tranquility [t/e: 0.27s/100]
[2019-04-29 08:23:33] eseye.INFO: [http 200, ok] get -> https://esi.evetech.net/latest/characters/2113901546/?datasource=tranquility [t/e: 0.06s/100]
[2019-04-29 08:23:33] eseye.INFO: [http 200, ok] get -> https://esi.evetech.net/latest/characters/93398375/?datasource=tranquility [t/e: 0.06s/100]
[2019-04-29 08:23:33] eseye.INFO: [http 200, ok] get -> https://esi.evetech.net/latest/characters/94880353/?datasource=tranquility [t/e: 0.06s/100]
[2019-04-29 08:23:33] eseye.INFO: [http 200, ok] get -> https://esi.evetech.net/latest/characters/94880353/?datasource=tranquility [t/e: 0.06s/100]
[2019-04-29 08:23:33] eseye.INFO: [http 200, ok] get -> https://esi.evetech.net/latest/characters/96013783/?datasource=tranquility [t/e: 0.06s/100]
[2019-04-29 08:23:33] eseye.INFO: [http 200, ok] get -> https://esi.evetech.net/latest/characters/2113614284/?datasource=tranquility [t/e: 0.21s/100]
[2019-04-29 08:23:33] eseye.INFO: [http 200, ok] get -> https://esi.evetech.net/latest/characters/2027080054/?datasource=tranquility [t/e: 0.23s/100]
[2019-04-29 08:23:33] eseye.INFO: [http 200, ok] get -> https://esi.evetech.net/latest/characters/2113614284/?datasource=tranquility [t/e: 0.06s/100]
[2019-04-29 08:23:34] eseye.INFO: [http 200, ok] get -> https://esi.evetech.net/latest/characters/1234188283/?datasource=tranquility [t/e: 0.20s/100]
[2019-04-29 08:23:34] eseye.INFO: [http 200, ok] get -> https://esi.evetech.net/latest/characters/2112599709/?datasource=tranquility [t/e: 0.07s/100]
[2019-04-29 08:23:34] eseye.INFO: [http 200, ok] get -> https://esi.evetech.net/latest/characters/2112599709/?datasource=tranquility [t/e: 0.06s/100]
[2019-04-29 08:23:34] eseye.INFO: [http 200, ok] get -> https://esi.evetech.net/latest/characters/95801394/?datasource=tranquility [t/e: 0.24s/100]
[2019-04-29 08:23:34] eseye.INFO: [http 200, ok] get -> https://esi.evetech.net/latest/characters/165386896/?datasource=tranquility [t/e: 0.06s/100]
[2019-04-29 08:23:34] eseye.INFO: [http 200, ok] get -> https://esi.evetech.net/latest/characters/2113901546/?datasource=tranquility [t/e: 0.06s/100]
[2019-04-29 08:23:34] eseye.INFO: [http 200, ok] get -> https://esi.evetech.net/latest/characters/2112599709/?datasource=tranquility [t/e: 0.07s/100]
[2019-04-29 08:23:34] eseye.INFO: [http 200, ok] get -> https://esi.evetech.net/latest/characters/1234188283/?datasource=tranquility [t/e: 0.06s/100]
[2019-04-29 08:23:34] eseye.INFO: [http 200, ok] get -> https://esi.evetech.net/latest/characters/93146323/?datasource=tranquility [t/e: 0.20s/100]
[2019-04-29 08:24:45] eseye.INFO: [http 200, ok] get -> https://esi.evetech.net/latest/search/?datasource=tranquility&categories=character&search=Henry+Wormand&strict=true [t/e: 0.17s/100]
[2019-04-29 08:24:45] eseye.INFO: [http 200, ok] get -> https://esi.evetech.net/latest/corporations/98169165/?datasource=tranquility [t/e: 0.06s/100]
[2019-04-29 08:24:45] eseye.INFO: [http 200, ok] get -> https://esi.evetech.net/latest/alliances/99003214/?datasource=tranquility [t/e: 0.02s/100]
[2019-04-29 08:24:49] eseye.INFO: [http 200, ok] get -> https://esi.evetech.net/latest/characters/97253605/?datasource=tranquility [t/e: 0.06s/100]
[2019-04-29 08:24:49] eseye.INFO: [http 200, ok] get -> https://esi.evetech.net/latest/characters/2113901546/?datasource=tranquility [t/e: 0.06s/100]
[2019-04-29 08:24:49] eseye.INFO: [http 200, ok] get -> https://esi.evetech.net/latest/characters/686119010/?datasource=tranquility [t/e: 0.07s/100]
[2019-04-29 08:24:49] eseye.INFO: [http 200, ok] get -> https://esi.evetech.net/latest/characters/96013783/?datasource=tranquility [t/e: 0.06s/100]
[2019-04-29 08:24:49] eseye.INFO: [http 200, ok] get -> https://esi.evetech.net/latest/characters/2113901546/?datasource=tranquility [t/e: 0.06s/100]
[2019-04-29 08:24:49] eseye.INFO: [http 200, ok] get -> https://esi.evetech.net/latest/characters/93398375/?datasource=tranquility [t/e: 0.06s/100]
[2019-04-29 08:24:50] eseye.INFO: [http 200, ok] get -> https://esi.evetech.net/latest/characters/94880353/?datasource=tranquility [t/e: 0.07s/100]
[2019-04-29 08:24:50] eseye.INFO: [http 200, ok] get -> https://esi.evetech.net/latest/characters/94880353/?datasource=tranquility [t/e: 0.07s/100]
[2019-04-29 08:24:50] eseye.INFO: [http 200, ok] get -> https://esi.evetech.net/latest/characters/96013783/?datasource=tranquility [t/e: 0.07s/100]
[2019-04-29 08:24:50] eseye.INFO: [http 200, ok] get -> https://esi.evetech.net/latest/characters/2113614284/?datasource=tranquility [t/e: 0.07s/100]
[2019-04-29 08:24:50] eseye.INFO: [http 200, ok] get -> https://esi.evetech.net/latest/characters/2027080054/?datasource=tranquility [t/e: 0.06s/100]
[2019-04-29 08:24:50] eseye.INFO: [http 200, ok] get -> https://esi.evetech.net/latest/characters/2113614284/?datasource=tranquility [t/e: 0.06s/100]
[2019-04-29 08:24:50] eseye.INFO: [http 200, ok] get -> https://esi.evetech.net/latest/characters/1234188283/?datasource=tranquility [t/e: 0.06s/100]
[2019-04-29 08:24:50] eseye.INFO: [http 200, ok] get -> https://esi.evetech.net/latest/characters/2112599709/?datasource=tranquility [t/e: 0.06s/100]
[2019-04-29 08:24:50] eseye.INFO: [http 200, ok] get -> https://esi.evetech.net/latest/characters/2112599709/?datasource=tranquility [t/e: 0.07s/100]
[2019-04-29 08:24:50] eseye.INFO: [http 200, ok] get -> https://esi.evetech.net/latest/characters/95801394/?datasource=tranquility [t/e: 0.07s/100]
[2019-04-29 08:24:50] eseye.INFO: [http 200, ok] get -> https://esi.evetech.net/latest/characters/165386896/?datasource=tranquility [t/e: 0.07s/100]
[2019-04-29 08:24:50] eseye.INFO: [http 200, ok] get -> https://esi.evetech.net/latest/characters/2113901546/?datasource=tranquility [t/e: 0.06s/100]
[2019-04-29 08:24:50] eseye.INFO: [http 200, ok] get -> https://esi.evetech.net/latest/characters/2112599709/?datasource=tranquility [t/e: 0.06s/100]
[2019-04-29 08:24:51] eseye.INFO: [http 200, ok] get -> https://esi.evetech.net/latest/characters/1234188283/?datasource=tranquility [t/e: 0.07s/100]
[2019-04-29 08:24:51] eseye.INFO: [http 200, ok] get -> https://esi.evetech.net/latest/characters/93146323/?datasource=tranquility [t/e: 0.07s/100]
[2019-04-29 08:25:01] eseye.INFO: [http 200, ok] get -> https://esi.evetech.net/latest/characters/97253605/?datasource=tranquility [t/e: 0.07s/100]
[2019-04-29 08:25:01] eseye.INFO: [http 200, ok] get -> https://esi.evetech.net/latest/characters/2113901546/?datasource=tranquility [t/e: 0.07s/100]
[2019-04-29 08:25:02] eseye.INFO: [http 200, ok] get -> https://esi.evetech.net/latest/characters/686119010/?datasource=tranquility [t/e: 0.07s/100]
[2019-04-29 08:25:02] eseye.INFO: [http 200, ok] get -> https://esi.evetech.net/latest/characters/96013783/?datasource=tranquility [t/e: 0.06s/100]
[2019-04-29 08:25:02] eseye.INFO: [http 200, ok] get -> https://esi.evetech.net/latest/characters/2113901546/?datasource=tranquility [t/e: 0.06s/100]
[2019-04-29 08:25:02] eseye.INFO: [http 200, ok] get -> https://esi.evetech.net/latest/characters/93398375/?datasource=tranquility [t/e: 0.07s/100]
[2019-04-29 08:25:02] eseye.INFO: [http 200, ok] get -> https://esi.evetech.net/latest/characters/94880353/?datasource=tranquility [t/e: 0.06s/100]
[2019-04-29 08:25:02] eseye.INFO: [http 200, ok] get -> https://esi.evetech.net/latest/characters/94880353/?datasource=tranquility [t/e: 0.06s/100]
[2019-04-29 08:25:02] eseye.INFO: [http 200, ok] get -> https://esi.evetech.net/latest/characters/96013783/?datasource=tranquility [t/e: 0.06s/100]
[2019-04-29 08:25:02] eseye.INFO: [http 200, ok] get -> https://esi.evetech.net/latest/characters/2113614284/?datasource=tranquility [t/e: 0.07s/100]
[2019-04-29 08:25:02] eseye.INFO: [http 200, ok] get -> https://esi.evetech.net/latest/characters/2027080054/?datasource=tranquility [t/e: 0.07s/100]
[2019-04-29 08:25:02] eseye.INFO: [http 200, ok] get -> https://esi.evetech.net/latest/characters/2113614284/?datasource=tranquility [t/e: 0.06s/100]
[2019-04-29 08:25:02] eseye.INFO: [http 200, ok] get -> https://esi.evetech.net/latest/characters/1234188283/?datasource=tranquility [t/e: 0.06s/100]
[2019-04-29 08:25:02] eseye.INFO: [http 200, ok] get -> https://esi.evetech.net/latest/characters/2112599709/?datasource=tranquility [t/e: 0.09s/100]
[2019-04-29 08:25:02] eseye.INFO: [http 200, ok] get -> https://esi.evetech.net/latest/characters/2112599709/?datasource=tranquility [t/e: 0.06s/100]
[2019-04-29 08:25:03] eseye.INFO: [http 200, ok] get -> https://esi.evetech.net/latest/characters/95801394/?datasource=tranquility [t/e: 0.07s/100]
[2019-04-29 08:25:03] eseye.INFO: [http 200, ok] get -> https://esi.evetech.net/latest/characters/165386896/?datasource=tranquility [t/e: 0.06s/100]
[2019-04-29 08:25:03] eseye.INFO: [http 200, ok] get -> https://esi.evetech.net/latest/characters/2113901546/?datasource=tranquility [t/e: 0.07s/100]
[2019-04-29 08:25:03] eseye.INFO: [http 200, ok] get -> https://esi.evetech.net/latest/characters/2112599709/?datasource=tranquility [t/e: 0.06s/100]
[2019-04-29 08:25:03] eseye.INFO: [http 200, ok] get -> https://esi.evetech.net/latest/characters/1234188283/?datasource=tranquility [t/e: 0.06s/100]
[2019-04-29 08:25:03] eseye.INFO: [http 200, ok] get -> https://esi.evetech.net/latest/characters/93146323/?datasource=tranquility [t/e: 0.06s/100]
