[2019-05-01 03:02:58] eseye.INFO: [http 304, not modified] get -> https://esi.evetech.net/latest/characters/93398375/?datasource=tranquility [t/e: 0.07s/100]
[2019-05-01 03:02:59] eseye.INFO: [http 304, not modified] get -> https://esi.evetech.net/latest/characters/686119010/?datasource=tranquility [t/e: 0.06s/100]
[2019-05-01 03:02:59] eseye.INFO: [http 304, not modified] get -> https://esi.evetech.net/latest/characters/96013783/?datasource=tranquility [t/e: 0.29s/100]
[2019-05-01 03:02:59] eseye.INFO: [http 200, ok] get -> https://esi.evetech.net/latest/characters/2113901546/?datasource=tranquility [t/e: 0.21s/100]
[2019-05-01 03:02:59] eseye.INFO: [http 304, not modified] get -> https://esi.evetech.net/latest/characters/93398375/?datasource=tranquility [t/e: 0.07s/100]
[2019-05-01 03:02:59] eseye.INFO: [http 304, not modified] get -> https://esi.evetech.net/latest/characters/94880353/?datasource=tranquility [t/e: 0.22s/100]
[2019-05-01 03:02:59] eseye.INFO: [http 304, not modified] get -> https://esi.evetech.net/latest/characters/96013783/?datasource=tranquility [t/e: 0.07s/100]
[2019-05-01 03:03:00] eseye.INFO: [http 304, not modified] get -> https://esi.evetech.net/latest/characters/1234188283/?datasource=tranquility [t/e: 0.27s/100]
[2019-05-01 03:03:00] eseye.INFO: [http 304, not modified] get -> https://esi.evetech.net/latest/characters/2112599709/?datasource=tranquility [t/e: 0.11s/100]
[2019-05-01 03:03:00] eseye.INFO: [http 304, not modified] get -> https://esi.evetech.net/latest/characters/2112599709/?datasource=tranquility [t/e: 0.06s/100]
[2019-05-01 03:03:00] eseye.INFO: [http 304, not modified] get -> https://esi.evetech.net/latest/characters/95801394/?datasource=tranquility [t/e: 0.06s/100]
[2019-05-01 03:03:00] eseye.INFO: [http 304, not modified] get -> https://esi.evetech.net/latest/characters/165386896/?datasource=tranquility [t/e: 0.06s/100]
[2019-05-01 03:03:00] eseye.INFO: [http 200, ok] get -> https://esi.evetech.net/latest/characters/2113901546/?datasource=tranquility [t/e: 0.12s/100]
[2019-05-01 03:03:00] eseye.INFO: [http 304, not modified] get -> https://esi.evetech.net/latest/characters/2112599709/?datasource=tranquility [t/e: 0.07s/100]
[2019-05-01 03:03:00] eseye.INFO: [http 304, not modified] get -> https://esi.evetech.net/latest/characters/1234188283/?datasource=tranquility [t/e: 0.07s/100]
[2019-05-01 03:05:25] eseye.INFO: [http 304, not modified] get -> https://esi.evetech.net/latest/characters/93398375/?datasource=tranquility [t/e: 0.07s/100]
[2019-05-01 03:05:25] eseye.INFO: [http 304, not modified] get -> https://esi.evetech.net/latest/characters/686119010/?datasource=tranquility [t/e: 0.06s/100]
[2019-05-01 03:05:25] eseye.INFO: [http 304, not modified] get -> https://esi.evetech.net/latest/characters/96013783/?datasource=tranquility [t/e: 0.06s/100]
[2019-05-01 03:05:25] eseye.INFO: [http 200, ok] get -> https://esi.evetech.net/latest/characters/2113901546/?datasource=tranquility [t/e: 0.06s/100]
[2019-05-01 03:05:25] eseye.INFO: [http 304, not modified] get -> https://esi.evetech.net/latest/characters/93398375/?datasource=tranquility [t/e: 0.06s/100]
[2019-05-01 03:05:25] eseye.INFO: [http 304, not modified] get -> https://esi.evetech.net/latest/characters/94880353/?datasource=tranquility [t/e: 0.07s/100]
[2019-05-01 03:05:26] eseye.INFO: [http 304, not modified] get -> https://esi.evetech.net/latest/characters/96013783/?datasource=tranquility [t/e: 0.06s/100]
[2019-05-01 03:05:26] eseye.INFO: [http 304, not modified] get -> https://esi.evetech.net/latest/characters/1234188283/?datasource=tranquility [t/e: 0.07s/100]
[2019-05-01 03:05:26] eseye.INFO: [http 304, not modified] get -> https://esi.evetech.net/latest/characters/2112599709/?datasource=tranquility [t/e: 0.07s/100]
[2019-05-01 03:05:26] eseye.INFO: [http 304, not modified] get -> https://esi.evetech.net/latest/characters/2112599709/?datasource=tranquility [t/e: 0.07s/100]
[2019-05-01 03:05:26] eseye.INFO: [http 304, not modified] get -> https://esi.evetech.net/latest/characters/95801394/?datasource=tranquility [t/e: 0.07s/100]
[2019-05-01 03:05:26] eseye.INFO: [http 304, not modified] get -> https://esi.evetech.net/latest/characters/165386896/?datasource=tranquility [t/e: 0.06s/100]
[2019-05-01 03:05:26] eseye.INFO: [http 200, ok] get -> https://esi.evetech.net/latest/characters/2113901546/?datasource=tranquility [t/e: 0.07s/100]
[2019-05-01 03:05:26] eseye.INFO: [http 304, not modified] get -> https://esi.evetech.net/latest/characters/2112599709/?datasource=tranquility [t/e: 0.06s/100]
[2019-05-01 03:05:26] eseye.INFO: [http 304, not modified] get -> https://esi.evetech.net/latest/characters/1234188283/?datasource=tranquility [t/e: 0.07s/100]
[2019-05-01 03:05:38] eseye.INFO: [http 304, not modified] get -> https://esi.evetech.net/latest/characters/93398375/?datasource=tranquility [t/e: 0.10s/100]
[2019-05-01 03:05:38] eseye.INFO: [http 304, not modified] get -> https://esi.evetech.net/latest/characters/686119010/?datasource=tranquility [t/e: 0.14s/100]
[2019-05-01 03:05:38] eseye.INFO: [http 304, not modified] get -> https://esi.evetech.net/latest/characters/96013783/?datasource=tranquility [t/e: 0.06s/100]
[2019-05-01 03:05:38] eseye.INFO: [http 200, ok] get -> https://esi.evetech.net/latest/characters/2113901546/?datasource=tranquility [t/e: 0.06s/100]
[2019-05-01 03:05:38] eseye.INFO: [http 304, not modified] get -> https://esi.evetech.net/latest/characters/93398375/?datasource=tranquility [t/e: 0.07s/100]
[2019-05-01 03:05:38] eseye.INFO: [http 304, not modified] get -> https://esi.evetech.net/latest/characters/94880353/?datasource=tranquility [t/e: 0.06s/100]
[2019-05-01 03:05:39] eseye.INFO: [http 304, not modified] get -> https://esi.evetech.net/latest/characters/96013783/?datasource=tranquility [t/e: 0.07s/100]
[2019-05-01 03:05:39] eseye.INFO: [http 304, not modified] get -> https://esi.evetech.net/latest/characters/1234188283/?datasource=tranquility [t/e: 0.07s/100]
[2019-05-01 03:05:39] eseye.INFO: [http 304, not modified] get -> https://esi.evetech.net/latest/characters/2112599709/?datasource=tranquility [t/e: 0.07s/100]
[2019-05-01 03:05:39] eseye.INFO: [http 304, not modified] get -> https://esi.evetech.net/latest/characters/2112599709/?datasource=tranquility [t/e: 0.07s/100]
[2019-05-01 03:05:39] eseye.INFO: [http 304, not modified] get -> https://esi.evetech.net/latest/characters/95801394/?datasource=tranquility [t/e: 0.07s/100]
[2019-05-01 03:05:39] eseye.INFO: [http 304, not modified] get -> https://esi.evetech.net/latest/characters/165386896/?datasource=tranquility [t/e: 0.07s/100]
[2019-05-01 03:05:39] eseye.INFO: [http 200, ok] get -> https://esi.evetech.net/latest/characters/2113901546/?datasource=tranquility [t/e: 0.07s/100]
[2019-05-01 03:05:39] eseye.INFO: [http 304, not modified] get -> https://esi.evetech.net/latest/characters/2112599709/?datasource=tranquility [t/e: 0.08s/100]
[2019-05-01 03:05:39] eseye.INFO: [http 304, not modified] get -> https://esi.evetech.net/latest/characters/1234188283/?datasource=tranquility [t/e: 0.07s/100]
[2019-05-01 03:06:29] eseye.INFO: [http 304, not modified] get -> https://esi.evetech.net/latest/characters/93398375/?datasource=tranquility [t/e: 0.07s/100]
[2019-05-01 03:06:29] eseye.INFO: [http 304, not modified] get -> https://esi.evetech.net/latest/characters/686119010/?datasource=tranquility [t/e: 0.06s/100]
[2019-05-01 03:06:30] eseye.INFO: [http 304, not modified] get -> https://esi.evetech.net/latest/characters/96013783/?datasource=tranquility [t/e: 0.06s/100]
[2019-05-01 03:06:30] eseye.INFO: [http 200, ok] get -> https://esi.evetech.net/latest/characters/2113901546/?datasource=tranquility [t/e: 0.09s/100]
[2019-05-01 03:06:30] eseye.INFO: [http 304, not modified] get -> https://esi.evetech.net/latest/characters/93398375/?datasource=tranquility [t/e: 0.07s/100]
[2019-05-01 03:06:30] eseye.INFO: [http 304, not modified] get -> https://esi.evetech.net/latest/characters/94880353/?datasource=tranquility [t/e: 0.07s/100]
[2019-05-01 03:06:30] eseye.INFO: [http 304, not modified] get -> https://esi.evetech.net/latest/characters/96013783/?datasource=tranquility [t/e: 0.06s/100]
[2019-05-01 03:06:30] eseye.INFO: [http 304, not modified] get -> https://esi.evetech.net/latest/characters/1234188283/?datasource=tranquility [t/e: 0.07s/100]
[2019-05-01 03:06:30] eseye.INFO: [http 304, not modified] get -> https://esi.evetech.net/latest/characters/2112599709/?datasource=tranquility [t/e: 0.07s/100]
[2019-05-01 03:06:30] eseye.INFO: [http 304, not modified] get -> https://esi.evetech.net/latest/characters/2112599709/?datasource=tranquility [t/e: 0.06s/100]
[2019-05-01 03:06:30] eseye.INFO: [http 304, not modified] get -> https://esi.evetech.net/latest/characters/95801394/?datasource=tranquility [t/e: 0.08s/100]
[2019-05-01 03:06:30] eseye.INFO: [http 304, not modified] get -> https://esi.evetech.net/latest/characters/165386896/?datasource=tranquility [t/e: 0.07s/100]
[2019-05-01 03:06:30] eseye.INFO: [http 200, ok] get -> https://esi.evetech.net/latest/characters/2113901546/?datasource=tranquility [t/e: 0.06s/100]
[2019-05-01 03:06:30] eseye.INFO: [http 304, not modified] get -> https://esi.evetech.net/latest/characters/2112599709/?datasource=tranquility [t/e: 0.07s/100]
[2019-05-01 03:06:30] eseye.INFO: [http 304, not modified] get -> https://esi.evetech.net/latest/characters/1234188283/?datasource=tranquility [t/e: 0.07s/100]
[2019-05-01 03:07:24] eseye.INFO: [http 304, not modified] get -> https://esi.evetech.net/latest/characters/93398375/?datasource=tranquility [t/e: 0.09s/100]
[2019-05-01 03:07:24] eseye.INFO: [http 304, not modified] get -> https://esi.evetech.net/latest/characters/686119010/?datasource=tranquility [t/e: 0.07s/100]
[2019-05-01 03:07:24] eseye.INFO: [http 304, not modified] get -> https://esi.evetech.net/latest/characters/96013783/?datasource=tranquility [t/e: 0.08s/100]
[2019-05-01 03:07:24] eseye.INFO: [http 200, ok] get -> https://esi.evetech.net/latest/characters/2113901546/?datasource=tranquility [t/e: 0.07s/100]
[2019-05-01 03:07:24] eseye.INFO: [http 304, not modified] get -> https://esi.evetech.net/latest/characters/93398375/?datasource=tranquility [t/e: 0.06s/100]
[2019-05-01 03:07:24] eseye.INFO: [http 304, not modified] get -> https://esi.evetech.net/latest/characters/94880353/?datasource=tranquility [t/e: 0.07s/100]
[2019-05-01 03:07:24] eseye.INFO: [http 304, not modified] get -> https://esi.evetech.net/latest/characters/96013783/?datasource=tranquility [t/e: 0.06s/100]
[2019-05-01 03:07:24] eseye.INFO: [http 304, not modified] get -> https://esi.evetech.net/latest/characters/1234188283/?datasource=tranquility [t/e: 0.06s/100]
[2019-05-01 03:07:24] eseye.INFO: [http 304, not modified] get -> https://esi.evetech.net/latest/characters/2112599709/?datasource=tranquility [t/e: 0.06s/100]
[2019-05-01 03:07:24] eseye.INFO: [http 304, not modified] get -> https://esi.evetech.net/latest/characters/2112599709/?datasource=tranquility [t/e: 0.07s/100]
[2019-05-01 03:07:24] eseye.INFO: [http 304, not modified] get -> https://esi.evetech.net/latest/characters/95801394/?datasource=tranquility [t/e: 0.06s/100]
[2019-05-01 03:07:24] eseye.INFO: [http 304, not modified] get -> https://esi.evetech.net/latest/characters/165386896/?datasource=tranquility [t/e: 0.07s/100]
[2019-05-01 03:07:24] eseye.INFO: [http 200, ok] get -> https://esi.evetech.net/latest/characters/2113901546/?datasource=tranquility [t/e: 0.07s/100]
[2019-05-01 03:07:25] eseye.INFO: [http 304, not modified] get -> https://esi.evetech.net/latest/characters/2112599709/?datasource=tranquility [t/e: 0.07s/100]
[2019-05-01 03:07:25] eseye.INFO: [http 304, not modified] get -> https://esi.evetech.net/latest/characters/1234188283/?datasource=tranquility [t/e: 0.07s/100]
[2019-05-01 03:07:35] eseye.INFO: [http 304, not modified] get -> https://esi.evetech.net/latest/characters/93398375/?datasource=tranquility [t/e: 0.07s/100]
[2019-05-01 03:07:35] eseye.INFO: [http 304, not modified] get -> https://esi.evetech.net/latest/characters/686119010/?datasource=tranquility [t/e: 0.07s/100]
[2019-05-01 03:07:35] eseye.INFO: [http 304, not modified] get -> https://esi.evetech.net/latest/characters/96013783/?datasource=tranquility [t/e: 0.06s/100]
[2019-05-01 03:07:35] eseye.INFO: [http 200, ok] get -> https://esi.evetech.net/latest/characters/2113901546/?datasource=tranquility [t/e: 0.07s/100]
[2019-05-01 03:07:35] eseye.INFO: [http 304, not modified] get -> https://esi.evetech.net/latest/characters/93398375/?datasource=tranquility [t/e: 0.06s/100]
[2019-05-01 03:07:35] eseye.INFO: [http 304, not modified] get -> https://esi.evetech.net/latest/characters/94880353/?datasource=tranquility [t/e: 0.07s/100]
[2019-05-01 03:07:35] eseye.INFO: [http 304, not modified] get -> https://esi.evetech.net/latest/characters/96013783/?datasource=tranquility [t/e: 0.07s/100]
[2019-05-01 03:07:35] eseye.INFO: [http 304, not modified] get -> https://esi.evetech.net/latest/characters/1234188283/?datasource=tranquility [t/e: 0.07s/100]
[2019-05-01 03:07:35] eseye.INFO: [http 304, not modified] get -> https://esi.evetech.net/latest/characters/2112599709/?datasource=tranquility [t/e: 0.06s/100]
[2019-05-01 03:07:35] eseye.INFO: [http 304, not modified] get -> https://esi.evetech.net/latest/characters/2112599709/?datasource=tranquility [t/e: 0.07s/100]
[2019-05-01 03:07:35] eseye.INFO: [http 304, not modified] get -> https://esi.evetech.net/latest/characters/95801394/?datasource=tranquility [t/e: 0.07s/100]
[2019-05-01 03:07:35] eseye.INFO: [http 304, not modified] get -> https://esi.evetech.net/latest/characters/165386896/?datasource=tranquility [t/e: 0.07s/100]
[2019-05-01 03:07:36] eseye.INFO: [http 200, ok] get -> https://esi.evetech.net/latest/characters/2113901546/?datasource=tranquility [t/e: 0.07s/100]
[2019-05-01 03:07:36] eseye.INFO: [http 304, not modified] get -> https://esi.evetech.net/latest/characters/2112599709/?datasource=tranquility [t/e: 0.07s/100]
[2019-05-01 03:07:36] eseye.INFO: [http 304, not modified] get -> https://esi.evetech.net/latest/characters/1234188283/?datasource=tranquility [t/e: 0.06s/100]
[2019-05-01 03:08:30] eseye.INFO: [http 304, not modified] get -> https://esi.evetech.net/latest/characters/93398375/?datasource=tranquility [t/e: 0.09s/100]
[2019-05-01 03:08:30] eseye.INFO: [http 304, not modified] get -> https://esi.evetech.net/latest/characters/686119010/?datasource=tranquility [t/e: 0.06s/100]
[2019-05-01 03:08:31] eseye.INFO: [http 304, not modified] get -> https://esi.evetech.net/latest/characters/96013783/?datasource=tranquility [t/e: 0.06s/100]
[2019-05-01 03:08:31] eseye.INFO: [http 200, ok] get -> https://esi.evetech.net/latest/characters/2113901546/?datasource=tranquility [t/e: 0.07s/100]
[2019-05-01 03:08:31] eseye.INFO: [http 304, not modified] get -> https://esi.evetech.net/latest/characters/93398375/?datasource=tranquility [t/e: 0.06s/100]
[2019-05-01 03:08:31] eseye.INFO: [http 304, not modified] get -> https://esi.evetech.net/latest/characters/94880353/?datasource=tranquility [t/e: 0.07s/100]
[2019-05-01 03:08:31] eseye.INFO: [http 304, not modified] get -> https://esi.evetech.net/latest/characters/96013783/?datasource=tranquility [t/e: 0.06s/100]
[2019-05-01 03:08:31] eseye.INFO: [http 304, not modified] get -> https://esi.evetech.net/latest/characters/1234188283/?datasource=tranquility [t/e: 0.09s/100]
[2019-05-01 03:08:31] eseye.INFO: [http 304, not modified] get -> https://esi.evetech.net/latest/characters/2112599709/?datasource=tranquility [t/e: 0.06s/100]
[2019-05-01 03:08:31] eseye.INFO: [http 304, not modified] get -> https://esi.evetech.net/latest/characters/2112599709/?datasource=tranquility [t/e: 0.06s/100]
[2019-05-01 03:08:31] eseye.INFO: [http 304, not modified] get -> https://esi.evetech.net/latest/characters/95801394/?datasource=tranquility [t/e: 0.06s/100]
[2019-05-01 03:08:31] eseye.INFO: [http 304, not modified] get -> https://esi.evetech.net/latest/characters/165386896/?datasource=tranquility [t/e: 0.07s/100]
[2019-05-01 03:08:31] eseye.INFO: [http 200, ok] get -> https://esi.evetech.net/latest/characters/2113901546/?datasource=tranquility [t/e: 0.06s/100]
[2019-05-01 03:08:31] eseye.INFO: [http 304, not modified] get -> https://esi.evetech.net/latest/characters/2112599709/?datasource=tranquility [t/e: 0.07s/100]
[2019-05-01 03:08:31] eseye.INFO: [http 304, not modified] get -> https://esi.evetech.net/latest/characters/1234188283/?datasource=tranquility [t/e: 0.07s/100]
[2019-05-01 03:08:40] eseye.INFO: [http 304, not modified] get -> https://esi.evetech.net/latest/characters/93398375/?datasource=tranquility [t/e: 0.07s/100]
[2019-05-01 03:08:40] eseye.INFO: [http 304, not modified] get -> https://esi.evetech.net/latest/characters/686119010/?datasource=tranquility [t/e: 0.07s/100]
[2019-05-01 03:08:40] eseye.INFO: [http 304, not modified] get -> https://esi.evetech.net/latest/characters/96013783/?datasource=tranquility [t/e: 0.06s/100]
[2019-05-01 03:08:40] eseye.INFO: [http 200, ok] get -> https://esi.evetech.net/latest/characters/2113901546/?datasource=tranquility [t/e: 0.07s/100]
[2019-05-01 03:08:40] eseye.INFO: [http 304, not modified] get -> https://esi.evetech.net/latest/characters/93398375/?datasource=tranquility [t/e: 0.07s/100]
[2019-05-01 03:08:40] eseye.INFO: [http 304, not modified] get -> https://esi.evetech.net/latest/characters/94880353/?datasource=tranquility [t/e: 0.07s/100]
[2019-05-01 03:08:41] eseye.INFO: [http 304, not modified] get -> https://esi.evetech.net/latest/characters/96013783/?datasource=tranquility [t/e: 0.07s/100]
[2019-05-01 03:08:41] eseye.INFO: [http 304, not modified] get -> https://esi.evetech.net/latest/characters/1234188283/?datasource=tranquility [t/e: 0.06s/100]
[2019-05-01 03:08:41] eseye.INFO: [http 304, not modified] get -> https://esi.evetech.net/latest/characters/2112599709/?datasource=tranquility [t/e: 0.07s/100]
[2019-05-01 03:08:41] eseye.INFO: [http 304, not modified] get -> https://esi.evetech.net/latest/characters/2112599709/?datasource=tranquility [t/e: 0.09s/100]
[2019-05-01 03:08:41] eseye.INFO: [http 304, not modified] get -> https://esi.evetech.net/latest/characters/95801394/?datasource=tranquility [t/e: 0.08s/100]
[2019-05-01 03:08:41] eseye.INFO: [http 304, not modified] get -> https://esi.evetech.net/latest/characters/165386896/?datasource=tranquility [t/e: 0.07s/100]
[2019-05-01 03:08:41] eseye.INFO: [http 200, ok] get -> https://esi.evetech.net/latest/characters/2113901546/?datasource=tranquility [t/e: 0.08s/100]
[2019-05-01 03:08:41] eseye.INFO: [http 304, not modified] get -> https://esi.evetech.net/latest/characters/2112599709/?datasource=tranquility [t/e: 0.06s/100]
[2019-05-01 03:08:41] eseye.INFO: [http 304, not modified] get -> https://esi.evetech.net/latest/characters/1234188283/?datasource=tranquility [t/e: 0.07s/100]
[2019-05-01 03:09:07] eseye.INFO: [http 304, not modified] get -> https://esi.evetech.net/latest/characters/93398375/?datasource=tranquility [t/e: 0.07s/100]
[2019-05-01 03:09:07] eseye.INFO: [http 304, not modified] get -> https://esi.evetech.net/latest/characters/686119010/?datasource=tranquility [t/e: 0.07s/100]
[2019-05-01 03:09:07] eseye.INFO: [http 304, not modified] get -> https://esi.evetech.net/latest/characters/96013783/?datasource=tranquility [t/e: 0.07s/100]
[2019-05-01 03:09:07] eseye.INFO: [http 200, ok] get -> https://esi.evetech.net/latest/characters/2113901546/?datasource=tranquility [t/e: 0.07s/100]
[2019-05-01 03:09:07] eseye.INFO: [http 304, not modified] get -> https://esi.evetech.net/latest/characters/93398375/?datasource=tranquility [t/e: 0.07s/100]
[2019-05-01 03:09:07] eseye.INFO: [http 304, not modified] get -> https://esi.evetech.net/latest/characters/94880353/?datasource=tranquility [t/e: 0.06s/100]
[2019-05-01 03:09:07] eseye.INFO: [http 304, not modified] get -> https://esi.evetech.net/latest/characters/96013783/?datasource=tranquility [t/e: 0.06s/100]
[2019-05-01 03:09:07] eseye.INFO: [http 304, not modified] get -> https://esi.evetech.net/latest/characters/1234188283/?datasource=tranquility [t/e: 0.07s/100]
[2019-05-01 03:09:07] eseye.INFO: [http 304, not modified] get -> https://esi.evetech.net/latest/characters/2112599709/?datasource=tranquility [t/e: 0.07s/100]
[2019-05-01 03:09:07] eseye.INFO: [http 304, not modified] get -> https://esi.evetech.net/latest/characters/2112599709/?datasource=tranquility [t/e: 0.06s/100]
[2019-05-01 03:09:07] eseye.INFO: [http 304, not modified] get -> https://esi.evetech.net/latest/characters/95801394/?datasource=tranquility [t/e: 0.06s/100]
[2019-05-01 03:09:07] eseye.INFO: [http 304, not modified] get -> https://esi.evetech.net/latest/characters/165386896/?datasource=tranquility [t/e: 0.07s/100]
[2019-05-01 03:09:07] eseye.INFO: [http 200, ok] get -> https://esi.evetech.net/latest/characters/2113901546/?datasource=tranquility [t/e: 0.06s/100]
[2019-05-01 03:09:08] eseye.INFO: [http 304, not modified] get -> https://esi.evetech.net/latest/characters/2112599709/?datasource=tranquility [t/e: 0.06s/100]
[2019-05-01 03:09:08] eseye.INFO: [http 304, not modified] get -> https://esi.evetech.net/latest/characters/1234188283/?datasource=tranquility [t/e: 0.06s/100]
[2019-05-01 03:09:16] eseye.INFO: [http 304, not modified] get -> https://esi.evetech.net/latest/characters/93398375/?datasource=tranquility [t/e: 0.07s/100]
[2019-05-01 03:09:16] eseye.INFO: [http 304, not modified] get -> https://esi.evetech.net/latest/characters/686119010/?datasource=tranquility [t/e: 0.06s/100]
[2019-05-01 03:09:16] eseye.INFO: [http 304, not modified] get -> https://esi.evetech.net/latest/characters/96013783/?datasource=tranquility [t/e: 0.06s/100]
[2019-05-01 03:09:17] eseye.INFO: [http 200, ok] get -> https://esi.evetech.net/latest/characters/2113901546/?datasource=tranquility [t/e: 0.10s/100]
[2019-05-01 03:09:17] eseye.INFO: [http 304, not modified] get -> https://esi.evetech.net/latest/characters/93398375/?datasource=tranquility [t/e: 0.07s/100]
[2019-05-01 03:09:17] eseye.INFO: [http 304, not modified] get -> https://esi.evetech.net/latest/characters/94880353/?datasource=tranquility [t/e: 0.06s/100]
[2019-05-01 03:09:17] eseye.INFO: [http 304, not modified] get -> https://esi.evetech.net/latest/characters/96013783/?datasource=tranquility [t/e: 0.07s/100]
[2019-05-01 03:09:17] eseye.INFO: [http 304, not modified] get -> https://esi.evetech.net/latest/characters/1234188283/?datasource=tranquility [t/e: 0.07s/100]
[2019-05-01 03:09:17] eseye.INFO: [http 304, not modified] get -> https://esi.evetech.net/latest/characters/2112599709/?datasource=tranquility [t/e: 0.08s/100]
[2019-05-01 03:09:17] eseye.INFO: [http 304, not modified] get -> https://esi.evetech.net/latest/characters/2112599709/?datasource=tranquility [t/e: 0.07s/100]
[2019-05-01 03:09:17] eseye.INFO: [http 304, not modified] get -> https://esi.evetech.net/latest/characters/95801394/?datasource=tranquility [t/e: 0.06s/100]
[2019-05-01 03:09:17] eseye.INFO: [http 304, not modified] get -> https://esi.evetech.net/latest/characters/165386896/?datasource=tranquility [t/e: 0.07s/100]
[2019-05-01 03:09:17] eseye.INFO: [http 200, ok] get -> https://esi.evetech.net/latest/characters/2113901546/?datasource=tranquility [t/e: 0.06s/100]
[2019-05-01 03:09:17] eseye.INFO: [http 304, not modified] get -> https://esi.evetech.net/latest/characters/2112599709/?datasource=tranquility [t/e: 0.07s/100]
[2019-05-01 03:09:17] eseye.INFO: [http 304, not modified] get -> https://esi.evetech.net/latest/characters/1234188283/?datasource=tranquility [t/e: 0.06s/100]
[2019-05-01 03:09:30] eseye.INFO: [http 304, not modified] get -> https://esi.evetech.net/latest/characters/93398375/?datasource=tranquility [t/e: 0.07s/100]
[2019-05-01 03:09:30] eseye.INFO: [http 304, not modified] get -> https://esi.evetech.net/latest/characters/686119010/?datasource=tranquility [t/e: 0.07s/100]
[2019-05-01 03:09:30] eseye.INFO: [http 304, not modified] get -> https://esi.evetech.net/latest/characters/96013783/?datasource=tranquility [t/e: 0.07s/100]
[2019-05-01 03:09:30] eseye.INFO: [http 200, ok] get -> https://esi.evetech.net/latest/characters/2113901546/?datasource=tranquility [t/e: 0.08s/100]
[2019-05-01 03:09:30] eseye.INFO: [http 304, not modified] get -> https://esi.evetech.net/latest/characters/93398375/?datasource=tranquility [t/e: 0.06s/100]
[2019-05-01 03:09:30] eseye.INFO: [http 304, not modified] get -> https://esi.evetech.net/latest/characters/94880353/?datasource=tranquility [t/e: 0.09s/100]
[2019-05-01 03:09:30] eseye.INFO: [http 304, not modified] get -> https://esi.evetech.net/latest/characters/96013783/?datasource=tranquility [t/e: 0.07s/100]
[2019-05-01 03:09:31] eseye.INFO: [http 304, not modified] get -> https://esi.evetech.net/latest/characters/1234188283/?datasource=tranquility [t/e: 0.07s/100]
[2019-05-01 03:09:31] eseye.INFO: [http 304, not modified] get -> https://esi.evetech.net/latest/characters/2112599709/?datasource=tranquility [t/e: 0.06s/100]
[2019-05-01 03:09:31] eseye.INFO: [http 304, not modified] get -> https://esi.evetech.net/latest/characters/2112599709/?datasource=tranquility [t/e: 0.06s/100]
[2019-05-01 03:09:31] eseye.INFO: [http 304, not modified] get -> https://esi.evetech.net/latest/characters/95801394/?datasource=tranquility [t/e: 0.07s/100]
[2019-05-01 03:09:31] eseye.INFO: [http 304, not modified] get -> https://esi.evetech.net/latest/characters/165386896/?datasource=tranquility [t/e: 0.06s/100]
[2019-05-01 03:09:31] eseye.INFO: [http 200, ok] get -> https://esi.evetech.net/latest/characters/2113901546/?datasource=tranquility [t/e: 0.07s/100]
[2019-05-01 03:09:31] eseye.INFO: [http 304, not modified] get -> https://esi.evetech.net/latest/characters/2112599709/?datasource=tranquility [t/e: 0.07s/100]
[2019-05-01 03:09:31] eseye.INFO: [http 304, not modified] get -> https://esi.evetech.net/latest/characters/1234188283/?datasource=tranquility [t/e: 0.07s/100]
[2019-05-01 03:09:49] eseye.INFO: [http 304, not modified] get -> https://esi.evetech.net/latest/characters/93398375/?datasource=tranquility [t/e: 0.08s/100]
[2019-05-01 03:09:49] eseye.INFO: [http 304, not modified] get -> https://esi.evetech.net/latest/characters/686119010/?datasource=tranquility [t/e: 0.07s/100]
[2019-05-01 03:09:49] eseye.INFO: [http 304, not modified] get -> https://esi.evetech.net/latest/characters/96013783/?datasource=tranquility [t/e: 0.09s/100]
[2019-05-01 03:09:49] eseye.INFO: [http 200, ok] get -> https://esi.evetech.net/latest/characters/2113901546/?datasource=tranquility [t/e: 0.07s/100]
[2019-05-01 03:09:50] eseye.INFO: [http 304, not modified] get -> https://esi.evetech.net/latest/characters/93398375/?datasource=tranquility [t/e: 0.08s/100]
[2019-05-01 03:09:50] eseye.INFO: [http 304, not modified] get -> https://esi.evetech.net/latest/characters/94880353/?datasource=tranquility [t/e: 0.07s/100]
[2019-05-01 03:09:50] eseye.INFO: [http 304, not modified] get -> https://esi.evetech.net/latest/characters/96013783/?datasource=tranquility [t/e: 0.07s/100]
[2019-05-01 03:09:50] eseye.INFO: [http 304, not modified] get -> https://esi.evetech.net/latest/characters/1234188283/?datasource=tranquility [t/e: 0.07s/100]
[2019-05-01 03:09:50] eseye.INFO: [http 304, not modified] get -> https://esi.evetech.net/latest/characters/2112599709/?datasource=tranquility [t/e: 0.08s/100]
[2019-05-01 03:09:50] eseye.INFO: [http 304, not modified] get -> https://esi.evetech.net/latest/characters/2112599709/?datasource=tranquility [t/e: 0.07s/100]
[2019-05-01 03:09:50] eseye.INFO: [http 304, not modified] get -> https://esi.evetech.net/latest/characters/95801394/?datasource=tranquility [t/e: 0.07s/100]
[2019-05-01 03:09:50] eseye.INFO: [http 304, not modified] get -> https://esi.evetech.net/latest/characters/165386896/?datasource=tranquility [t/e: 0.08s/100]
[2019-05-01 03:09:50] eseye.INFO: [http 200, ok] get -> https://esi.evetech.net/latest/characters/2113901546/?datasource=tranquility [t/e: 0.07s/100]
[2019-05-01 03:09:50] eseye.INFO: [http 304, not modified] get -> https://esi.evetech.net/latest/characters/2112599709/?datasource=tranquility [t/e: 0.06s/100]
[2019-05-01 03:09:50] eseye.INFO: [http 304, not modified] get -> https://esi.evetech.net/latest/characters/1234188283/?datasource=tranquility [t/e: 0.09s/100]
[2019-05-01 03:10:32] eseye.INFO: [http 304, not modified] get -> https://esi.evetech.net/latest/characters/93398375/?datasource=tranquility [t/e: 0.07s/100]
[2019-05-01 03:10:32] eseye.INFO: [http 304, not modified] get -> https://esi.evetech.net/latest/characters/686119010/?datasource=tranquility [t/e: 0.07s/100]
[2019-05-01 03:10:32] eseye.INFO: [http 304, not modified] get -> https://esi.evetech.net/latest/characters/96013783/?datasource=tranquility [t/e: 0.06s/100]
[2019-05-01 03:10:32] eseye.INFO: [http 200, ok] get -> https://esi.evetech.net/latest/characters/2113901546/?datasource=tranquility [t/e: 0.07s/100]
[2019-05-01 03:10:32] eseye.INFO: [http 304, not modified] get -> https://esi.evetech.net/latest/characters/93398375/?datasource=tranquility [t/e: 0.07s/100]
[2019-05-01 03:10:32] eseye.INFO: [http 304, not modified] get -> https://esi.evetech.net/latest/characters/94880353/?datasource=tranquility [t/e: 0.06s/100]
[2019-05-01 03:10:32] eseye.INFO: [http 304, not modified] get -> https://esi.evetech.net/latest/characters/96013783/?datasource=tranquility [t/e: 0.07s/100]
[2019-05-01 03:10:32] eseye.INFO: [http 304, not modified] get -> https://esi.evetech.net/latest/characters/1234188283/?datasource=tranquility [t/e: 0.07s/100]
[2019-05-01 03:10:33] eseye.INFO: [http 304, not modified] get -> https://esi.evetech.net/latest/characters/2112599709/?datasource=tranquility [t/e: 0.07s/100]
[2019-05-01 03:10:33] eseye.INFO: [http 304, not modified] get -> https://esi.evetech.net/latest/characters/2112599709/?datasource=tranquility [t/e: 0.07s/100]
[2019-05-01 03:10:33] eseye.INFO: [http 304, not modified] get -> https://esi.evetech.net/latest/characters/95801394/?datasource=tranquility [t/e: 0.07s/100]
[2019-05-01 03:10:33] eseye.INFO: [http 304, not modified] get -> https://esi.evetech.net/latest/characters/165386896/?datasource=tranquility [t/e: 0.07s/100]
[2019-05-01 03:10:33] eseye.INFO: [http 200, ok] get -> https://esi.evetech.net/latest/characters/2113901546/?datasource=tranquility [t/e: 0.08s/100]
[2019-05-01 03:10:33] eseye.INFO: [http 304, not modified] get -> https://esi.evetech.net/latest/characters/2112599709/?datasource=tranquility [t/e: 0.07s/100]
[2019-05-01 03:10:33] eseye.INFO: [http 304, not modified] get -> https://esi.evetech.net/latest/characters/1234188283/?datasource=tranquility [t/e: 0.07s/100]
[2019-05-01 03:10:43] eseye.INFO: [http 304, not modified] get -> https://esi.evetech.net/latest/characters/93398375/?datasource=tranquility [t/e: 0.07s/100]
[2019-05-01 03:10:43] eseye.INFO: [http 304, not modified] get -> https://esi.evetech.net/latest/characters/686119010/?datasource=tranquility [t/e: 0.07s/100]
[2019-05-01 03:10:43] eseye.INFO: [http 304, not modified] get -> https://esi.evetech.net/latest/characters/96013783/?datasource=tranquility [t/e: 0.07s/100]
[2019-05-01 03:10:43] eseye.INFO: [http 200, ok] get -> https://esi.evetech.net/latest/characters/2113901546/?datasource=tranquility [t/e: 0.07s/100]
[2019-05-01 03:10:43] eseye.INFO: [http 304, not modified] get -> https://esi.evetech.net/latest/characters/93398375/?datasource=tranquility [t/e: 0.07s/100]
[2019-05-01 03:10:43] eseye.INFO: [http 304, not modified] get -> https://esi.evetech.net/latest/characters/94880353/?datasource=tranquility [t/e: 0.08s/100]
[2019-05-01 03:10:43] eseye.INFO: [http 304, not modified] get -> https://esi.evetech.net/latest/characters/96013783/?datasource=tranquility [t/e: 0.06s/100]
[2019-05-01 03:10:43] eseye.INFO: [http 304, not modified] get -> https://esi.evetech.net/latest/characters/1234188283/?datasource=tranquility [t/e: 0.06s/100]
[2019-05-01 03:10:44] eseye.INFO: [http 304, not modified] get -> https://esi.evetech.net/latest/characters/2112599709/?datasource=tranquility [t/e: 0.06s/100]
[2019-05-01 03:10:44] eseye.INFO: [http 304, not modified] get -> https://esi.evetech.net/latest/characters/2112599709/?datasource=tranquility [t/e: 0.07s/100]
[2019-05-01 03:10:44] eseye.INFO: [http 304, not modified] get -> https://esi.evetech.net/latest/characters/95801394/?datasource=tranquility [t/e: 0.06s/100]
[2019-05-01 03:10:44] eseye.INFO: [http 304, not modified] get -> https://esi.evetech.net/latest/characters/165386896/?datasource=tranquility [t/e: 0.07s/100]
[2019-05-01 03:10:44] eseye.INFO: [http 200, ok] get -> https://esi.evetech.net/latest/characters/2113901546/?datasource=tranquility [t/e: 0.06s/100]
[2019-05-01 03:10:44] eseye.INFO: [http 304, not modified] get -> https://esi.evetech.net/latest/characters/2112599709/?datasource=tranquility [t/e: 0.07s/100]
[2019-05-01 03:10:44] eseye.INFO: [http 304, not modified] get -> https://esi.evetech.net/latest/characters/1234188283/?datasource=tranquility [t/e: 0.08s/100]
[2019-05-01 03:11:54] eseye.INFO: [http 200, ok] get -> https://esi.evetech.net/latest/search/?datasource=tranquility&categories=character&search=Rock+Onzo&strict=true [t/e: 0.15s/100]
[2019-05-01 03:11:54] eseye.INFO: [http 200, ok] get -> https://esi.evetech.net/latest/corporations/98326827/?datasource=tranquility [t/e: 0.06s/100]
[2019-05-01 03:11:54] eseye.INFO: [http 200, ok] get -> https://esi.evetech.net/latest/alliances/99004116/?datasource=tranquility [t/e: 0.02s/100]
[2019-05-01 03:12:09] eseye.INFO: [http 304, not modified] get -> https://esi.evetech.net/latest/characters/93398375/?datasource=tranquility [t/e: 0.07s/100]
[2019-05-01 03:12:09] eseye.INFO: [http 304, not modified] get -> https://esi.evetech.net/latest/characters/686119010/?datasource=tranquility [t/e: 0.06s/100]
[2019-05-01 03:12:09] eseye.INFO: [http 304, not modified] get -> https://esi.evetech.net/latest/characters/96013783/?datasource=tranquility [t/e: 0.07s/100]
[2019-05-01 03:12:09] eseye.INFO: [http 200, ok] get -> https://esi.evetech.net/latest/characters/2113901546/?datasource=tranquility [t/e: 0.07s/100]
[2019-05-01 03:12:09] eseye.INFO: [http 304, not modified] get -> https://esi.evetech.net/latest/characters/93398375/?datasource=tranquility [t/e: 0.06s/100]
[2019-05-01 03:12:09] eseye.INFO: [http 304, not modified] get -> https://esi.evetech.net/latest/characters/94880353/?datasource=tranquility [t/e: 0.06s/100]
[2019-05-01 03:12:10] eseye.INFO: [http 304, not modified] get -> https://esi.evetech.net/latest/characters/96013783/?datasource=tranquility [t/e: 0.07s/100]
[2019-05-01 03:12:10] eseye.INFO: [http 200, ok] get -> https://esi.evetech.net/latest/characters/92947432/?datasource=tranquility [t/e: 0.07s/100]
[2019-05-01 03:12:10] eseye.INFO: [http 304, not modified] get -> https://esi.evetech.net/latest/characters/1234188283/?datasource=tranquility [t/e: 0.07s/100]
[2019-05-01 03:12:10] eseye.INFO: [http 304, not modified] get -> https://esi.evetech.net/latest/characters/2112599709/?datasource=tranquility [t/e: 0.07s/100]
[2019-05-01 03:12:10] eseye.INFO: [http 304, not modified] get -> https://esi.evetech.net/latest/characters/2112599709/?datasource=tranquility [t/e: 0.06s/100]
[2019-05-01 03:12:10] eseye.INFO: [http 304, not modified] get -> https://esi.evetech.net/latest/characters/95801394/?datasource=tranquility [t/e: 0.06s/100]
[2019-05-01 03:12:10] eseye.INFO: [http 304, not modified] get -> https://esi.evetech.net/latest/characters/165386896/?datasource=tranquility [t/e: 0.08s/100]
[2019-05-01 03:12:10] eseye.INFO: [http 200, ok] get -> https://esi.evetech.net/latest/characters/2113901546/?datasource=tranquility [t/e: 0.09s/100]
[2019-05-01 03:12:10] eseye.INFO: [http 304, not modified] get -> https://esi.evetech.net/latest/characters/2112599709/?datasource=tranquility [t/e: 0.07s/100]
[2019-05-01 03:12:10] eseye.INFO: [http 304, not modified] get -> https://esi.evetech.net/latest/characters/1234188283/?datasource=tranquility [t/e: 0.08s/100]
[2019-05-01 03:25:30] eseye.INFO: [http 200, ok] get -> https://esi.evetech.net/latest/search/?datasource=tranquility&categories=character&search=Bubbarabb+Stjames&strict=true [t/e: 0.15s/100]
[2019-05-01 03:25:38] eseye.INFO: [http 304, not modified] get -> https://esi.evetech.net/latest/characters/97253605/?datasource=tranquility [t/e: 0.06s/100]
[2019-05-01 03:25:38] eseye.INFO: [http 304, not modified] get -> https://esi.evetech.net/latest/characters/93398375/?datasource=tranquility [t/e: 0.09s/100]
[2019-05-01 03:25:38] eseye.INFO: [http 304, not modified] get -> https://esi.evetech.net/latest/characters/686119010/?datasource=tranquility [t/e: 0.06s/100]
[2019-05-01 03:25:38] eseye.INFO: [http 304, not modified] get -> https://esi.evetech.net/latest/characters/96013783/?datasource=tranquility [t/e: 0.07s/100]
[2019-05-01 03:25:38] eseye.INFO: [http 200, ok] get -> https://esi.evetech.net/latest/characters/2113901546/?datasource=tranquility [t/e: 0.07s/100]
[2019-05-01 03:25:38] eseye.INFO: [http 304, not modified] get -> https://esi.evetech.net/latest/characters/93398375/?datasource=tranquility [t/e: 0.06s/100]
[2019-05-01 03:25:39] eseye.INFO: [http 304, not modified] get -> https://esi.evetech.net/latest/characters/94880353/?datasource=tranquility [t/e: 0.06s/100]
[2019-05-01 03:25:39] eseye.INFO: [http 304, not modified] get -> https://esi.evetech.net/latest/characters/96013783/?datasource=tranquility [t/e: 0.06s/100]
[2019-05-01 03:25:39] eseye.INFO: [http 200, ok] get -> https://esi.evetech.net/latest/characters/92947432/?datasource=tranquility [t/e: 0.07s/100]
[2019-05-01 03:25:39] eseye.INFO: [http 304, not modified] get -> https://esi.evetech.net/latest/characters/1234188283/?datasource=tranquility [t/e: 0.06s/100]
[2019-05-01 03:25:39] eseye.INFO: [http 304, not modified] get -> https://esi.evetech.net/latest/characters/2112599709/?datasource=tranquility [t/e: 0.06s/100]
[2019-05-01 03:25:39] eseye.INFO: [http 304, not modified] get -> https://esi.evetech.net/latest/characters/2112599709/?datasource=tranquility [t/e: 0.06s/100]
[2019-05-01 03:25:39] eseye.INFO: [http 304, not modified] get -> https://esi.evetech.net/latest/characters/95801394/?datasource=tranquility [t/e: 0.07s/100]
[2019-05-01 03:25:39] eseye.INFO: [http 304, not modified] get -> https://esi.evetech.net/latest/characters/165386896/?datasource=tranquility [t/e: 0.06s/100]
[2019-05-01 03:25:39] eseye.INFO: [http 200, ok] get -> https://esi.evetech.net/latest/characters/2113901546/?datasource=tranquility [t/e: 0.07s/100]
[2019-05-01 03:25:39] eseye.INFO: [http 304, not modified] get -> https://esi.evetech.net/latest/characters/2112599709/?datasource=tranquility [t/e: 0.07s/100]
[2019-05-01 03:25:39] eseye.INFO: [http 304, not modified] get -> https://esi.evetech.net/latest/characters/1234188283/?datasource=tranquility [t/e: 0.07s/100]
[2019-05-01 03:27:19] eseye.INFO: [http 200, ok] get -> https://esi.evetech.net/latest/search/?datasource=tranquility&categories=character&search=Anaker&strict=true [t/e: 0.15s/100]
[2019-05-01 03:27:27] eseye.INFO: [http 304, not modified] get -> https://esi.evetech.net/latest/characters/97253605/?datasource=tranquility [t/e: 0.07s/100]
[2019-05-01 03:27:27] eseye.INFO: [http 200, ok] get -> https://esi.evetech.net/latest/characters/2113901546/?datasource=tranquility [t/e: 0.07s/100]
[2019-05-01 03:27:27] eseye.INFO: [http 304, not modified] get -> https://esi.evetech.net/latest/characters/93398375/?datasource=tranquility [t/e: 0.07s/100]
[2019-05-01 03:27:27] eseye.INFO: [http 304, not modified] get -> https://esi.evetech.net/latest/characters/686119010/?datasource=tranquility [t/e: 0.07s/100]
[2019-05-01 03:27:27] eseye.INFO: [http 304, not modified] get -> https://esi.evetech.net/latest/characters/96013783/?datasource=tranquility [t/e: 0.07s/100]
[2019-05-01 03:27:27] eseye.INFO: [http 200, ok] get -> https://esi.evetech.net/latest/characters/2113901546/?datasource=tranquility [t/e: 0.06s/100]
[2019-05-01 03:27:27] eseye.INFO: [http 304, not modified] get -> https://esi.evetech.net/latest/characters/93398375/?datasource=tranquility [t/e: 0.07s/100]
[2019-05-01 03:27:27] eseye.INFO: [http 304, not modified] get -> https://esi.evetech.net/latest/characters/94880353/?datasource=tranquility [t/e: 0.07s/100]
[2019-05-01 03:27:27] eseye.INFO: [http 304, not modified] get -> https://esi.evetech.net/latest/characters/96013783/?datasource=tranquility [t/e: 0.07s/100]
[2019-05-01 03:27:27] eseye.INFO: [http 200, ok] get -> https://esi.evetech.net/latest/characters/92947432/?datasource=tranquility [t/e: 0.08s/100]
[2019-05-01 03:27:27] eseye.INFO: [http 304, not modified] get -> https://esi.evetech.net/latest/characters/1234188283/?datasource=tranquility [t/e: 0.07s/100]
[2019-05-01 03:27:27] eseye.INFO: [http 304, not modified] get -> https://esi.evetech.net/latest/characters/2112599709/?datasource=tranquility [t/e: 0.06s/100]
[2019-05-01 03:27:27] eseye.INFO: [http 304, not modified] get -> https://esi.evetech.net/latest/characters/2112599709/?datasource=tranquility [t/e: 0.07s/100]
[2019-05-01 03:27:28] eseye.INFO: [http 304, not modified] get -> https://esi.evetech.net/latest/characters/95801394/?datasource=tranquility [t/e: 0.21s/100]
[2019-05-01 03:27:28] eseye.INFO: [http 304, not modified] get -> https://esi.evetech.net/latest/characters/165386896/?datasource=tranquility [t/e: 0.06s/100]
[2019-05-01 03:27:28] eseye.INFO: [http 200, ok] get -> https://esi.evetech.net/latest/characters/2113901546/?datasource=tranquility [t/e: 0.07s/100]
[2019-05-01 03:27:28] eseye.INFO: [http 304, not modified] get -> https://esi.evetech.net/latest/characters/2112599709/?datasource=tranquility [t/e: 0.06s/100]
[2019-05-01 03:27:28] eseye.INFO: [http 304, not modified] get -> https://esi.evetech.net/latest/characters/1234188283/?datasource=tranquility [t/e: 0.06s/100]
[2019-05-01 03:28:41] eseye.INFO: [http 200, ok] get -> https://esi.evetech.net/latest/search/?datasource=tranquility&categories=character&search=James+Reus&strict=true [t/e: 0.14s/100]
[2019-05-01 03:28:46] eseye.INFO: [http 304, not modified] get -> https://esi.evetech.net/latest/characters/97253605/?datasource=tranquility [t/e: 0.07s/100]
[2019-05-01 03:28:47] eseye.INFO: [http 200, ok] get -> https://esi.evetech.net/latest/characters/2113901546/?datasource=tranquility [t/e: 0.07s/100]
[2019-05-01 03:28:47] eseye.INFO: [http 304, not modified] get -> https://esi.evetech.net/latest/characters/93398375/?datasource=tranquility [t/e: 0.07s/100]
[2019-05-01 03:28:47] eseye.INFO: [http 304, not modified] get -> https://esi.evetech.net/latest/characters/686119010/?datasource=tranquility [t/e: 0.06s/100]
[2019-05-01 03:28:47] eseye.INFO: [http 304, not modified] get -> https://esi.evetech.net/latest/characters/96013783/?datasource=tranquility [t/e: 0.07s/100]
[2019-05-01 03:28:47] eseye.INFO: [http 200, ok] get -> https://esi.evetech.net/latest/characters/2113901546/?datasource=tranquility [t/e: 0.06s/100]
[2019-05-01 03:28:47] eseye.INFO: [http 304, not modified] get -> https://esi.evetech.net/latest/characters/93398375/?datasource=tranquility [t/e: 0.06s/100]
[2019-05-01 03:28:47] eseye.INFO: [http 304, not modified] get -> https://esi.evetech.net/latest/characters/94880353/?datasource=tranquility [t/e: 0.06s/100]
[2019-05-01 03:28:47] eseye.INFO: [http 304, not modified] get -> https://esi.evetech.net/latest/characters/94880353/?datasource=tranquility [t/e: 0.06s/100]
[2019-05-01 03:28:47] eseye.INFO: [http 304, not modified] get -> https://esi.evetech.net/latest/characters/96013783/?datasource=tranquility [t/e: 0.06s/100]
[2019-05-01 03:28:47] eseye.INFO: [http 200, ok] get -> https://esi.evetech.net/latest/characters/92947432/?datasource=tranquility [t/e: 0.06s/100]
[2019-05-01 03:28:47] eseye.INFO: [http 304, not modified] get -> https://esi.evetech.net/latest/characters/1234188283/?datasource=tranquility [t/e: 0.06s/100]
[2019-05-01 03:28:47] eseye.INFO: [http 304, not modified] get -> https://esi.evetech.net/latest/characters/2112599709/?datasource=tranquility [t/e: 0.06s/100]
[2019-05-01 03:28:47] eseye.INFO: [http 304, not modified] get -> https://esi.evetech.net/latest/characters/2112599709/?datasource=tranquility [t/e: 0.06s/100]
[2019-05-01 03:28:47] eseye.INFO: [http 304, not modified] get -> https://esi.evetech.net/latest/characters/95801394/?datasource=tranquility [t/e: 0.06s/100]
[2019-05-01 03:28:48] eseye.INFO: [http 304, not modified] get -> https://esi.evetech.net/latest/characters/165386896/?datasource=tranquility [t/e: 0.06s/100]
[2019-05-01 03:28:48] eseye.INFO: [http 200, ok] get -> https://esi.evetech.net/latest/characters/2113901546/?datasource=tranquility [t/e: 0.07s/100]
[2019-05-01 03:28:48] eseye.INFO: [http 304, not modified] get -> https://esi.evetech.net/latest/characters/2112599709/?datasource=tranquility [t/e: 0.06s/100]
[2019-05-01 03:28:48] eseye.INFO: [http 304, not modified] get -> https://esi.evetech.net/latest/characters/1234188283/?datasource=tranquility [t/e: 0.07s/100]
[2019-05-01 03:34:23] eseye.INFO: [http 304, not modified] get -> https://esi.evetech.net/latest/characters/97253605/?datasource=tranquility [t/e: 0.07s/100]
[2019-05-01 03:34:23] eseye.INFO: [http 200, ok] get -> https://esi.evetech.net/latest/characters/2113901546/?datasource=tranquility [t/e: 0.06s/100]
[2019-05-01 03:34:23] eseye.INFO: [http 304, not modified] get -> https://esi.evetech.net/latest/characters/93398375/?datasource=tranquility [t/e: 0.07s/100]
[2019-05-01 03:34:23] eseye.INFO: [http 304, not modified] get -> https://esi.evetech.net/latest/characters/686119010/?datasource=tranquility [t/e: 0.06s/100]
[2019-05-01 03:34:23] eseye.INFO: [http 304, not modified] get -> https://esi.evetech.net/latest/characters/96013783/?datasource=tranquility [t/e: 0.06s/100]
[2019-05-01 03:34:23] eseye.INFO: [http 200, ok] get -> https://esi.evetech.net/latest/characters/2113901546/?datasource=tranquility [t/e: 0.07s/100]
[2019-05-01 03:34:23] eseye.INFO: [http 304, not modified] get -> https://esi.evetech.net/latest/characters/93398375/?datasource=tranquility [t/e: 0.06s/100]
[2019-05-01 03:34:23] eseye.INFO: [http 304, not modified] get -> https://esi.evetech.net/latest/characters/94880353/?datasource=tranquility [t/e: 0.06s/100]
[2019-05-01 03:34:23] eseye.INFO: [http 304, not modified] get -> https://esi.evetech.net/latest/characters/94880353/?datasource=tranquility [t/e: 0.06s/100]
[2019-05-01 03:34:24] eseye.INFO: [http 304, not modified] get -> https://esi.evetech.net/latest/characters/96013783/?datasource=tranquility [t/e: 0.15s/100]
[2019-05-01 03:34:24] eseye.INFO: [http 200, ok] get -> https://esi.evetech.net/latest/characters/92947432/?datasource=tranquility [t/e: 0.06s/100]
[2019-05-01 03:34:24] eseye.INFO: [http 304, not modified] get -> https://esi.evetech.net/latest/characters/1234188283/?datasource=tranquility [t/e: 0.06s/100]
[2019-05-01 03:34:24] eseye.INFO: [http 304, not modified] get -> https://esi.evetech.net/latest/characters/2112599709/?datasource=tranquility [t/e: 0.06s/100]
[2019-05-01 03:34:24] eseye.INFO: [http 304, not modified] get -> https://esi.evetech.net/latest/characters/2112599709/?datasource=tranquility [t/e: 0.06s/100]
[2019-05-01 03:34:24] eseye.INFO: [http 304, not modified] get -> https://esi.evetech.net/latest/characters/95801394/?datasource=tranquility [t/e: 0.07s/100]
[2019-05-01 03:34:24] eseye.INFO: [http 304, not modified] get -> https://esi.evetech.net/latest/characters/165386896/?datasource=tranquility [t/e: 0.06s/100]
[2019-05-01 03:34:24] eseye.INFO: [http 200, ok] get -> https://esi.evetech.net/latest/characters/2113901546/?datasource=tranquility [t/e: 0.06s/100]
[2019-05-01 03:34:24] eseye.INFO: [http 304, not modified] get -> https://esi.evetech.net/latest/characters/2112599709/?datasource=tranquility [t/e: 0.07s/100]
[2019-05-01 03:34:24] eseye.INFO: [http 304, not modified] get -> https://esi.evetech.net/latest/characters/1234188283/?datasource=tranquility [t/e: 0.06s/100]
[2019-05-01 06:23:05] eseye.INFO: [http 304, not modified] get -> https://esi.evetech.net/latest/characters/97253605/?datasource=tranquility [t/e: 0.07s/100]
[2019-05-01 06:23:05] eseye.INFO: [http 304, not modified] get -> https://esi.evetech.net/latest/characters/2113901546/?datasource=tranquility [t/e: 0.09s/100]
[2019-05-01 06:23:05] eseye.INFO: [http 304, not modified] get -> https://esi.evetech.net/latest/characters/93398375/?datasource=tranquility [t/e: 0.06s/100]
[2019-05-01 06:23:05] eseye.INFO: [http 304, not modified] get -> https://esi.evetech.net/latest/characters/686119010/?datasource=tranquility [t/e: 0.07s/100]
[2019-05-01 06:23:05] eseye.INFO: [http 304, not modified] get -> https://esi.evetech.net/latest/characters/96013783/?datasource=tranquility [t/e: 0.07s/100]
[2019-05-01 06:23:05] eseye.INFO: [http 304, not modified] get -> https://esi.evetech.net/latest/characters/2113901546/?datasource=tranquility [t/e: 0.07s/100]
[2019-05-01 06:23:05] eseye.INFO: [http 304, not modified] get -> https://esi.evetech.net/latest/characters/93398375/?datasource=tranquility [t/e: 0.07s/100]
[2019-05-01 06:23:05] eseye.INFO: [http 304, not modified] get -> https://esi.evetech.net/latest/characters/94880353/?datasource=tranquility [t/e: 0.07s/100]
[2019-05-01 06:23:05] eseye.INFO: [http 304, not modified] get -> https://esi.evetech.net/latest/characters/94880353/?datasource=tranquility [t/e: 0.06s/100]
[2019-05-01 06:23:05] eseye.INFO: [http 304, not modified] get -> https://esi.evetech.net/latest/characters/96013783/?datasource=tranquility [t/e: 0.07s/100]
[2019-05-01 06:23:06] eseye.INFO: [http 304, not modified] get -> https://esi.evetech.net/latest/characters/92947432/?datasource=tranquility [t/e: 0.20s/100]
[2019-05-01 06:23:06] eseye.INFO: [http 304, not modified] get -> https://esi.evetech.net/latest/characters/1234188283/?datasource=tranquility [t/e: 0.07s/100]
[2019-05-01 06:23:06] eseye.INFO: [http 304, not modified] get -> https://esi.evetech.net/latest/characters/2112599709/?datasource=tranquility [t/e: 0.06s/100]
[2019-05-01 06:23:06] eseye.INFO: [http 304, not modified] get -> https://esi.evetech.net/latest/characters/2112599709/?datasource=tranquility [t/e: 0.06s/100]
[2019-05-01 06:23:06] eseye.INFO: [http 304, not modified] get -> https://esi.evetech.net/latest/characters/95801394/?datasource=tranquility [t/e: 0.09s/100]
[2019-05-01 06:23:06] eseye.INFO: [http 304, not modified] get -> https://esi.evetech.net/latest/characters/165386896/?datasource=tranquility [t/e: 0.10s/100]
[2019-05-01 06:23:06] eseye.INFO: [http 304, not modified] get -> https://esi.evetech.net/latest/characters/2113901546/?datasource=tranquility [t/e: 0.08s/100]
[2019-05-01 06:23:06] eseye.INFO: [http 304, not modified] get -> https://esi.evetech.net/latest/characters/2112599709/?datasource=tranquility [t/e: 0.07s/100]
[2019-05-01 06:23:06] eseye.INFO: [http 304, not modified] get -> https://esi.evetech.net/latest/characters/1234188283/?datasource=tranquility [t/e: 0.06s/100]
[2019-05-01 06:46:05] eseye.INFO: [http 304, not modified] get -> https://esi.evetech.net/latest/characters/97253605/?datasource=tranquility [t/e: 0.18s/100]
[2019-05-01 06:46:06] eseye.INFO: [http 304, not modified] get -> https://esi.evetech.net/latest/characters/2113901546/?datasource=tranquility [t/e: 0.09s/100]
[2019-05-01 06:46:06] eseye.INFO: [http 304, not modified] get -> https://esi.evetech.net/latest/characters/93398375/?datasource=tranquility [t/e: 0.07s/100]
[2019-05-01 06:46:06] eseye.INFO: [http 304, not modified] get -> https://esi.evetech.net/latest/characters/686119010/?datasource=tranquility [t/e: 0.06s/100]
[2019-05-01 06:46:06] eseye.INFO: [http 304, not modified] get -> https://esi.evetech.net/latest/characters/96013783/?datasource=tranquility [t/e: 0.24s/100]
[2019-05-01 06:46:06] eseye.INFO: [http 304, not modified] get -> https://esi.evetech.net/latest/characters/2113901546/?datasource=tranquility [t/e: 0.06s/100]
[2019-05-01 06:46:06] eseye.INFO: [http 304, not modified] get -> https://esi.evetech.net/latest/characters/93398375/?datasource=tranquility [t/e: 0.07s/100]
[2019-05-01 06:46:06] eseye.INFO: [http 304, not modified] get -> https://esi.evetech.net/latest/characters/94880353/?datasource=tranquility [t/e: 0.07s/100]
[2019-05-01 06:46:06] eseye.INFO: [http 304, not modified] get -> https://esi.evetech.net/latest/characters/94880353/?datasource=tranquility [t/e: 0.07s/100]
[2019-05-01 06:46:06] eseye.INFO: [http 304, not modified] get -> https://esi.evetech.net/latest/characters/96013783/?datasource=tranquility [t/e: 0.07s/100]
[2019-05-01 06:46:06] eseye.INFO: [http 304, not modified] get -> https://esi.evetech.net/latest/characters/92947432/?datasource=tranquility [t/e: 0.07s/100]
[2019-05-01 06:46:06] eseye.INFO: [http 304, not modified] get -> https://esi.evetech.net/latest/characters/1234188283/?datasource=tranquility [t/e: 0.06s/100]
[2019-05-01 06:46:07] eseye.INFO: [http 304, not modified] get -> https://esi.evetech.net/latest/characters/2112599709/?datasource=tranquility [t/e: 0.07s/100]
[2019-05-01 06:46:07] eseye.INFO: [http 304, not modified] get -> https://esi.evetech.net/latest/characters/2112599709/?datasource=tranquility [t/e: 0.07s/100]
[2019-05-01 06:46:07] eseye.INFO: [http 304, not modified] get -> https://esi.evetech.net/latest/characters/95801394/?datasource=tranquility [t/e: 0.06s/100]
[2019-05-01 06:46:07] eseye.INFO: [http 304, not modified] get -> https://esi.evetech.net/latest/characters/165386896/?datasource=tranquility [t/e: 0.06s/100]
[2019-05-01 06:46:07] eseye.INFO: [http 304, not modified] get -> https://esi.evetech.net/latest/characters/2113901546/?datasource=tranquility [t/e: 0.07s/100]
[2019-05-01 06:46:07] eseye.INFO: [http 304, not modified] get -> https://esi.evetech.net/latest/characters/2112599709/?datasource=tranquility [t/e: 0.07s/100]
[2019-05-01 06:46:07] eseye.INFO: [http 304, not modified] get -> https://esi.evetech.net/latest/characters/1234188283/?datasource=tranquility [t/e: 0.07s/100]
[2019-05-01 06:46:35] eseye.INFO: [http 200, ok] get -> https://esi.evetech.net/latest/search/?datasource=tranquility&categories=character&search=Alexis+Finch&strict=true [t/e: 0.15s/100]
[2019-05-01 06:46:35] eseye.INFO: [http 200, ok] get -> https://esi.evetech.net/latest/characters/97097931/?datasource=tranquility [t/e: 0.07s/100]
[2019-05-01 06:46:35] eseye.INFO: [http 200, ok] get -> https://esi.evetech.net/latest/corporations/98169165/?datasource=tranquility [t/e: 0.02s/100]
[2019-05-01 18:24:03] eseye.INFO: [http 200, ok] get -> https://esi.evetech.net/latest/characters/789742410/?datasource=tranquility [t/e: 0.07s/100]
[2019-05-01 18:24:03] eseye.INFO: [http 200, ok] get -> https://esi.evetech.net/latest/corporations/1129235924/?datasource=tranquility [t/e: 0.02s/100]
[2019-05-01 18:24:03] eseye.INFO: [http 200, ok] get -> https://esi.evetech.net/latest/characters/789742410/?datasource=tranquility [t/e: 0.06s/100]
[2019-05-01 18:24:04] eseye.INFO: [http 200, ok] get -> https://esi.evetech.net/latest/corporations/1129235924/?datasource=tranquility [t/e: 0.02s/100]
[2019-05-01 22:13:57] eseye.INFO: [http 304, not modified] get -> https://esi.evetech.net/latest/characters/97253605/?datasource=tranquility [t/e: 0.07s/100]
[2019-05-01 22:13:57] eseye.INFO: [http 304, not modified] get -> https://esi.evetech.net/latest/characters/2113901546/?datasource=tranquility [t/e: 0.25s/100]
[2019-05-01 22:13:57] eseye.INFO: [http 304, not modified] get -> https://esi.evetech.net/latest/characters/93398375/?datasource=tranquility [t/e: 0.06s/100]
[2019-05-01 22:13:57] eseye.INFO: [http 304, not modified] get -> https://esi.evetech.net/latest/characters/686119010/?datasource=tranquility [t/e: 0.06s/100]
[2019-05-01 22:13:58] eseye.INFO: [http 304, not modified] get -> https://esi.evetech.net/latest/characters/96013783/?datasource=tranquility [t/e: 0.10s/100]
[2019-05-01 22:13:58] eseye.INFO: [http 304, not modified] get -> https://esi.evetech.net/latest/characters/2113901546/?datasource=tranquility [t/e: 0.06s/100]
[2019-05-01 22:13:58] eseye.INFO: [http 304, not modified] get -> https://esi.evetech.net/latest/characters/93398375/?datasource=tranquility [t/e: 0.07s/100]
[2019-05-01 22:13:58] eseye.INFO: [http 304, not modified] get -> https://esi.evetech.net/latest/characters/94880353/?datasource=tranquility [t/e: 0.19s/100]
[2019-05-01 22:13:58] eseye.INFO: [http 304, not modified] get -> https://esi.evetech.net/latest/characters/94880353/?datasource=tranquility [t/e: 0.07s/100]
[2019-05-01 22:13:58] eseye.INFO: [http 200, ok] get -> https://esi.evetech.net/latest/characters/97097931/?datasource=tranquility [t/e: 0.07s/100]
[2019-05-01 22:13:58] eseye.INFO: [http 304, not modified] get -> https://esi.evetech.net/latest/characters/96013783/?datasource=tranquility [t/e: 0.07s/100]
[2019-05-01 22:13:58] eseye.INFO: [http 304, not modified] get -> https://esi.evetech.net/latest/characters/92947432/?datasource=tranquility [t/e: 0.06s/100]
[2019-05-01 22:13:58] eseye.INFO: [http 304, not modified] get -> https://esi.evetech.net/latest/characters/1234188283/?datasource=tranquility [t/e: 0.06s/100]
[2019-05-01 22:13:58] eseye.INFO: [http 304, not modified] get -> https://esi.evetech.net/latest/characters/2112599709/?datasource=tranquility [t/e: 0.06s/100]
[2019-05-01 22:13:58] eseye.INFO: [http 304, not modified] get -> https://esi.evetech.net/latest/characters/2112599709/?datasource=tranquility [t/e: 0.06s/100]
[2019-05-01 22:13:59] eseye.INFO: [http 304, not modified] get -> https://esi.evetech.net/latest/characters/95801394/?datasource=tranquility [t/e: 0.23s/100]
[2019-05-01 22:13:59] eseye.INFO: [http 304, not modified] get -> https://esi.evetech.net/latest/characters/165386896/?datasource=tranquility [t/e: 0.06s/100]
[2019-05-01 22:13:59] eseye.INFO: [http 304, not modified] get -> https://esi.evetech.net/latest/characters/2113901546/?datasource=tranquility [t/e: 0.06s/100]
[2019-05-01 22:13:59] eseye.INFO: [http 304, not modified] get -> https://esi.evetech.net/latest/characters/2112599709/?datasource=tranquility [t/e: 0.07s/100]
[2019-05-01 22:13:59] eseye.INFO: [http 304, not modified] get -> https://esi.evetech.net/latest/characters/1234188283/?datasource=tranquility [t/e: 0.06s/100]
[2019-05-01 22:14:28] eseye.INFO: [http 304, not modified] get -> https://esi.evetech.net/latest/characters/97253605/?datasource=tranquility [t/e: 0.07s/100]
[2019-05-01 22:14:28] eseye.INFO: [http 304, not modified] get -> https://esi.evetech.net/latest/characters/2113901546/?datasource=tranquility [t/e: 0.06s/100]
[2019-05-01 22:14:28] eseye.INFO: [http 304, not modified] get -> https://esi.evetech.net/latest/characters/93398375/?datasource=tranquility [t/e: 0.07s/100]
[2019-05-01 22:14:28] eseye.INFO: [http 304, not modified] get -> https://esi.evetech.net/latest/characters/686119010/?datasource=tranquility [t/e: 0.07s/100]
[2019-05-01 22:14:28] eseye.INFO: [http 304, not modified] get -> https://esi.evetech.net/latest/characters/96013783/?datasource=tranquility [t/e: 0.07s/100]
[2019-05-01 22:14:28] eseye.INFO: [http 304, not modified] get -> https://esi.evetech.net/latest/characters/2113901546/?datasource=tranquility [t/e: 0.07s/100]
[2019-05-01 22:14:28] eseye.INFO: [http 304, not modified] get -> https://esi.evetech.net/latest/characters/93398375/?datasource=tranquility [t/e: 0.07s/100]
[2019-05-01 22:14:28] eseye.INFO: [http 304, not modified] get -> https://esi.evetech.net/latest/characters/94880353/?datasource=tranquility [t/e: 0.06s/100]
[2019-05-01 22:14:28] eseye.INFO: [http 304, not modified] get -> https://esi.evetech.net/latest/characters/94880353/?datasource=tranquility [t/e: 0.06s/100]
[2019-05-01 22:14:28] eseye.INFO: [http 200, ok] get -> https://esi.evetech.net/latest/characters/97097931/?datasource=tranquility [t/e: 0.06s/100]
[2019-05-01 22:14:28] eseye.INFO: [http 304, not modified] get -> https://esi.evetech.net/latest/characters/96013783/?datasource=tranquility [t/e: 0.07s/100]
[2019-05-01 22:14:28] eseye.INFO: [http 304, not modified] get -> https://esi.evetech.net/latest/characters/92947432/?datasource=tranquility [t/e: 0.06s/100]
[2019-05-01 22:14:28] eseye.INFO: [http 304, not modified] get -> https://esi.evetech.net/latest/characters/1234188283/?datasource=tranquility [t/e: 0.06s/100]
[2019-05-01 22:14:28] eseye.INFO: [http 304, not modified] get -> https://esi.evetech.net/latest/characters/2112599709/?datasource=tranquility [t/e: 0.07s/100]
[2019-05-01 22:14:29] eseye.INFO: [http 304, not modified] get -> https://esi.evetech.net/latest/characters/2112599709/?datasource=tranquility [t/e: 0.07s/100]
[2019-05-01 22:14:29] eseye.INFO: [http 304, not modified] get -> https://esi.evetech.net/latest/characters/95801394/?datasource=tranquility [t/e: 0.07s/100]
[2019-05-01 22:14:29] eseye.INFO: [http 304, not modified] get -> https://esi.evetech.net/latest/characters/165386896/?datasource=tranquility [t/e: 0.07s/100]
[2019-05-01 22:14:29] eseye.INFO: [http 304, not modified] get -> https://esi.evetech.net/latest/characters/2113901546/?datasource=tranquility [t/e: 0.07s/100]
[2019-05-01 22:14:29] eseye.INFO: [http 304, not modified] get -> https://esi.evetech.net/latest/characters/2112599709/?datasource=tranquility [t/e: 0.07s/100]
[2019-05-01 22:14:29] eseye.INFO: [http 304, not modified] get -> https://esi.evetech.net/latest/characters/1234188283/?datasource=tranquility [t/e: 0.07s/100]
[2019-05-01 22:15:26] eseye.INFO: [http 304, not modified] get -> https://esi.evetech.net/latest/characters/97253605/?datasource=tranquility [t/e: 0.07s/100]
[2019-05-01 22:15:26] eseye.INFO: [http 304, not modified] get -> https://esi.evetech.net/latest/characters/2113901546/?datasource=tranquility [t/e: 0.07s/100]
[2019-05-01 22:15:26] eseye.INFO: [http 304, not modified] get -> https://esi.evetech.net/latest/characters/93398375/?datasource=tranquility [t/e: 0.07s/100]
[2019-05-01 22:15:26] eseye.INFO: [http 304, not modified] get -> https://esi.evetech.net/latest/characters/686119010/?datasource=tranquility [t/e: 0.07s/100]
[2019-05-01 22:15:26] eseye.INFO: [http 304, not modified] get -> https://esi.evetech.net/latest/characters/96013783/?datasource=tranquility [t/e: 0.06s/100]
[2019-05-01 22:15:26] eseye.INFO: [http 304, not modified] get -> https://esi.evetech.net/latest/characters/2113901546/?datasource=tranquility [t/e: 0.06s/100]
[2019-05-01 22:15:26] eseye.INFO: [http 304, not modified] get -> https://esi.evetech.net/latest/characters/93398375/?datasource=tranquility [t/e: 0.06s/100]
[2019-05-01 22:15:26] eseye.INFO: [http 304, not modified] get -> https://esi.evetech.net/latest/characters/94880353/?datasource=tranquility [t/e: 0.07s/100]
[2019-05-01 22:15:26] eseye.INFO: [http 304, not modified] get -> https://esi.evetech.net/latest/characters/94880353/?datasource=tranquility [t/e: 0.06s/100]
[2019-05-01 22:15:27] eseye.INFO: [http 200, ok] get -> https://esi.evetech.net/latest/characters/97097931/?datasource=tranquility [t/e: 0.06s/100]
[2019-05-01 22:15:27] eseye.INFO: [http 304, not modified] get -> https://esi.evetech.net/latest/characters/96013783/?datasource=tranquility [t/e: 0.07s/100]
[2019-05-01 22:15:27] eseye.INFO: [http 304, not modified] get -> https://esi.evetech.net/latest/characters/92947432/?datasource=tranquility [t/e: 0.07s/100]
[2019-05-01 22:15:27] eseye.INFO: [http 304, not modified] get -> https://esi.evetech.net/latest/characters/1234188283/?datasource=tranquility [t/e: 0.07s/100]
[2019-05-01 22:15:27] eseye.INFO: [http 304, not modified] get -> https://esi.evetech.net/latest/characters/2112599709/?datasource=tranquility [t/e: 0.09s/100]
[2019-05-01 22:15:27] eseye.INFO: [http 304, not modified] get -> https://esi.evetech.net/latest/characters/2112599709/?datasource=tranquility [t/e: 0.06s/100]
[2019-05-01 22:15:27] eseye.INFO: [http 304, not modified] get -> https://esi.evetech.net/latest/characters/95801394/?datasource=tranquility [t/e: 0.07s/100]
[2019-05-01 22:15:27] eseye.INFO: [http 304, not modified] get -> https://esi.evetech.net/latest/characters/165386896/?datasource=tranquility [t/e: 0.06s/100]
[2019-05-01 22:15:27] eseye.INFO: [http 304, not modified] get -> https://esi.evetech.net/latest/characters/2113901546/?datasource=tranquility [t/e: 0.07s/100]
[2019-05-01 22:15:27] eseye.INFO: [http 304, not modified] get -> https://esi.evetech.net/latest/characters/2112599709/?datasource=tranquility [t/e: 0.07s/100]
[2019-05-01 22:15:27] eseye.INFO: [http 304, not modified] get -> https://esi.evetech.net/latest/characters/1234188283/?datasource=tranquility [t/e: 0.06s/100]
[2019-05-01 22:26:15] eseye.INFO: [http 304, not modified] get -> https://esi.evetech.net/latest/characters/97253605/?datasource=tranquility [t/e: 0.07s/100]
[2019-05-01 22:26:15] eseye.INFO: [http 304, not modified] get -> https://esi.evetech.net/latest/characters/2113901546/?datasource=tranquility [t/e: 0.06s/100]
[2019-05-01 22:26:15] eseye.INFO: [http 304, not modified] get -> https://esi.evetech.net/latest/characters/93398375/?datasource=tranquility [t/e: 0.07s/100]
[2019-05-01 22:26:15] eseye.INFO: [http 304, not modified] get -> https://esi.evetech.net/latest/characters/686119010/?datasource=tranquility [t/e: 0.07s/100]
[2019-05-01 22:26:15] eseye.INFO: [http 304, not modified] get -> https://esi.evetech.net/latest/characters/96013783/?datasource=tranquility [t/e: 0.07s/100]
[2019-05-01 22:26:15] eseye.INFO: [http 304, not modified] get -> https://esi.evetech.net/latest/characters/2113901546/?datasource=tranquility [t/e: 0.06s/100]
[2019-05-01 22:26:15] eseye.INFO: [http 304, not modified] get -> https://esi.evetech.net/latest/characters/93398375/?datasource=tranquility [t/e: 0.07s/100]
[2019-05-01 22:26:15] eseye.INFO: [http 304, not modified] get -> https://esi.evetech.net/latest/characters/94880353/?datasource=tranquility [t/e: 0.06s/100]
[2019-05-01 22:26:15] eseye.INFO: [http 304, not modified] get -> https://esi.evetech.net/latest/characters/94880353/?datasource=tranquility [t/e: 0.07s/100]
[2019-05-01 22:26:15] eseye.INFO: [http 200, ok] get -> https://esi.evetech.net/latest/characters/97097931/?datasource=tranquility [t/e: 0.07s/100]
[2019-05-01 22:26:15] eseye.INFO: [http 304, not modified] get -> https://esi.evetech.net/latest/characters/96013783/?datasource=tranquility [t/e: 0.06s/100]
[2019-05-01 22:26:16] eseye.INFO: [http 304, not modified] get -> https://esi.evetech.net/latest/characters/92947432/?datasource=tranquility [t/e: 0.07s/100]
[2019-05-01 22:26:16] eseye.INFO: [http 304, not modified] get -> https://esi.evetech.net/latest/characters/1234188283/?datasource=tranquility [t/e: 0.07s/100]
[2019-05-01 22:26:16] eseye.INFO: [http 304, not modified] get -> https://esi.evetech.net/latest/characters/2112599709/?datasource=tranquility [t/e: 0.07s/100]
[2019-05-01 22:26:16] eseye.INFO: [http 304, not modified] get -> https://esi.evetech.net/latest/characters/2112599709/?datasource=tranquility [t/e: 0.07s/100]
[2019-05-01 22:26:16] eseye.INFO: [http 304, not modified] get -> https://esi.evetech.net/latest/characters/95801394/?datasource=tranquility [t/e: 0.06s/100]
[2019-05-01 22:26:16] eseye.INFO: [http 304, not modified] get -> https://esi.evetech.net/latest/characters/165386896/?datasource=tranquility [t/e: 0.06s/100]
[2019-05-01 22:26:16] eseye.INFO: [http 304, not modified] get -> https://esi.evetech.net/latest/characters/2113901546/?datasource=tranquility [t/e: 0.06s/100]
[2019-05-01 22:26:16] eseye.INFO: [http 304, not modified] get -> https://esi.evetech.net/latest/characters/2112599709/?datasource=tranquility [t/e: 0.07s/100]
[2019-05-01 22:26:16] eseye.INFO: [http 304, not modified] get -> https://esi.evetech.net/latest/characters/1234188283/?datasource=tranquility [t/e: 0.07s/100]
[2019-05-01 22:32:11] eseye.INFO: [http 304, not modified] get -> https://esi.evetech.net/latest/characters/97253605/?datasource=tranquility [t/e: 0.09s/100]
[2019-05-01 22:32:11] eseye.INFO: [http 304, not modified] get -> https://esi.evetech.net/latest/characters/2113901546/?datasource=tranquility [t/e: 0.09s/100]
[2019-05-01 22:32:11] eseye.INFO: [http 304, not modified] get -> https://esi.evetech.net/latest/characters/93398375/?datasource=tranquility [t/e: 0.06s/100]
[2019-05-01 22:32:11] eseye.INFO: [http 304, not modified] get -> https://esi.evetech.net/latest/characters/686119010/?datasource=tranquility [t/e: 0.06s/100]
[2019-05-01 22:32:12] eseye.INFO: [http 304, not modified] get -> https://esi.evetech.net/latest/characters/96013783/?datasource=tranquility [t/e: 0.29s/100]
[2019-05-01 22:32:12] eseye.INFO: [http 304, not modified] get -> https://esi.evetech.net/latest/characters/2113901546/?datasource=tranquility [t/e: 0.07s/100]
[2019-05-01 22:32:12] eseye.INFO: [http 304, not modified] get -> https://esi.evetech.net/latest/characters/93398375/?datasource=tranquility [t/e: 0.09s/100]
[2019-05-01 22:32:12] eseye.INFO: [http 304, not modified] get -> https://esi.evetech.net/latest/characters/94880353/?datasource=tranquility [t/e: 0.07s/100]
[2019-05-01 22:32:12] eseye.INFO: [http 304, not modified] get -> https://esi.evetech.net/latest/characters/94880353/?datasource=tranquility [t/e: 0.07s/100]
[2019-05-01 22:32:12] eseye.INFO: [http 304, not modified] get -> https://esi.evetech.net/latest/characters/97097931/?datasource=tranquility [t/e: 0.20s/100]
[2019-05-01 22:32:12] eseye.INFO: [http 304, not modified] get -> https://esi.evetech.net/latest/characters/96013783/?datasource=tranquility [t/e: 0.06s/100]
[2019-05-01 22:32:12] eseye.INFO: [http 304, not modified] get -> https://esi.evetech.net/latest/characters/92947432/?datasource=tranquility [t/e: 0.06s/100]
[2019-05-01 22:32:12] eseye.INFO: [http 304, not modified] get -> https://esi.evetech.net/latest/characters/1234188283/?datasource=tranquility [t/e: 0.09s/100]
[2019-05-01 22:32:12] eseye.INFO: [http 304, not modified] get -> https://esi.evetech.net/latest/characters/2112599709/?datasource=tranquility [t/e: 0.06s/100]
[2019-05-01 22:32:13] eseye.INFO: [http 304, not modified] get -> https://esi.evetech.net/latest/characters/2112599709/?datasource=tranquility [t/e: 0.07s/100]
[2019-05-01 22:32:13] eseye.INFO: [http 304, not modified] get -> https://esi.evetech.net/latest/characters/95801394/?datasource=tranquility [t/e: 0.08s/100]
[2019-05-01 22:32:13] eseye.INFO: [http 304, not modified] get -> https://esi.evetech.net/latest/characters/165386896/?datasource=tranquility [t/e: 0.07s/100]
[2019-05-01 22:32:13] eseye.INFO: [http 304, not modified] get -> https://esi.evetech.net/latest/characters/2113901546/?datasource=tranquility [t/e: 0.07s/100]
[2019-05-01 22:32:13] eseye.INFO: [http 304, not modified] get -> https://esi.evetech.net/latest/characters/2112599709/?datasource=tranquility [t/e: 0.06s/100]
[2019-05-01 22:32:13] eseye.INFO: [http 304, not modified] get -> https://esi.evetech.net/latest/characters/1234188283/?datasource=tranquility [t/e: 0.06s/100]
[2019-05-01 22:32:31] eseye.INFO: [http 304, not modified] get -> https://esi.evetech.net/latest/characters/97253605/?datasource=tranquility [t/e: 0.07s/100]
[2019-05-01 22:32:31] eseye.INFO: [http 304, not modified] get -> https://esi.evetech.net/latest/characters/2113901546/?datasource=tranquility [t/e: 0.06s/100]
[2019-05-01 22:32:31] eseye.INFO: [http 304, not modified] get -> https://esi.evetech.net/latest/characters/93398375/?datasource=tranquility [t/e: 0.06s/100]
[2019-05-01 22:32:31] eseye.INFO: [http 304, not modified] get -> https://esi.evetech.net/latest/characters/686119010/?datasource=tranquility [t/e: 0.06s/100]
[2019-05-01 22:32:31] eseye.INFO: [http 304, not modified] get -> https://esi.evetech.net/latest/characters/96013783/?datasource=tranquility [t/e: 0.06s/100]
[2019-05-01 22:32:32] eseye.INFO: [http 304, not modified] get -> https://esi.evetech.net/latest/characters/2113901546/?datasource=tranquility [t/e: 0.06s/100]
[2019-05-01 22:32:32] eseye.INFO: [http 304, not modified] get -> https://esi.evetech.net/latest/characters/93398375/?datasource=tranquility [t/e: 0.07s/100]
[2019-05-01 22:32:32] eseye.INFO: [http 304, not modified] get -> https://esi.evetech.net/latest/characters/94880353/?datasource=tranquility [t/e: 0.06s/100]
[2019-05-01 22:32:32] eseye.INFO: [http 304, not modified] get -> https://esi.evetech.net/latest/characters/94880353/?datasource=tranquility [t/e: 0.07s/100]
[2019-05-01 22:32:32] eseye.INFO: [http 304, not modified] get -> https://esi.evetech.net/latest/characters/97097931/?datasource=tranquility [t/e: 0.06s/100]
[2019-05-01 22:32:32] eseye.INFO: [http 304, not modified] get -> https://esi.evetech.net/latest/characters/96013783/?datasource=tranquility [t/e: 0.06s/100]
[2019-05-01 22:32:32] eseye.INFO: [http 304, not modified] get -> https://esi.evetech.net/latest/characters/92947432/?datasource=tranquility [t/e: 0.07s/100]
[2019-05-01 22:32:32] eseye.INFO: [http 304, not modified] get -> https://esi.evetech.net/latest/characters/1234188283/?datasource=tranquility [t/e: 0.06s/100]
[2019-05-01 22:32:32] eseye.INFO: [http 304, not modified] get -> https://esi.evetech.net/latest/characters/2112599709/?datasource=tranquility [t/e: 0.07s/100]
[2019-05-01 22:32:32] eseye.INFO: [http 304, not modified] get -> https://esi.evetech.net/latest/characters/2112599709/?datasource=tranquility [t/e: 0.07s/100]
[2019-05-01 22:32:32] eseye.INFO: [http 304, not modified] get -> https://esi.evetech.net/latest/characters/95801394/?datasource=tranquility [t/e: 0.06s/100]
[2019-05-01 22:32:32] eseye.INFO: [http 304, not modified] get -> https://esi.evetech.net/latest/characters/165386896/?datasource=tranquility [t/e: 0.06s/100]
[2019-05-01 22:32:32] eseye.INFO: [http 304, not modified] get -> https://esi.evetech.net/latest/characters/2113901546/?datasource=tranquility [t/e: 0.06s/100]
[2019-05-01 22:32:32] eseye.INFO: [http 304, not modified] get -> https://esi.evetech.net/latest/characters/2112599709/?datasource=tranquility [t/e: 0.07s/100]
[2019-05-01 22:32:33] eseye.INFO: [http 304, not modified] get -> https://esi.evetech.net/latest/characters/1234188283/?datasource=tranquility [t/e: 0.07s/100]
[2019-05-01 23:25:25] eseye.INFO: [http 200, ok] get -> https://esi.evetech.net/latest/characters/90256266/?datasource=tranquility [t/e: 0.09s/100]
[2019-05-01 23:25:25] eseye.INFO: [http 200, ok] get -> https://esi.evetech.net/latest/corporations/98453159/?datasource=tranquility [t/e: 0.02s/100]
[2019-05-01 23:25:25] eseye.INFO: [http 200, ok] get -> https://esi.evetech.net/latest/characters/90256266/?datasource=tranquility [t/e: 0.06s/100]
[2019-05-01 23:25:25] eseye.INFO: [http 200, ok] get -> https://esi.evetech.net/latest/corporations/98453159/?datasource=tranquility [t/e: 0.02s/100]
