[2019-04-30 02:33:00] eseye.INFO: [http 200, ok] get -> https://esi.evetech.net/latest/characters/96383884/?datasource=tranquility [t/e: 0.33s/100]
[2019-04-30 02:33:00] eseye.INFO: [http 200, ok] get -> https://esi.evetech.net/latest/corporations/98455521/?datasource=tranquility [t/e: 0.02s/100]
[2019-04-30 02:33:00] eseye.INFO: [http 200, ok] get -> https://esi.evetech.net/latest/corporations/98455521/?datasource=tranquility [t/e: 0.06s/100]
[2019-04-30 02:33:56] eseye.INFO: [http 200, ok] get -> https://esi.evetech.net/latest/characters/96247198/?datasource=tranquility [t/e: 0.27s/100]
[2019-04-30 02:33:56] eseye.INFO: [http 200, ok] get -> https://esi.evetech.net/latest/corporations/98287666/?datasource=tranquility [t/e: 0.02s/100]
[2019-04-30 02:33:56] eseye.INFO: [http 200, ok] get -> https://esi.evetech.net/latest/characters/96247198/?datasource=tranquility [t/e: 0.06s/100]
[2019-04-30 02:33:56] eseye.INFO: [http 200, ok] get -> https://esi.evetech.net/latest/corporations/98287666/?datasource=tranquility [t/e: 0.02s/100]
[2019-04-30 02:34:30] eseye.INFO: [http 200, ok] get -> https://esi.evetech.net/latest/corporations/98455521/?datasource=tranquility [t/e: 0.07s/100]
[2019-04-30 02:35:27] eseye.INFO: [http 200, ok] get -> https://esi.evetech.net/latest/corporations/98455521/?datasource=tranquility [t/e: 0.07s/100]
[2019-04-30 02:35:43] eseye.INFO: [http 200, ok] get -> https://esi.evetech.net/latest/corporations/98455521/?datasource=tranquility [t/e: 0.07s/100]
[2019-04-30 05:24:08] eseye.INFO: [http 304, not modified] get -> https://esi.evetech.net/latest/corporations/98287666/?datasource=tranquility [t/e: 0.07s/100]
[2019-04-30 06:17:44] eseye.INFO: [http 304, not modified] get -> https://esi.evetech.net/latest/characters/97253605/?datasource=tranquility [t/e: 0.07s/100]
[2019-04-30 06:17:44] eseye.INFO: [http 304, not modified] get -> https://esi.evetech.net/latest/characters/2113901546/?datasource=tranquility [t/e: 0.07s/100]
[2019-04-30 06:17:44] eseye.INFO: [http 304, not modified] get -> https://esi.evetech.net/latest/characters/686119010/?datasource=tranquility [t/e: 0.07s/100]
[2019-04-30 06:17:44] eseye.INFO: [http 304, not modified] get -> https://esi.evetech.net/latest/characters/96013783/?datasource=tranquility [t/e: 0.07s/100]
[2019-04-30 06:17:44] eseye.INFO: [http 304, not modified] get -> https://esi.evetech.net/latest/characters/2113901546/?datasource=tranquility [t/e: 0.07s/100]
[2019-04-30 06:17:45] eseye.INFO: [http 304, not modified] get -> https://esi.evetech.net/latest/characters/93398375/?datasource=tranquility [t/e: 0.07s/100]
[2019-04-30 06:17:45] eseye.INFO: [http 304, not modified] get -> https://esi.evetech.net/latest/characters/94880353/?datasource=tranquility [t/e: 0.06s/100]
[2019-04-30 06:17:45] eseye.INFO: [http 304, not modified] get -> https://esi.evetech.net/latest/characters/94880353/?datasource=tranquility [t/e: 0.07s/100]
[2019-04-30 06:17:45] eseye.INFO: [http 304, not modified] get -> https://esi.evetech.net/latest/characters/96013783/?datasource=tranquility [t/e: 0.06s/100]
[2019-04-30 06:17:45] eseye.INFO: [http 304, not modified] get -> https://esi.evetech.net/latest/characters/2113614284/?datasource=tranquility [t/e: 0.07s/100]
[2019-04-30 06:17:45] eseye.INFO: [http 304, not modified] get -> https://esi.evetech.net/latest/characters/2027080054/?datasource=tranquility [t/e: 0.06s/100]
[2019-04-30 06:17:45] eseye.INFO: [http 304, not modified] get -> https://esi.evetech.net/latest/characters/2113614284/?datasource=tranquility [t/e: 0.07s/100]
[2019-04-30 06:17:45] eseye.INFO: [http 304, not modified] get -> https://esi.evetech.net/latest/characters/1234188283/?datasource=tranquility [t/e: 0.06s/100]
[2019-04-30 06:17:45] eseye.INFO: [http 304, not modified] get -> https://esi.evetech.net/latest/characters/2112599709/?datasource=tranquility [t/e: 0.07s/100]
[2019-04-30 06:17:45] eseye.INFO: [http 304, not modified] get -> https://esi.evetech.net/latest/characters/2112599709/?datasource=tranquility [t/e: 0.06s/100]
[2019-04-30 06:17:45] eseye.INFO: [http 304, not modified] get -> https://esi.evetech.net/latest/characters/95801394/?datasource=tranquility [t/e: 0.06s/100]
[2019-04-30 06:17:45] eseye.INFO: [http 304, not modified] get -> https://esi.evetech.net/latest/characters/165386896/?datasource=tranquility [t/e: 0.07s/100]
[2019-04-30 06:17:45] eseye.INFO: [http 304, not modified] get -> https://esi.evetech.net/latest/characters/2113901546/?datasource=tranquility [t/e: 0.07s/100]
[2019-04-30 06:17:45] eseye.INFO: [http 304, not modified] get -> https://esi.evetech.net/latest/characters/2112599709/?datasource=tranquility [t/e: 0.08s/100]
[2019-04-30 06:17:46] eseye.INFO: [http 304, not modified] get -> https://esi.evetech.net/latest/characters/1234188283/?datasource=tranquility [t/e: 0.06s/100]
[2019-04-30 06:17:46] eseye.INFO: [http 304, not modified] get -> https://esi.evetech.net/latest/characters/93146323/?datasource=tranquility [t/e: 0.07s/100]
[2019-04-30 06:18:10] eseye.INFO: [http 200, ok] get -> https://esi.evetech.net/latest/search/?datasource=tranquility&categories=character&search=Raj+Nakrar&strict=true [t/e: 0.15s/100]
[2019-04-30 06:18:10] eseye.INFO: [http 200, ok] get -> https://esi.evetech.net/latest/corporations/98432934/?datasource=tranquility [t/e: 0.07s/100]
[2019-04-30 06:18:10] eseye.INFO: [http 200, ok] get -> https://esi.evetech.net/latest/alliances/99004116/?datasource=tranquility [t/e: 0.02s/100]
[2019-04-30 06:18:48] eseye.INFO: [http 200, ok] get -> https://esi.evetech.net/latest/search/?datasource=tranquility&categories=character&search=steve+Greene&strict=true [t/e: 0.14s/100]
[2019-04-30 06:18:48] eseye.INFO: [http 200, ok] get -> https://esi.evetech.net/latest/corporations/98255095/?datasource=tranquility [t/e: 0.06s/100]
[2019-04-30 06:18:48] eseye.INFO: [http 200, ok] get -> https://esi.evetech.net/latest/alliances/99004116/?datasource=tranquility [t/e: 0.02s/100]
[2019-04-30 06:19:07] eseye.INFO: [http 200, ok] get -> https://esi.evetech.net/latest/search/?datasource=tranquility&categories=character&search=steve+Greene&strict=true [t/e: 0.07s/100]
[2019-04-30 06:19:43] eseye.INFO: [http 200, ok] get -> https://esi.evetech.net/latest/search/?datasource=tranquility&categories=character&search=steve+Greene&strict=true [t/e: 0.06s/100]
[2019-04-30 06:20:19] eseye.INFO: [http 304, not modified] get -> https://esi.evetech.net/latest/characters/97253605/?datasource=tranquility [t/e: 0.07s/100]
[2019-04-30 06:20:19] eseye.INFO: [http 304, not modified] get -> https://esi.evetech.net/latest/characters/2113901546/?datasource=tranquility [t/e: 0.07s/100]
[2019-04-30 06:20:19] eseye.INFO: [http 304, not modified] get -> https://esi.evetech.net/latest/characters/93398375/?datasource=tranquility [t/e: 0.06s/100]
[2019-04-30 06:20:19] eseye.INFO: [http 304, not modified] get -> https://esi.evetech.net/latest/characters/686119010/?datasource=tranquility [t/e: 0.06s/100]
[2019-04-30 06:20:19] eseye.INFO: [http 304, not modified] get -> https://esi.evetech.net/latest/characters/96013783/?datasource=tranquility [t/e: 0.06s/100]
[2019-04-30 06:20:19] eseye.INFO: [http 304, not modified] get -> https://esi.evetech.net/latest/characters/2113901546/?datasource=tranquility [t/e: 0.06s/100]
[2019-04-30 06:20:19] eseye.INFO: [http 304, not modified] get -> https://esi.evetech.net/latest/characters/93398375/?datasource=tranquility [t/e: 0.06s/100]
[2019-04-30 06:20:19] eseye.INFO: [http 304, not modified] get -> https://esi.evetech.net/latest/characters/94880353/?datasource=tranquility [t/e: 0.07s/100]
[2019-04-30 06:20:19] eseye.INFO: [http 304, not modified] get -> https://esi.evetech.net/latest/characters/94880353/?datasource=tranquility [t/e: 0.06s/100]
[2019-04-30 06:20:19] eseye.INFO: [http 304, not modified] get -> https://esi.evetech.net/latest/characters/96013783/?datasource=tranquility [t/e: 0.06s/100]
[2019-04-30 06:20:19] eseye.INFO: [http 304, not modified] get -> https://esi.evetech.net/latest/characters/2113614284/?datasource=tranquility [t/e: 0.06s/100]
[2019-04-30 06:20:19] eseye.INFO: [http 304, not modified] get -> https://esi.evetech.net/latest/characters/2027080054/?datasource=tranquility [t/e: 0.06s/100]
[2019-04-30 06:20:19] eseye.INFO: [http 304, not modified] get -> https://esi.evetech.net/latest/characters/2113614284/?datasource=tranquility [t/e: 0.06s/100]
[2019-04-30 06:20:20] eseye.INFO: [http 304, not modified] get -> https://esi.evetech.net/latest/characters/1234188283/?datasource=tranquility [t/e: 0.07s/100]
[2019-04-30 06:20:20] eseye.INFO: [http 304, not modified] get -> https://esi.evetech.net/latest/characters/2112599709/?datasource=tranquility [t/e: 0.06s/100]
[2019-04-30 06:20:20] eseye.INFO: [http 304, not modified] get -> https://esi.evetech.net/latest/characters/2112599709/?datasource=tranquility [t/e: 0.07s/100]
[2019-04-30 06:20:20] eseye.INFO: [http 304, not modified] get -> https://esi.evetech.net/latest/characters/95801394/?datasource=tranquility [t/e: 0.07s/100]
[2019-04-30 06:20:20] eseye.INFO: [http 304, not modified] get -> https://esi.evetech.net/latest/characters/165386896/?datasource=tranquility [t/e: 0.07s/100]
[2019-04-30 06:20:20] eseye.INFO: [http 304, not modified] get -> https://esi.evetech.net/latest/characters/2113901546/?datasource=tranquility [t/e: 0.06s/100]
[2019-04-30 06:20:20] eseye.INFO: [http 304, not modified] get -> https://esi.evetech.net/latest/characters/2112599709/?datasource=tranquility [t/e: 0.06s/100]
[2019-04-30 06:20:20] eseye.INFO: [http 304, not modified] get -> https://esi.evetech.net/latest/characters/1234188283/?datasource=tranquility [t/e: 0.06s/100]
[2019-04-30 06:20:20] eseye.INFO: [http 304, not modified] get -> https://esi.evetech.net/latest/characters/93146323/?datasource=tranquility [t/e: 0.06s/100]
[2019-04-30 06:20:29] eseye.INFO: [http 304, not modified] get -> https://esi.evetech.net/latest/characters/97253605/?datasource=tranquility [t/e: 0.07s/100]
[2019-04-30 06:20:29] eseye.INFO: [http 304, not modified] get -> https://esi.evetech.net/latest/characters/2113901546/?datasource=tranquility [t/e: 0.10s/100]
[2019-04-30 06:20:29] eseye.INFO: [http 304, not modified] get -> https://esi.evetech.net/latest/characters/93398375/?datasource=tranquility [t/e: 0.06s/100]
[2019-04-30 06:20:30] eseye.INFO: [http 304, not modified] get -> https://esi.evetech.net/latest/characters/686119010/?datasource=tranquility [t/e: 0.07s/100]
[2019-04-30 06:20:30] eseye.INFO: [http 304, not modified] get -> https://esi.evetech.net/latest/characters/96013783/?datasource=tranquility [t/e: 0.07s/100]
[2019-04-30 06:20:30] eseye.INFO: [http 304, not modified] get -> https://esi.evetech.net/latest/characters/2113901546/?datasource=tranquility [t/e: 0.06s/100]
[2019-04-30 06:20:30] eseye.INFO: [http 304, not modified] get -> https://esi.evetech.net/latest/characters/93398375/?datasource=tranquility [t/e: 0.06s/100]
[2019-04-30 06:20:30] eseye.INFO: [http 304, not modified] get -> https://esi.evetech.net/latest/characters/94880353/?datasource=tranquility [t/e: 0.07s/100]
[2019-04-30 06:20:30] eseye.INFO: [http 304, not modified] get -> https://esi.evetech.net/latest/characters/94880353/?datasource=tranquility [t/e: 0.06s/100]
[2019-04-30 06:20:30] eseye.INFO: [http 304, not modified] get -> https://esi.evetech.net/latest/characters/96013783/?datasource=tranquility [t/e: 0.06s/100]
[2019-04-30 06:20:30] eseye.INFO: [http 304, not modified] get -> https://esi.evetech.net/latest/characters/2113614284/?datasource=tranquility [t/e: 0.07s/100]
[2019-04-30 06:20:30] eseye.INFO: [http 304, not modified] get -> https://esi.evetech.net/latest/characters/2027080054/?datasource=tranquility [t/e: 0.06s/100]
[2019-04-30 06:20:30] eseye.INFO: [http 304, not modified] get -> https://esi.evetech.net/latest/characters/2113614284/?datasource=tranquility [t/e: 0.07s/100]
[2019-04-30 06:20:30] eseye.INFO: [http 304, not modified] get -> https://esi.evetech.net/latest/characters/1234188283/?datasource=tranquility [t/e: 0.07s/100]
[2019-04-30 06:20:30] eseye.INFO: [http 304, not modified] get -> https://esi.evetech.net/latest/characters/2112599709/?datasource=tranquility [t/e: 0.06s/100]
[2019-04-30 06:20:30] eseye.INFO: [http 304, not modified] get -> https://esi.evetech.net/latest/characters/2112599709/?datasource=tranquility [t/e: 0.06s/100]
[2019-04-30 06:20:31] eseye.INFO: [http 304, not modified] get -> https://esi.evetech.net/latest/characters/95801394/?datasource=tranquility [t/e: 0.07s/100]
[2019-04-30 06:20:31] eseye.INFO: [http 304, not modified] get -> https://esi.evetech.net/latest/characters/165386896/?datasource=tranquility [t/e: 0.06s/100]
[2019-04-30 06:20:31] eseye.INFO: [http 304, not modified] get -> https://esi.evetech.net/latest/characters/2113901546/?datasource=tranquility [t/e: 0.06s/100]
[2019-04-30 06:20:31] eseye.INFO: [http 304, not modified] get -> https://esi.evetech.net/latest/characters/2112599709/?datasource=tranquility [t/e: 0.06s/100]
[2019-04-30 06:20:31] eseye.INFO: [http 304, not modified] get -> https://esi.evetech.net/latest/characters/1234188283/?datasource=tranquility [t/e: 0.06s/100]
[2019-04-30 06:20:31] eseye.INFO: [http 304, not modified] get -> https://esi.evetech.net/latest/characters/93146323/?datasource=tranquility [t/e: 0.07s/100]
[2019-04-30 06:20:51] eseye.INFO: [http 304, not modified] get -> https://esi.evetech.net/latest/characters/97253605/?datasource=tranquility [t/e: 0.07s/100]
[2019-04-30 06:20:51] eseye.INFO: [http 304, not modified] get -> https://esi.evetech.net/latest/characters/2113901546/?datasource=tranquility [t/e: 0.06s/100]
[2019-04-30 06:20:51] eseye.INFO: [http 304, not modified] get -> https://esi.evetech.net/latest/characters/93398375/?datasource=tranquility [t/e: 0.07s/100]
[2019-04-30 06:20:52] eseye.INFO: [http 304, not modified] get -> https://esi.evetech.net/latest/characters/686119010/?datasource=tranquility [t/e: 0.06s/100]
[2019-04-30 06:20:52] eseye.INFO: [http 304, not modified] get -> https://esi.evetech.net/latest/characters/96013783/?datasource=tranquility [t/e: 0.06s/100]
[2019-04-30 06:20:52] eseye.INFO: [http 304, not modified] get -> https://esi.evetech.net/latest/characters/2113901546/?datasource=tranquility [t/e: 0.06s/100]
[2019-04-30 06:20:52] eseye.INFO: [http 304, not modified] get -> https://esi.evetech.net/latest/characters/93398375/?datasource=tranquility [t/e: 0.07s/100]
[2019-04-30 06:20:52] eseye.INFO: [http 304, not modified] get -> https://esi.evetech.net/latest/characters/94880353/?datasource=tranquility [t/e: 0.06s/100]
[2019-04-30 06:20:52] eseye.INFO: [http 304, not modified] get -> https://esi.evetech.net/latest/characters/94880353/?datasource=tranquility [t/e: 0.06s/100]
[2019-04-30 06:20:52] eseye.INFO: [http 304, not modified] get -> https://esi.evetech.net/latest/characters/96013783/?datasource=tranquility [t/e: 0.06s/100]
[2019-04-30 06:20:52] eseye.INFO: [http 304, not modified] get -> https://esi.evetech.net/latest/characters/2113614284/?datasource=tranquility [t/e: 0.07s/100]
[2019-04-30 06:20:52] eseye.INFO: [http 304, not modified] get -> https://esi.evetech.net/latest/characters/2027080054/?datasource=tranquility [t/e: 0.06s/100]
[2019-04-30 06:20:52] eseye.INFO: [http 304, not modified] get -> https://esi.evetech.net/latest/characters/2113614284/?datasource=tranquility [t/e: 0.06s/100]
[2019-04-30 06:20:52] eseye.INFO: [http 304, not modified] get -> https://esi.evetech.net/latest/characters/1234188283/?datasource=tranquility [t/e: 0.08s/100]
[2019-04-30 06:20:52] eseye.INFO: [http 304, not modified] get -> https://esi.evetech.net/latest/characters/2112599709/?datasource=tranquility [t/e: 0.07s/100]
[2019-04-30 06:20:52] eseye.INFO: [http 304, not modified] get -> https://esi.evetech.net/latest/characters/2112599709/?datasource=tranquility [t/e: 0.07s/100]
[2019-04-30 06:20:52] eseye.INFO: [http 304, not modified] get -> https://esi.evetech.net/latest/characters/95801394/?datasource=tranquility [t/e: 0.06s/100]
[2019-04-30 06:20:53] eseye.INFO: [http 304, not modified] get -> https://esi.evetech.net/latest/characters/165386896/?datasource=tranquility [t/e: 0.06s/100]
[2019-04-30 06:20:53] eseye.INFO: [http 304, not modified] get -> https://esi.evetech.net/latest/characters/2113901546/?datasource=tranquility [t/e: 0.06s/100]
[2019-04-30 06:20:53] eseye.INFO: [http 304, not modified] get -> https://esi.evetech.net/latest/characters/2112599709/?datasource=tranquility [t/e: 0.07s/100]
[2019-04-30 06:20:53] eseye.INFO: [http 304, not modified] get -> https://esi.evetech.net/latest/characters/1234188283/?datasource=tranquility [t/e: 0.06s/100]
[2019-04-30 06:20:53] eseye.INFO: [http 304, not modified] get -> https://esi.evetech.net/latest/characters/93146323/?datasource=tranquility [t/e: 0.06s/100]
[2019-04-30 06:21:12] eseye.INFO: [http 304, not modified] get -> https://esi.evetech.net/latest/characters/97253605/?datasource=tranquility [t/e: 0.07s/100]
[2019-04-30 06:21:12] eseye.INFO: [http 304, not modified] get -> https://esi.evetech.net/latest/characters/2113901546/?datasource=tranquility [t/e: 0.06s/100]
[2019-04-30 06:21:12] eseye.INFO: [http 304, not modified] get -> https://esi.evetech.net/latest/characters/93398375/?datasource=tranquility [t/e: 0.06s/100]
[2019-04-30 06:21:12] eseye.INFO: [http 304, not modified] get -> https://esi.evetech.net/latest/characters/686119010/?datasource=tranquility [t/e: 0.07s/100]
[2019-04-30 06:21:12] eseye.INFO: [http 304, not modified] get -> https://esi.evetech.net/latest/characters/96013783/?datasource=tranquility [t/e: 0.06s/100]
[2019-04-30 06:21:12] eseye.INFO: [http 304, not modified] get -> https://esi.evetech.net/latest/characters/2113901546/?datasource=tranquility [t/e: 0.07s/100]
[2019-04-30 06:21:12] eseye.INFO: [http 304, not modified] get -> https://esi.evetech.net/latest/characters/93398375/?datasource=tranquility [t/e: 0.07s/100]
[2019-04-30 06:21:12] eseye.INFO: [http 304, not modified] get -> https://esi.evetech.net/latest/characters/94880353/?datasource=tranquility [t/e: 0.07s/100]
[2019-04-30 06:21:12] eseye.INFO: [http 304, not modified] get -> https://esi.evetech.net/latest/characters/94880353/?datasource=tranquility [t/e: 0.08s/100]
[2019-04-30 06:21:12] eseye.INFO: [http 304, not modified] get -> https://esi.evetech.net/latest/characters/96013783/?datasource=tranquility [t/e: 0.07s/100]
[2019-04-30 06:21:12] eseye.INFO: [http 304, not modified] get -> https://esi.evetech.net/latest/characters/2113614284/?datasource=tranquility [t/e: 0.07s/100]
[2019-04-30 06:21:13] eseye.INFO: [http 304, not modified] get -> https://esi.evetech.net/latest/characters/2027080054/?datasource=tranquility [t/e: 0.10s/100]
[2019-04-30 06:21:13] eseye.INFO: [http 304, not modified] get -> https://esi.evetech.net/latest/characters/2113614284/?datasource=tranquility [t/e: 0.06s/100]
[2019-04-30 06:21:13] eseye.INFO: [http 304, not modified] get -> https://esi.evetech.net/latest/characters/1234188283/?datasource=tranquility [t/e: 0.07s/100]
[2019-04-30 06:21:13] eseye.INFO: [http 304, not modified] get -> https://esi.evetech.net/latest/characters/2112599709/?datasource=tranquility [t/e: 0.07s/100]
[2019-04-30 06:21:13] eseye.INFO: [http 304, not modified] get -> https://esi.evetech.net/latest/characters/2112599709/?datasource=tranquility [t/e: 0.06s/100]
[2019-04-30 06:21:13] eseye.INFO: [http 304, not modified] get -> https://esi.evetech.net/latest/characters/95801394/?datasource=tranquility [t/e: 0.07s/100]
[2019-04-30 06:21:13] eseye.INFO: [http 304, not modified] get -> https://esi.evetech.net/latest/characters/165386896/?datasource=tranquility [t/e: 0.07s/100]
[2019-04-30 06:21:13] eseye.INFO: [http 304, not modified] get -> https://esi.evetech.net/latest/characters/2113901546/?datasource=tranquility [t/e: 0.06s/100]
[2019-04-30 06:21:13] eseye.INFO: [http 304, not modified] get -> https://esi.evetech.net/latest/characters/2112599709/?datasource=tranquility [t/e: 0.07s/100]
[2019-04-30 06:21:13] eseye.INFO: [http 304, not modified] get -> https://esi.evetech.net/latest/characters/1234188283/?datasource=tranquility [t/e: 0.06s/100]
[2019-04-30 06:21:13] eseye.INFO: [http 304, not modified] get -> https://esi.evetech.net/latest/characters/93146323/?datasource=tranquility [t/e: 0.07s/100]
[2019-04-30 08:08:05] eseye.INFO: [http 200, ok] get -> https://esi.evetech.net/latest/characters/2114421623/?datasource=tranquility [t/e: 0.28s/100]
[2019-04-30 08:08:05] eseye.INFO: [http 200, ok] get -> https://esi.evetech.net/latest/corporations/98139880/?datasource=tranquility [t/e: 0.02s/100]
[2019-04-30 08:08:05] eseye.INFO: [http 200, ok] get -> https://esi.evetech.net/latest/characters/2114421623/?datasource=tranquility [t/e: 0.07s/100]
[2019-04-30 08:08:05] eseye.INFO: [http 200, ok] get -> https://esi.evetech.net/latest/corporations/98139880/?datasource=tranquility [t/e: 0.04s/100]
[2019-04-30 11:16:09] eseye.INFO: [http 200, ok] get -> https://esi.evetech.net/latest/characters/90653967/?datasource=tranquility [t/e: 0.07s/100]
[2019-04-30 11:16:09] eseye.INFO: [http 200, ok] get -> https://esi.evetech.net/latest/corporations/98139880/?datasource=tranquility [t/e: 0.13s/100]
[2019-04-30 11:16:09] eseye.INFO: [http 200, ok] get -> https://esi.evetech.net/latest/characters/90653967/?datasource=tranquility [t/e: 0.06s/100]
[2019-04-30 11:16:09] eseye.INFO: [http 200, ok] get -> https://esi.evetech.net/latest/corporations/98139880/?datasource=tranquility [t/e: 0.02s/100]
[2019-04-30 15:08:51] eseye.INFO: [http 200, ok] get -> https://esi.evetech.net/latest/characters/95468082/?datasource=tranquility [t/e: 0.23s/100]
[2019-04-30 15:08:51] eseye.INFO: [http 200, ok] get -> https://esi.evetech.net/latest/corporations/98455521/?datasource=tranquility [t/e: 0.02s/100]
[2019-04-30 15:08:51] eseye.INFO: [http 200, ok] get -> https://esi.evetech.net/latest/characters/95468082/?datasource=tranquility [t/e: 0.06s/100]
[2019-04-30 15:08:51] eseye.INFO: [http 200, ok] get -> https://esi.evetech.net/latest/corporations/98455521/?datasource=tranquility [t/e: 0.02s/100]
[2019-04-30 17:03:24] eseye.INFO: [http 304, not modified] get -> https://esi.evetech.net/latest/characters/97253605/?datasource=tranquility [t/e: 0.07s/100]
[2019-04-30 17:03:24] eseye.INFO: [http 304, not modified] get -> https://esi.evetech.net/latest/characters/2113901546/?datasource=tranquility [t/e: 0.06s/100]
[2019-04-30 17:03:24] eseye.INFO: [http 304, not modified] get -> https://esi.evetech.net/latest/characters/93398375/?datasource=tranquility [t/e: 0.06s/100]
[2019-04-30 17:03:24] eseye.INFO: [http 304, not modified] get -> https://esi.evetech.net/latest/characters/686119010/?datasource=tranquility [t/e: 0.06s/100]
[2019-04-30 17:03:25] eseye.INFO: [http 304, not modified] get -> https://esi.evetech.net/latest/characters/96013783/?datasource=tranquility [t/e: 0.27s/100]
[2019-04-30 17:03:25] eseye.INFO: [http 304, not modified] get -> https://esi.evetech.net/latest/characters/2113901546/?datasource=tranquility [t/e: 0.07s/100]
[2019-04-30 17:03:25] eseye.INFO: [http 304, not modified] get -> https://esi.evetech.net/latest/characters/93398375/?datasource=tranquility [t/e: 0.07s/100]
[2019-04-30 17:03:25] eseye.INFO: [http 304, not modified] get -> https://esi.evetech.net/latest/characters/94880353/?datasource=tranquility [t/e: 0.23s/100]
[2019-04-30 17:03:25] eseye.INFO: [http 304, not modified] get -> https://esi.evetech.net/latest/characters/94880353/?datasource=tranquility [t/e: 0.06s/100]
[2019-04-30 17:03:25] eseye.INFO: [http 304, not modified] get -> https://esi.evetech.net/latest/characters/96013783/?datasource=tranquility [t/e: 0.06s/100]
[2019-04-30 17:03:25] eseye.INFO: [http 304, not modified] get -> https://esi.evetech.net/latest/characters/2113614284/?datasource=tranquility [t/e: 0.25s/100]
[2019-04-30 17:03:26] eseye.INFO: [http 304, not modified] get -> https://esi.evetech.net/latest/characters/2027080054/?datasource=tranquility [t/e: 0.21s/100]
[2019-04-30 17:03:26] eseye.INFO: [http 304, not modified] get -> https://esi.evetech.net/latest/characters/2113614284/?datasource=tranquility [t/e: 0.07s/100]
[2019-04-30 17:03:26] eseye.INFO: [http 304, not modified] get -> https://esi.evetech.net/latest/characters/1234188283/?datasource=tranquility [t/e: 0.25s/100]
[2019-04-30 17:03:26] eseye.INFO: [http 304, not modified] get -> https://esi.evetech.net/latest/characters/2112599709/?datasource=tranquility [t/e: 0.06s/100]
[2019-04-30 17:03:26] eseye.INFO: [http 304, not modified] get -> https://esi.evetech.net/latest/characters/2112599709/?datasource=tranquility [t/e: 0.07s/100]
[2019-04-30 17:03:26] eseye.INFO: [http 304, not modified] get -> https://esi.evetech.net/latest/characters/95801394/?datasource=tranquility [t/e: 0.23s/100]
[2019-04-30 17:03:26] eseye.INFO: [http 304, not modified] get -> https://esi.evetech.net/latest/characters/165386896/?datasource=tranquility [t/e: 0.07s/100]
[2019-04-30 17:03:26] eseye.INFO: [http 304, not modified] get -> https://esi.evetech.net/latest/characters/2113901546/?datasource=tranquility [t/e: 0.10s/100]
[2019-04-30 17:03:27] eseye.INFO: [http 304, not modified] get -> https://esi.evetech.net/latest/characters/2112599709/?datasource=tranquility [t/e: 0.09s/100]
[2019-04-30 17:03:27] eseye.INFO: [http 304, not modified] get -> https://esi.evetech.net/latest/characters/1234188283/?datasource=tranquility [t/e: 0.07s/100]
[2019-04-30 17:03:27] eseye.INFO: [http 304, not modified] get -> https://esi.evetech.net/latest/characters/93146323/?datasource=tranquility [t/e: 0.22s/100]
[2019-04-30 17:04:56] eseye.INFO: [http 200, ok] get -> https://esi.evetech.net/latest/search/?datasource=tranquility&categories=character&search=buster+cheri&strict=true [t/e: 0.15s/100]
[2019-04-30 17:05:11] eseye.INFO: [http 304, not modified] get -> https://esi.evetech.net/latest/characters/97253605/?datasource=tranquility [t/e: 0.07s/100]
[2019-04-30 17:05:12] eseye.INFO: [http 304, not modified] get -> https://esi.evetech.net/latest/characters/2113901546/?datasource=tranquility [t/e: 0.07s/100]
[2019-04-30 17:05:12] eseye.INFO: [http 304, not modified] get -> https://esi.evetech.net/latest/characters/93398375/?datasource=tranquility [t/e: 0.07s/100]
[2019-04-30 17:05:12] eseye.INFO: [http 304, not modified] get -> https://esi.evetech.net/latest/characters/686119010/?datasource=tranquility [t/e: 0.07s/100]
[2019-04-30 17:05:12] eseye.INFO: [http 304, not modified] get -> https://esi.evetech.net/latest/characters/96013783/?datasource=tranquility [t/e: 0.06s/100]
[2019-04-30 17:05:12] eseye.INFO: [http 304, not modified] get -> https://esi.evetech.net/latest/characters/2113901546/?datasource=tranquility [t/e: 0.06s/100]
[2019-04-30 17:05:12] eseye.INFO: [http 304, not modified] get -> https://esi.evetech.net/latest/characters/93398375/?datasource=tranquility [t/e: 0.07s/100]
[2019-04-30 17:05:12] eseye.INFO: [http 304, not modified] get -> https://esi.evetech.net/latest/characters/94880353/?datasource=tranquility [t/e: 0.07s/100]
[2019-04-30 17:05:12] eseye.INFO: [http 304, not modified] get -> https://esi.evetech.net/latest/characters/94880353/?datasource=tranquility [t/e: 0.07s/100]
[2019-04-30 17:05:12] eseye.INFO: [http 304, not modified] get -> https://esi.evetech.net/latest/characters/96013783/?datasource=tranquility [t/e: 0.07s/100]
[2019-04-30 17:05:12] eseye.INFO: [http 304, not modified] get -> https://esi.evetech.net/latest/characters/2113614284/?datasource=tranquility [t/e: 0.06s/100]
[2019-04-30 17:05:12] eseye.INFO: [http 304, not modified] get -> https://esi.evetech.net/latest/characters/2027080054/?datasource=tranquility [t/e: 0.07s/100]
[2019-04-30 17:05:12] eseye.INFO: [http 304, not modified] get -> https://esi.evetech.net/latest/characters/2113614284/?datasource=tranquility [t/e: 0.06s/100]
[2019-04-30 17:05:12] eseye.INFO: [http 304, not modified] get -> https://esi.evetech.net/latest/characters/1234188283/?datasource=tranquility [t/e: 0.07s/100]
[2019-04-30 17:05:13] eseye.INFO: [http 304, not modified] get -> https://esi.evetech.net/latest/characters/2112599709/?datasource=tranquility [t/e: 0.08s/100]
[2019-04-30 17:05:13] eseye.INFO: [http 304, not modified] get -> https://esi.evetech.net/latest/characters/2112599709/?datasource=tranquility [t/e: 0.07s/100]
[2019-04-30 17:05:13] eseye.INFO: [http 304, not modified] get -> https://esi.evetech.net/latest/characters/95801394/?datasource=tranquility [t/e: 0.06s/100]
[2019-04-30 17:05:13] eseye.INFO: [http 304, not modified] get -> https://esi.evetech.net/latest/characters/165386896/?datasource=tranquility [t/e: 0.06s/100]
[2019-04-30 17:05:13] eseye.INFO: [http 304, not modified] get -> https://esi.evetech.net/latest/characters/2113901546/?datasource=tranquility [t/e: 0.07s/100]
[2019-04-30 17:05:13] eseye.INFO: [http 304, not modified] get -> https://esi.evetech.net/latest/characters/2112599709/?datasource=tranquility [t/e: 0.07s/100]
[2019-04-30 17:05:13] eseye.INFO: [http 304, not modified] get -> https://esi.evetech.net/latest/characters/1234188283/?datasource=tranquility [t/e: 0.07s/100]
[2019-04-30 17:05:13] eseye.INFO: [http 304, not modified] get -> https://esi.evetech.net/latest/characters/93146323/?datasource=tranquility [t/e: 0.07s/100]
[2019-04-30 17:05:29] eseye.INFO: [http 304, not modified] get -> https://esi.evetech.net/latest/characters/97253605/?datasource=tranquility [t/e: 0.10s/100]
[2019-04-30 17:05:30] eseye.INFO: [http 304, not modified] get -> https://esi.evetech.net/latest/characters/2113901546/?datasource=tranquility [t/e: 0.08s/100]
[2019-04-30 17:05:30] eseye.INFO: [http 304, not modified] get -> https://esi.evetech.net/latest/characters/93398375/?datasource=tranquility [t/e: 0.07s/100]
[2019-04-30 17:05:30] eseye.INFO: [http 304, not modified] get -> https://esi.evetech.net/latest/characters/686119010/?datasource=tranquility [t/e: 0.15s/100]
[2019-04-30 17:05:30] eseye.INFO: [http 304, not modified] get -> https://esi.evetech.net/latest/characters/96013783/?datasource=tranquility [t/e: 0.08s/100]
[2019-04-30 17:05:30] eseye.INFO: [http 304, not modified] get -> https://esi.evetech.net/latest/characters/2113901546/?datasource=tranquility [t/e: 0.07s/100]
[2019-04-30 17:05:30] eseye.INFO: [http 304, not modified] get -> https://esi.evetech.net/latest/characters/93398375/?datasource=tranquility [t/e: 0.06s/100]
[2019-04-30 17:05:30] eseye.INFO: [http 304, not modified] get -> https://esi.evetech.net/latest/characters/94880353/?datasource=tranquility [t/e: 0.06s/100]
[2019-04-30 17:05:30] eseye.INFO: [http 304, not modified] get -> https://esi.evetech.net/latest/characters/94880353/?datasource=tranquility [t/e: 0.07s/100]
[2019-04-30 17:05:30] eseye.INFO: [http 304, not modified] get -> https://esi.evetech.net/latest/characters/96013783/?datasource=tranquility [t/e: 0.09s/100]
[2019-04-30 17:05:30] eseye.INFO: [http 304, not modified] get -> https://esi.evetech.net/latest/characters/2113614284/?datasource=tranquility [t/e: 0.08s/100]
[2019-04-30 17:05:30] eseye.INFO: [http 304, not modified] get -> https://esi.evetech.net/latest/characters/2027080054/?datasource=tranquility [t/e: 0.07s/100]
[2019-04-30 17:05:30] eseye.INFO: [http 304, not modified] get -> https://esi.evetech.net/latest/characters/2113614284/?datasource=tranquility [t/e: 0.07s/100]
[2019-04-30 17:05:31] eseye.INFO: [http 304, not modified] get -> https://esi.evetech.net/latest/characters/1234188283/?datasource=tranquility [t/e: 0.06s/100]
[2019-04-30 17:05:31] eseye.INFO: [http 304, not modified] get -> https://esi.evetech.net/latest/characters/2112599709/?datasource=tranquility [t/e: 0.07s/100]
[2019-04-30 17:05:31] eseye.INFO: [http 304, not modified] get -> https://esi.evetech.net/latest/characters/2112599709/?datasource=tranquility [t/e: 0.10s/100]
[2019-04-30 17:05:31] eseye.INFO: [http 304, not modified] get -> https://esi.evetech.net/latest/characters/95801394/?datasource=tranquility [t/e: 0.07s/100]
[2019-04-30 17:05:31] eseye.INFO: [http 304, not modified] get -> https://esi.evetech.net/latest/characters/165386896/?datasource=tranquility [t/e: 0.06s/100]
[2019-04-30 17:05:31] eseye.INFO: [http 304, not modified] get -> https://esi.evetech.net/latest/characters/2113901546/?datasource=tranquility [t/e: 0.07s/100]
[2019-04-30 17:05:31] eseye.INFO: [http 304, not modified] get -> https://esi.evetech.net/latest/characters/2112599709/?datasource=tranquility [t/e: 0.11s/100]
[2019-04-30 17:05:31] eseye.INFO: [http 304, not modified] get -> https://esi.evetech.net/latest/characters/1234188283/?datasource=tranquility [t/e: 0.06s/100]
[2019-04-30 17:05:31] eseye.INFO: [http 304, not modified] get -> https://esi.evetech.net/latest/characters/93146323/?datasource=tranquility [t/e: 0.06s/100]
[2019-04-30 20:40:39] eseye.INFO: [http 304, not modified] get -> https://esi.evetech.net/latest/characters/97253605/?datasource=tranquility [t/e: 0.25s/100]
[2019-04-30 20:40:39] eseye.INFO: [http 200, ok] get -> https://esi.evetech.net/latest/characters/2113901546/?datasource=tranquility [t/e: 0.18s/100]
[2019-04-30 20:40:39] eseye.INFO: [http 304, not modified] get -> https://esi.evetech.net/latest/characters/93398375/?datasource=tranquility [t/e: 0.23s/100]
[2019-04-30 20:40:39] eseye.INFO: [http 304, not modified] get -> https://esi.evetech.net/latest/characters/686119010/?datasource=tranquility [t/e: 0.06s/100]
[2019-04-30 20:40:39] eseye.INFO: [http 304, not modified] get -> https://esi.evetech.net/latest/characters/96013783/?datasource=tranquility [t/e: 0.23s/100]
[2019-04-30 20:40:39] eseye.INFO: [http 200, ok] get -> https://esi.evetech.net/latest/characters/2113901546/?datasource=tranquility [t/e: 0.06s/100]
[2019-04-30 20:40:40] eseye.INFO: [http 304, not modified] get -> https://esi.evetech.net/latest/characters/93398375/?datasource=tranquility [t/e: 0.06s/100]
[2019-04-30 20:40:40] eseye.INFO: [http 304, not modified] get -> https://esi.evetech.net/latest/characters/94880353/?datasource=tranquility [t/e: 0.21s/100]
[2019-04-30 20:40:40] eseye.INFO: [http 304, not modified] get -> https://esi.evetech.net/latest/characters/94880353/?datasource=tranquility [t/e: 0.06s/100]
[2019-04-30 20:40:40] eseye.INFO: [http 304, not modified] get -> https://esi.evetech.net/latest/characters/96013783/?datasource=tranquility [t/e: 0.07s/100]
[2019-04-30 20:40:40] eseye.INFO: [http 304, not modified] get -> https://esi.evetech.net/latest/characters/2113614284/?datasource=tranquility [t/e: 0.22s/100]
[2019-04-30 20:40:40] eseye.INFO: [http 304, not modified] get -> https://esi.evetech.net/latest/characters/2027080054/?datasource=tranquility [t/e: 0.19s/100]
[2019-04-30 20:40:40] eseye.INFO: [http 304, not modified] get -> https://esi.evetech.net/latest/characters/2113614284/?datasource=tranquility [t/e: 0.06s/100]
[2019-04-30 20:40:41] eseye.INFO: [http 304, not modified] get -> https://esi.evetech.net/latest/characters/1234188283/?datasource=tranquility [t/e: 0.21s/100]
[2019-04-30 20:40:41] eseye.INFO: [http 304, not modified] get -> https://esi.evetech.net/latest/characters/2112599709/?datasource=tranquility [t/e: 0.07s/100]
[2019-04-30 20:40:41] eseye.INFO: [http 304, not modified] get -> https://esi.evetech.net/latest/characters/2112599709/?datasource=tranquility [t/e: 0.07s/100]
[2019-04-30 20:40:41] eseye.INFO: [http 304, not modified] get -> https://esi.evetech.net/latest/characters/95801394/?datasource=tranquility [t/e: 0.27s/100]
[2019-04-30 20:40:41] eseye.INFO: [http 304, not modified] get -> https://esi.evetech.net/latest/characters/165386896/?datasource=tranquility [t/e: 0.23s/100]
[2019-04-30 20:40:41] eseye.INFO: [http 200, ok] get -> https://esi.evetech.net/latest/characters/2113901546/?datasource=tranquility [t/e: 0.07s/100]
[2019-04-30 20:40:41] eseye.INFO: [http 304, not modified] get -> https://esi.evetech.net/latest/characters/2112599709/?datasource=tranquility [t/e: 0.06s/100]
[2019-04-30 20:40:42] eseye.INFO: [http 304, not modified] get -> https://esi.evetech.net/latest/characters/1234188283/?datasource=tranquility [t/e: 0.06s/100]
[2019-04-30 20:40:42] eseye.INFO: [http 304, not modified] get -> https://esi.evetech.net/latest/characters/93146323/?datasource=tranquility [t/e: 0.22s/100]
[2019-04-30 20:50:44] eseye.INFO: [http 304, not modified] get -> https://esi.evetech.net/latest/characters/97253605/?datasource=tranquility [t/e: 0.07s/100]
[2019-04-30 20:50:44] eseye.INFO: [http 200, ok] get -> https://esi.evetech.net/latest/characters/2113901546/?datasource=tranquility [t/e: 0.06s/100]
[2019-04-30 20:50:44] eseye.INFO: [http 304, not modified] get -> https://esi.evetech.net/latest/characters/93398375/?datasource=tranquility [t/e: 0.07s/100]
[2019-04-30 20:50:44] eseye.INFO: [http 304, not modified] get -> https://esi.evetech.net/latest/characters/686119010/?datasource=tranquility [t/e: 0.07s/100]
[2019-04-30 20:50:44] eseye.INFO: [http 304, not modified] get -> https://esi.evetech.net/latest/characters/96013783/?datasource=tranquility [t/e: 0.07s/100]
[2019-04-30 20:50:44] eseye.INFO: [http 200, ok] get -> https://esi.evetech.net/latest/characters/2113901546/?datasource=tranquility [t/e: 0.06s/100]
[2019-04-30 20:50:44] eseye.INFO: [http 304, not modified] get -> https://esi.evetech.net/latest/characters/93398375/?datasource=tranquility [t/e: 0.06s/100]
[2019-04-30 20:50:44] eseye.INFO: [http 304, not modified] get -> https://esi.evetech.net/latest/characters/94880353/?datasource=tranquility [t/e: 0.07s/100]
[2019-04-30 20:50:44] eseye.INFO: [http 304, not modified] get -> https://esi.evetech.net/latest/characters/94880353/?datasource=tranquility [t/e: 0.07s/100]
[2019-04-30 20:50:44] eseye.INFO: [http 304, not modified] get -> https://esi.evetech.net/latest/characters/96013783/?datasource=tranquility [t/e: 0.07s/100]
[2019-04-30 20:50:44] eseye.INFO: [http 304, not modified] get -> https://esi.evetech.net/latest/characters/2113614284/?datasource=tranquility [t/e: 0.07s/100]
[2019-04-30 20:50:44] eseye.INFO: [http 304, not modified] get -> https://esi.evetech.net/latest/characters/2027080054/?datasource=tranquility [t/e: 0.07s/100]
[2019-04-30 20:50:45] eseye.INFO: [http 304, not modified] get -> https://esi.evetech.net/latest/characters/2113614284/?datasource=tranquility [t/e: 0.06s/100]
[2019-04-30 20:50:45] eseye.INFO: [http 304, not modified] get -> https://esi.evetech.net/latest/characters/1234188283/?datasource=tranquility [t/e: 0.06s/100]
[2019-04-30 20:50:45] eseye.INFO: [http 304, not modified] get -> https://esi.evetech.net/latest/characters/2112599709/?datasource=tranquility [t/e: 0.07s/100]
[2019-04-30 20:50:45] eseye.INFO: [http 304, not modified] get -> https://esi.evetech.net/latest/characters/2112599709/?datasource=tranquility [t/e: 0.07s/100]
[2019-04-30 20:50:45] eseye.INFO: [http 304, not modified] get -> https://esi.evetech.net/latest/characters/95801394/?datasource=tranquility [t/e: 0.07s/100]
[2019-04-30 20:50:45] eseye.INFO: [http 304, not modified] get -> https://esi.evetech.net/latest/characters/165386896/?datasource=tranquility [t/e: 0.07s/100]
[2019-04-30 20:50:45] eseye.INFO: [http 200, ok] get -> https://esi.evetech.net/latest/characters/2113901546/?datasource=tranquility [t/e: 0.06s/100]
[2019-04-30 20:50:45] eseye.INFO: [http 304, not modified] get -> https://esi.evetech.net/latest/characters/2112599709/?datasource=tranquility [t/e: 0.07s/100]
[2019-04-30 20:50:45] eseye.INFO: [http 304, not modified] get -> https://esi.evetech.net/latest/characters/1234188283/?datasource=tranquility [t/e: 0.07s/100]
[2019-04-30 20:50:45] eseye.INFO: [http 304, not modified] get -> https://esi.evetech.net/latest/characters/93146323/?datasource=tranquility [t/e: 0.07s/100]
[2019-04-30 20:51:07] eseye.INFO: [http 304, not modified] get -> https://esi.evetech.net/latest/characters/97253605/?datasource=tranquility [t/e: 0.07s/100]
[2019-04-30 20:51:07] eseye.INFO: [http 200, ok] get -> https://esi.evetech.net/latest/characters/2113901546/?datasource=tranquility [t/e: 0.06s/100]
[2019-04-30 20:51:07] eseye.INFO: [http 304, not modified] get -> https://esi.evetech.net/latest/characters/93398375/?datasource=tranquility [t/e: 0.07s/100]
[2019-04-30 20:51:07] eseye.INFO: [http 304, not modified] get -> https://esi.evetech.net/latest/characters/686119010/?datasource=tranquility [t/e: 0.06s/100]
[2019-04-30 20:51:07] eseye.INFO: [http 304, not modified] get -> https://esi.evetech.net/latest/characters/96013783/?datasource=tranquility [t/e: 0.08s/100]
[2019-04-30 20:51:07] eseye.INFO: [http 200, ok] get -> https://esi.evetech.net/latest/characters/2113901546/?datasource=tranquility [t/e: 0.07s/100]
[2019-04-30 20:51:07] eseye.INFO: [http 304, not modified] get -> https://esi.evetech.net/latest/characters/93398375/?datasource=tranquility [t/e: 0.06s/100]
[2019-04-30 20:51:07] eseye.INFO: [http 304, not modified] get -> https://esi.evetech.net/latest/characters/94880353/?datasource=tranquility [t/e: 0.07s/100]
[2019-04-30 20:51:07] eseye.INFO: [http 304, not modified] get -> https://esi.evetech.net/latest/characters/94880353/?datasource=tranquility [t/e: 0.06s/100]
[2019-04-30 20:51:07] eseye.INFO: [http 304, not modified] get -> https://esi.evetech.net/latest/characters/96013783/?datasource=tranquility [t/e: 0.06s/100]
[2019-04-30 20:51:07] eseye.INFO: [http 304, not modified] get -> https://esi.evetech.net/latest/characters/2113614284/?datasource=tranquility [t/e: 0.06s/100]
[2019-04-30 20:51:07] eseye.INFO: [http 304, not modified] get -> https://esi.evetech.net/latest/characters/2027080054/?datasource=tranquility [t/e: 0.06s/100]
[2019-04-30 20:51:07] eseye.INFO: [http 304, not modified] get -> https://esi.evetech.net/latest/characters/2113614284/?datasource=tranquility [t/e: 0.06s/100]
[2019-04-30 20:51:08] eseye.INFO: [http 304, not modified] get -> https://esi.evetech.net/latest/characters/1234188283/?datasource=tranquility [t/e: 0.07s/100]
[2019-04-30 20:51:08] eseye.INFO: [http 304, not modified] get -> https://esi.evetech.net/latest/characters/2112599709/?datasource=tranquility [t/e: 0.06s/100]
[2019-04-30 20:51:08] eseye.INFO: [http 304, not modified] get -> https://esi.evetech.net/latest/characters/2112599709/?datasource=tranquility [t/e: 0.06s/100]
[2019-04-30 20:51:08] eseye.INFO: [http 304, not modified] get -> https://esi.evetech.net/latest/characters/95801394/?datasource=tranquility [t/e: 0.07s/100]
[2019-04-30 20:51:08] eseye.INFO: [http 304, not modified] get -> https://esi.evetech.net/latest/characters/165386896/?datasource=tranquility [t/e: 0.07s/100]
[2019-04-30 20:51:08] eseye.INFO: [http 200, ok] get -> https://esi.evetech.net/latest/characters/2113901546/?datasource=tranquility [t/e: 0.07s/100]
[2019-04-30 20:51:08] eseye.INFO: [http 304, not modified] get -> https://esi.evetech.net/latest/characters/2112599709/?datasource=tranquility [t/e: 0.06s/100]
[2019-04-30 20:51:08] eseye.INFO: [http 304, not modified] get -> https://esi.evetech.net/latest/characters/1234188283/?datasource=tranquility [t/e: 0.07s/100]
[2019-04-30 20:51:08] eseye.INFO: [http 304, not modified] get -> https://esi.evetech.net/latest/characters/93146323/?datasource=tranquility [t/e: 0.07s/100]
[2019-04-30 20:51:10] eseye.INFO: [http 304, not modified] get -> https://esi.evetech.net/latest/characters/97253605/?datasource=tranquility [t/e: 0.07s/100]
[2019-04-30 20:51:10] eseye.INFO: [http 200, ok] get -> https://esi.evetech.net/latest/characters/2113901546/?datasource=tranquility [t/e: 0.09s/100]
[2019-04-30 20:51:10] eseye.INFO: [http 304, not modified] get -> https://esi.evetech.net/latest/characters/93398375/?datasource=tranquility [t/e: 0.06s/100]
[2019-04-30 20:51:10] eseye.INFO: [http 304, not modified] get -> https://esi.evetech.net/latest/characters/686119010/?datasource=tranquility [t/e: 0.10s/100]
[2019-04-30 20:51:11] eseye.INFO: [http 304, not modified] get -> https://esi.evetech.net/latest/characters/96013783/?datasource=tranquility [t/e: 0.07s/100]
[2019-04-30 20:51:11] eseye.INFO: [http 200, ok] get -> https://esi.evetech.net/latest/characters/2113901546/?datasource=tranquility [t/e: 0.06s/100]
[2019-04-30 20:51:11] eseye.INFO: [http 304, not modified] get -> https://esi.evetech.net/latest/characters/93398375/?datasource=tranquility [t/e: 0.07s/100]
[2019-04-30 20:51:11] eseye.INFO: [http 304, not modified] get -> https://esi.evetech.net/latest/characters/94880353/?datasource=tranquility [t/e: 0.07s/100]
[2019-04-30 20:51:11] eseye.INFO: [http 304, not modified] get -> https://esi.evetech.net/latest/characters/94880353/?datasource=tranquility [t/e: 0.07s/100]
[2019-04-30 20:51:11] eseye.INFO: [http 304, not modified] get -> https://esi.evetech.net/latest/characters/96013783/?datasource=tranquility [t/e: 0.09s/100]
[2019-04-30 20:51:11] eseye.INFO: [http 304, not modified] get -> https://esi.evetech.net/latest/characters/2113614284/?datasource=tranquility [t/e: 0.07s/100]
[2019-04-30 20:51:11] eseye.INFO: [http 304, not modified] get -> https://esi.evetech.net/latest/characters/2027080054/?datasource=tranquility [t/e: 0.06s/100]
[2019-04-30 20:51:11] eseye.INFO: [http 304, not modified] get -> https://esi.evetech.net/latest/characters/2113614284/?datasource=tranquility [t/e: 0.06s/100]
[2019-04-30 20:51:11] eseye.INFO: [http 304, not modified] get -> https://esi.evetech.net/latest/characters/1234188283/?datasource=tranquility [t/e: 0.07s/100]
[2019-04-30 20:51:11] eseye.INFO: [http 304, not modified] get -> https://esi.evetech.net/latest/characters/2112599709/?datasource=tranquility [t/e: 0.07s/100]
[2019-04-30 20:51:11] eseye.INFO: [http 304, not modified] get -> https://esi.evetech.net/latest/characters/2112599709/?datasource=tranquility [t/e: 0.06s/100]
[2019-04-30 20:51:11] eseye.INFO: [http 304, not modified] get -> https://esi.evetech.net/latest/characters/95801394/?datasource=tranquility [t/e: 0.07s/100]
[2019-04-30 20:51:12] eseye.INFO: [http 304, not modified] get -> https://esi.evetech.net/latest/characters/165386896/?datasource=tranquility [t/e: 0.06s/100]
[2019-04-30 20:51:12] eseye.INFO: [http 200, ok] get -> https://esi.evetech.net/latest/characters/2113901546/?datasource=tranquility [t/e: 0.06s/100]
[2019-04-30 20:51:12] eseye.INFO: [http 304, not modified] get -> https://esi.evetech.net/latest/characters/2112599709/?datasource=tranquility [t/e: 0.06s/100]
[2019-04-30 20:51:12] eseye.INFO: [http 304, not modified] get -> https://esi.evetech.net/latest/characters/1234188283/?datasource=tranquility [t/e: 0.06s/100]
[2019-04-30 20:51:12] eseye.INFO: [http 304, not modified] get -> https://esi.evetech.net/latest/characters/93146323/?datasource=tranquility [t/e: 0.07s/100]
