[2019-05-06 00:44:52] eseye.INFO: [http 200, ok] get -> https://esi.evetech.net/latest/characters/97253605/?datasource=tranquility [t/e: 0.07s/100]
[2019-05-06 00:44:52] eseye.INFO: [http 200, ok] get -> https://esi.evetech.net/latest/characters/2113901546/?datasource=tranquility [t/e: 0.07s/100]
[2019-05-06 00:44:52] eseye.INFO: [http 200, ok] get -> https://esi.evetech.net/latest/characters/93398375/?datasource=tranquility [t/e: 0.09s/100]
[2019-05-06 00:44:52] eseye.INFO: [http 200, ok] get -> https://esi.evetech.net/latest/characters/686119010/?datasource=tranquility [t/e: 0.06s/100]
[2019-05-06 00:44:53] eseye.INFO: [http 200, ok] get -> https://esi.evetech.net/latest/characters/96013783/?datasource=tranquility [t/e: 0.08s/100]
[2019-05-06 00:44:53] eseye.INFO: [http 200, ok] get -> https://esi.evetech.net/latest/characters/94880353/?datasource=tranquility [t/e: 0.06s/100]
[2019-05-06 00:44:53] eseye.INFO: [http 200, ok] get -> https://esi.evetech.net/latest/characters/97097931/?datasource=tranquility [t/e: 0.06s/100]
[2019-05-06 00:44:53] eseye.INFO: [http 200, ok] get -> https://esi.evetech.net/latest/characters/92947432/?datasource=tranquility [t/e: 0.06s/100]
[2019-05-06 00:44:53] eseye.INFO: [http 200, ok] get -> https://esi.evetech.net/latest/characters/1234188283/?datasource=tranquility [t/e: 0.06s/100]
[2019-05-06 00:44:53] eseye.INFO: [http 200, ok] get -> https://esi.evetech.net/latest/characters/2112599709/?datasource=tranquility [t/e: 0.06s/100]
[2019-05-06 00:44:53] eseye.INFO: [http 200, ok] get -> https://esi.evetech.net/latest/characters/95801394/?datasource=tranquility [t/e: 0.06s/100]
[2019-05-06 00:44:53] eseye.INFO: [http 200, ok] get -> https://esi.evetech.net/latest/characters/165386896/?datasource=tranquility [t/e: 0.06s/100]
[2019-05-06 01:42:43] eseye.INFO: [http 200, ok] get -> https://esi.evetech.net/latest/characters/97253605/?datasource=tranquility [t/e: 0.24s/100]
[2019-05-06 01:42:43] eseye.INFO: [http 200, ok] get -> https://esi.evetech.net/latest/characters/2113901546/?datasource=tranquility [t/e: 0.06s/100]
[2019-05-06 01:42:43] eseye.INFO: [http 200, ok] get -> https://esi.evetech.net/latest/characters/93398375/?datasource=tranquility [t/e: 0.06s/100]
[2019-05-06 01:42:44] eseye.INFO: [http 200, ok] get -> https://esi.evetech.net/latest/characters/686119010/?datasource=tranquility [t/e: 0.06s/100]
[2019-05-06 01:42:44] eseye.INFO: [http 200, ok] get -> https://esi.evetech.net/latest/characters/96013783/?datasource=tranquility [t/e: 0.24s/100]
[2019-05-06 01:42:44] eseye.INFO: [http 200, ok] get -> https://esi.evetech.net/latest/characters/94880353/?datasource=tranquility [t/e: 0.23s/100]
[2019-05-06 01:42:44] eseye.INFO: [http 200, ok] get -> https://esi.evetech.net/latest/characters/97097931/?datasource=tranquility [t/e: 0.07s/100]
[2019-05-06 01:42:44] eseye.INFO: [http 200, ok] get -> https://esi.evetech.net/latest/characters/92947432/?datasource=tranquility [t/e: 0.06s/100]
[2019-05-06 01:42:44] eseye.INFO: [http 200, ok] get -> https://esi.evetech.net/latest/characters/1234188283/?datasource=tranquility [t/e: 0.24s/100]
[2019-05-06 01:42:45] eseye.INFO: [http 200, ok] get -> https://esi.evetech.net/latest/characters/2112599709/?datasource=tranquility [t/e: 0.06s/100]
[2019-05-06 01:42:45] eseye.INFO: [http 200, ok] get -> https://esi.evetech.net/latest/characters/95801394/?datasource=tranquility [t/e: 0.06s/100]
[2019-05-06 01:42:45] eseye.INFO: [http 200, ok] get -> https://esi.evetech.net/latest/characters/165386896/?datasource=tranquility [t/e: 0.22s/100]
[2019-05-06 01:57:47] eseye.ERROR: [http 404, not found] get -> https://esi.evetech.net/latest/characters/Bubbarabb%20Stjames/?datasource=tranquility [t/e: 0.07s/99]
[2019-05-06 01:57:47] eseye.ERROR: [http 404, not found] get -> https://esi.evetech.net/latest/corporations//?datasource=tranquility [t/e: 0.07s/98]
[2019-05-06 01:58:38] eseye.ERROR: [http 404, not found] get -> https://esi.evetech.net/latest/characters/Bubbarabb%20Stjames/?datasource=tranquility [t/e: 0.07s/99]
[2019-05-06 01:58:39] eseye.ERROR: [http 404, not found] get -> https://esi.evetech.net/latest/corporations//?datasource=tranquility [t/e: 0.07s/98]
[2019-05-06 01:59:15] eseye.ERROR: [http 404, not found] get -> https://esi.evetech.net/latest/characters/Bubbarabb%20Stjames/?datasource=tranquility [t/e: 0.07s/99]
[2019-05-06 02:00:30] eseye.INFO: [http 200, ok] get -> https://esi.evetech.net/latest/alliances/99003214/?datasource=tranquility [t/e: 0.07s/98]
[2019-05-06 02:00:31] eseye.INFO: [http 200, ok] get -> https://esi.evetech.net/latest/characters/93398375/?datasource=tranquility [t/e: 0.21s/98]
[2019-05-06 02:00:31] eseye.INFO: [http 200, ok] get -> https://esi.evetech.net/latest/alliances/99004116/?datasource=tranquility [t/e: 0.06s/98]
[2019-05-06 02:00:31] eseye.INFO: [http 200, ok] get -> https://esi.evetech.net/latest/corporations/2050167181/?datasource=tranquility [t/e: 0.06s/98]
[2019-05-06 02:00:31] eseye.INFO: [http 200, ok] get -> https://esi.evetech.net/latest/characters/92947432/?datasource=tranquility [t/e: 0.06s/98]
[2019-05-06 02:00:31] eseye.INFO: [http 200, ok] get -> https://esi.evetech.net/latest/corporations/259634915/?datasource=tranquility [t/e: 0.07s/98]
[2019-05-06 02:00:31] eseye.INFO: [http 200, ok] get -> https://esi.evetech.net/latest/corporations/98548700/?datasource=tranquility [t/e: 0.07s/98]
[2019-05-06 02:07:19] eseye.INFO: [http 200, ok] get -> https://esi.evetech.net/latest/characters/2112599709/?datasource=tranquility [t/e: 0.07s/100]
[2019-05-06 02:33:50] eseye.INFO: [http 200, ok] get -> https://esi.evetech.net/latest/characters/2113901546/?datasource=tranquility [t/e: 0.25s/100]
[2019-05-06 02:33:50] eseye.INFO: [http 200, ok] get -> https://esi.evetech.net/latest/alliances/99004116/?datasource=tranquility [t/e: 0.06s/100]
[2019-05-06 02:33:51] eseye.INFO: [http 200, ok] get -> https://esi.evetech.net/latest/characters/686119010/?datasource=tranquility [t/e: 0.19s/100]
[2019-05-06 02:33:51] eseye.INFO: [http 200, ok] get -> https://esi.evetech.net/latest/characters/97097931/?datasource=tranquility [t/e: 0.27s/100]
[2019-05-06 02:33:51] eseye.INFO: [http 200, ok] get -> https://esi.evetech.net/latest/characters/95801394/?datasource=tranquility [t/e: 0.21s/100]
[2019-05-06 04:08:07] eseye.INFO: [http 200, ok] get -> https://esi.evetech.net/latest/characters/97253605/?datasource=tranquility [t/e: 0.28s/100]
[2019-05-06 04:08:07] eseye.INFO: [http 200, ok] get -> https://esi.evetech.net/latest/alliances/99003214/?datasource=tranquility [t/e: 0.06s/100]
[2019-05-06 04:08:07] eseye.INFO: [http 200, ok] get -> https://esi.evetech.net/latest/characters/2113901546/?datasource=tranquility [t/e: 0.06s/100]
[2019-05-06 04:08:07] eseye.INFO: [http 200, ok] get -> https://esi.evetech.net/latest/characters/93398375/?datasource=tranquility [t/e: 0.06s/100]
[2019-05-06 04:08:07] eseye.INFO: [http 200, ok] get -> https://esi.evetech.net/latest/alliances/99004116/?datasource=tranquility [t/e: 0.06s/100]
[2019-05-06 04:08:07] eseye.INFO: [http 200, ok] get -> https://esi.evetech.net/latest/characters/686119010/?datasource=tranquility [t/e: 0.06s/100]
[2019-05-06 04:08:07] eseye.INFO: [http 200, ok] get -> https://esi.evetech.net/latest/characters/96013783/?datasource=tranquility [t/e: 0.07s/100]
[2019-05-06 04:08:07] eseye.INFO: [http 200, ok] get -> https://esi.evetech.net/latest/characters/94880353/?datasource=tranquility [t/e: 0.22s/100]
[2019-05-06 04:08:08] eseye.INFO: [http 200, ok] get -> https://esi.evetech.net/latest/characters/97097931/?datasource=tranquility [t/e: 0.20s/100]
[2019-05-06 04:08:08] eseye.INFO: [http 200, ok] get -> https://esi.evetech.net/latest/characters/92947432/?datasource=tranquility [t/e: 0.06s/100]
[2019-05-06 04:08:08] eseye.INFO: [http 200, ok] get -> https://esi.evetech.net/latest/characters/1234188283/?datasource=tranquility [t/e: 0.22s/100]
[2019-05-06 04:08:08] eseye.INFO: [http 200, ok] get -> https://esi.evetech.net/latest/characters/2112599709/?datasource=tranquility [t/e: 0.06s/100]
[2019-05-06 04:08:08] eseye.INFO: [http 200, ok] get -> https://esi.evetech.net/latest/characters/95801394/?datasource=tranquility [t/e: 0.06s/100]
[2019-05-06 04:08:08] eseye.INFO: [http 200, ok] get -> https://esi.evetech.net/latest/characters/165386896/?datasource=tranquility [t/e: 0.25s/100]
[2019-05-06 15:27:28] eseye.INFO: [http 200, ok] get -> https://esi.evetech.net/latest/characters/2112290618/?datasource=tranquility [t/e: 0.07s/100]
[2019-05-06 15:27:28] eseye.INFO: [http 200, ok] get -> https://esi.evetech.net/latest/corporations/98326827/?datasource=tranquility [t/e: 0.02s/100]
[2019-05-06 15:27:28] eseye.INFO: [http 200, ok] get -> https://esi.evetech.net/latest/characters/2112290618/?datasource=tranquility [t/e: 0.06s/100]
[2019-05-06 15:27:28] eseye.INFO: [http 200, ok] get -> https://esi.evetech.net/latest/corporations/98326827/?datasource=tranquility [t/e: 0.02s/100]
[2019-05-06 20:03:57] eseye.INFO: [http 200, ok] get -> https://esi.evetech.net/latest/characters/345006653/?datasource=tranquility [t/e: 0.22s/100]
[2019-05-06 20:03:57] eseye.INFO: [http 200, ok] get -> https://esi.evetech.net/latest/corporations/98048488/?datasource=tranquility [t/e: 0.02s/100]
[2019-05-06 20:03:57] eseye.INFO: [http 200, ok] get -> https://esi.evetech.net/latest/characters/345006653/?datasource=tranquility [t/e: 0.06s/100]
[2019-05-06 20:03:57] eseye.INFO: [http 200, ok] get -> https://esi.evetech.net/latest/corporations/98048488/?datasource=tranquility [t/e: 0.02s/100]
