[2018-10-29 01:59:43] eseye.INFO: [http 200, ok] post -> https://login.eveonline.com/oauth/token/?grant_type=refresh_token [t/e: 0.05s/]
[2018-10-29 01:59:43] eseye.INFO: [http 200, ok] get -> https://login.eveonline.com/oauth/verify/ [t/e: 0.04s/]
[2018-10-29 01:59:43] eseye.WARNING: An unknown URI was called. Allowing /corporations/98287666/wallets/1/journal/
[2018-10-29 01:59:43] eseye.ERROR: [http 403, forbidden] get -> https://esi.evetech.net/latest/corporations/98287666/wallets/1/journal/?datasource=tranquility [t/e: 0.14s/99]
[2018-10-29 02:11:08] eseye.INFO: [http 200, ok] post -> https://login.eveonline.com/oauth/token/?grant_type=refresh_token [t/e: 0.09s/]
[2018-10-29 02:11:08] eseye.INFO: [http 200, ok] get -> https://login.eveonline.com/oauth/verify/ [t/e: 0.17s/]
[2018-10-29 02:11:08] eseye.INFO: [http 200, ok] get -> https://esi.evetech.net/latest/characters/95343471/?datasource=tranquility [t/e: 0.23s/100]
[2018-10-29 02:11:08] eseye.INFO: [http 200, ok] get -> https://esi.evetech.net/latest/corporations/98326827/?datasource=tranquility [t/e: 0.02s/100]
[2018-10-29 02:32:26] eseye.INFO: [http 200, ok] post -> https://login.eveonline.com/oauth/token/?grant_type=refresh_token [t/e: 0.04s/]
[2018-10-29 02:32:26] eseye.INFO: [http 200, ok] get -> https://login.eveonline.com/oauth/verify/ [t/e: 0.02s/]
[2018-10-29 02:32:26] eseye.WARNING: An unknown URI was called. Allowing /corporations/98287666/wallets/1/journal/
[2018-10-29 02:32:26] eseye.ERROR: [http 403, forbidden] get -> https://esi.evetech.net/latest/corporations/98287666/wallets/1/journal/?datasource=tranquility [t/e: 0.15s/99]
[2018-10-29 03:15:09] eseye.INFO: [http 200, ok] post -> https://login.eveonline.com/oauth/token/?grant_type=refresh_token [t/e: 0.04s/]
[2018-10-29 03:15:09] eseye.INFO: [http 200, ok] get -> https://login.eveonline.com/oauth/verify/ [t/e: 0.03s/]
[2018-10-29 03:15:09] eseye.WARNING: An unknown URI was called. Allowing /corporations/98287666/wallets/1/journal/
[2018-10-29 03:15:09] eseye.ERROR: [http 403, forbidden] get -> https://esi.evetech.net/latest/corporations/98287666/wallets/1/journal/?datasource=tranquility [t/e: 0.17s/99]
[2018-10-29 03:25:10] eseye.INFO: [http 200, ok] post -> https://login.eveonline.com/oauth/token/?grant_type=refresh_token [t/e: 0.03s/]
[2018-10-29 03:25:10] eseye.INFO: [http 200, ok] get -> https://login.eveonline.com/oauth/verify/ [t/e: 0.02s/]
[2018-10-29 03:25:10] eseye.WARNING: An unknown URI was called. Allowing /corporations/98287666/wallets/1/journal/
[2018-10-29 03:25:11] eseye.INFO: [http 200, ok] get -> https://esi.evetech.net/latest/corporations/98287666/wallets/1/journal/?datasource=tranquility [t/e: 1.42s/100]
[2018-10-29 03:49:25] eseye.ERROR: [http 400, bad request] post -> https://login.eveonline.com/oauth/token/?grant_type=refresh_token [t/e: 0.03s/]
[2018-10-29 03:52:19] eseye.INFO: [http 200, ok] get -> https://esi.evetech.net/latest/characters/92626011/?datasource=tranquility [t/e: 0.22s/100]
[2018-10-29 03:52:19] eseye.INFO: [http 200, ok] get -> https://esi.evetech.net/latest/corporations/98287666/?datasource=tranquility [t/e: 0.02s/100]
[2018-10-29 03:54:47] eseye.INFO: [http 200, ok] get -> https://esi.evetech.net/latest/characters/92626011/?datasource=tranquility [t/e: 0.07s/100]
[2018-10-29 03:54:47] eseye.INFO: [http 200, ok] get -> https://esi.evetech.net/latest/corporations/98287666/?datasource=tranquility [t/e: 0.02s/100]
[2018-10-29 04:13:08] eseye.INFO: [http 200, ok] post -> https://login.eveonline.com/oauth/token/?grant_type=refresh_token [t/e: 0.05s/]
[2018-10-29 04:13:08] eseye.INFO: [http 200, ok] get -> https://login.eveonline.com/oauth/verify/ [t/e: 0.04s/]
[2018-10-29 04:13:08] eseye.WARNING: An unknown URI was called. Allowing /corporations/98287666/wallets/1/journal/
[2018-10-29 04:21:09] eseye.INFO: [http 200, ok] get -> https://esi.evetech.net/latest/characters/92626011/?datasource=tranquility [t/e: 0.08s/100]
[2018-10-29 04:21:09] eseye.INFO: [http 200, ok] get -> https://esi.evetech.net/latest/corporations/98287666/?datasource=tranquility [t/e: 0.08s/100]
[2018-10-29 04:23:08] eseye.INFO: [http 200, ok] get -> https://esi.evetech.net/latest/characters/92626011/?datasource=tranquility [t/e: 0.07s/100]
[2018-10-29 04:23:08] eseye.INFO: [http 200, ok] get -> https://esi.evetech.net/latest/corporations/98287666/?datasource=tranquility [t/e: 0.07s/100]
[2018-10-29 04:42:48] eseye.INFO: [http 200, ok] post -> https://login.eveonline.com/oauth/token/?grant_type=refresh_token [t/e: 0.05s/]
[2018-10-29 04:42:49] eseye.INFO: [http 200, ok] get -> https://login.eveonline.com/oauth/verify/ [t/e: 0.05s/]
[2018-10-29 04:42:49] eseye.WARNING: An unknown URI was called. Allowing /corporations/98287666/wallets/1/journal/
[2018-10-29 04:42:49] eseye.INFO: [http 200, ok] get -> https://esi.evetech.net/latest/corporations/98287666/wallets/1/journal/?datasource=tranquility [t/e: 0.30s/100]
[2018-10-29 04:42:51] eseye.INFO: [http 200, ok] post -> https://login.eveonline.com/oauth/token/?grant_type=refresh_token [t/e: 0.06s/]
[2018-10-29 04:42:51] eseye.INFO: [http 200, ok] get -> https://login.eveonline.com/oauth/verify/ [t/e: 0.04s/]
[2018-10-29 04:42:51] eseye.WARNING: An unknown URI was called. Allowing /corporations/98287666/wallets/1/journal/
[2018-10-29 04:44:49] eseye.INFO: [http 200, ok] post -> https://login.eveonline.com/oauth/token/?grant_type=refresh_token [t/e: 0.05s/]
[2018-10-29 04:44:49] eseye.INFO: [http 200, ok] get -> https://login.eveonline.com/oauth/verify/ [t/e: 0.02s/]
[2018-10-29 04:44:49] eseye.WARNING: An unknown URI was called. Allowing /corporations/98287666/wallets/1/journal/
[2018-10-29 04:46:22] eseye.INFO: [http 200, ok] post -> https://login.eveonline.com/oauth/token/?grant_type=refresh_token [t/e: 0.09s/]
[2018-10-29 04:46:22] eseye.INFO: [http 200, ok] get -> https://login.eveonline.com/oauth/verify/ [t/e: 0.05s/]
[2018-10-29 04:46:22] eseye.WARNING: An unknown URI was called. Allowing /corporations/98287666/wallets/1/journal/
[2018-10-29 04:47:03] eseye.INFO: [http 200, ok] post -> https://login.eveonline.com/oauth/token/?grant_type=refresh_token [t/e: 0.06s/]
[2018-10-29 04:47:03] eseye.INFO: [http 200, ok] get -> https://login.eveonline.com/oauth/verify/ [t/e: 0.03s/]
[2018-10-29 04:47:03] eseye.WARNING: An unknown URI was called. Allowing /corporations/98287666/wallets/1/journal/
[2018-10-29 16:25:10] eseye.INFO: [http 200, ok] get -> https://esi.evetech.net/latest/characters/94758845/?datasource=tranquility [t/e: 0.23s/100]
[2018-10-29 16:25:10] eseye.INFO: [http 200, ok] get -> https://esi.evetech.net/latest/corporations/98455521/?datasource=tranquility [t/e: 0.13s/100]
[2018-10-29 16:25:16] eseye.INFO: [http 200, ok] get -> https://esi.evetech.net/latest/characters/90382244/?datasource=tranquility [t/e: 0.07s/100]
[2018-10-29 16:25:16] eseye.INFO: [http 200, ok] get -> https://esi.evetech.net/latest/corporations/98321973/?datasource=tranquility [t/e: 0.02s/100]
[2018-10-29 16:33:17] eseye.INFO: [http 200, ok] get -> https://esi.evetech.net/latest/characters/92471016/?datasource=tranquility [t/e: 0.16s/100]
[2018-10-29 16:33:17] eseye.INFO: [http 200, ok] get -> https://esi.evetech.net/latest/corporations/98251577/?datasource=tranquility [t/e: 0.02s/100]
[2018-10-29 16:33:40] eseye.INFO: [http 200, ok] get -> https://esi.evetech.net/latest/characters/93738489/?datasource=tranquility [t/e: 0.19s/100]
[2018-10-29 16:33:40] eseye.INFO: [http 200, ok] get -> https://esi.evetech.net/latest/corporations/98287666/?datasource=tranquility [t/e: 0.02s/100]
