Horizon started successfully.
Horizon started successfully.
[2019-05-18 03:00:05][3136] Processing: App\Jobs\ProcessWalletJournalJob
[2019-05-18 03:00:06][3136] Processed:  App\Jobs\ProcessWalletJournalJob
[2019-05-18 03:00:06][3137] Processing: App\Jobs\ProcessWalletJournalJob
[2019-05-18 03:00:07][3137] Processed:  App\Jobs\ProcessWalletJournalJob
[2019-05-18 03:00:07][3138] Processing: App\Jobs\ProcessWalletJournalJob
[2019-05-18 03:00:08][3172] Processing: App\Jobs\ProcessWalletTransactionJob
[2019-05-18 03:00:08][3172] Processing: App\Jobs\ProcessWalletTransactionJob
[2019-05-18 03:00:08][3138] Processed:  App\Jobs\ProcessWalletJournalJob
[2019-05-18 03:00:08][3139] Processing: App\Jobs\ProcessWalletJournalJob
[2019-05-18 03:00:09][3172] Processing: App\Jobs\ProcessWalletTransactionJob
[2019-05-18 03:00:09][3172] Failed:     App\Jobs\ProcessWalletTransactionJob
[2019-05-18 03:00:13][3139] Processed:  App\Jobs\ProcessWalletJournalJob
[2019-05-18 03:00:13][3140] Processing: App\Jobs\ProcessWalletJournalJob
[2019-05-18 03:00:18][3140] Processed:  App\Jobs\ProcessWalletJournalJob
[2019-05-18 03:00:18][3141] Processing: App\Jobs\ProcessWalletJournalJob
[2019-05-18 03:00:24][3141] Processed:  App\Jobs\ProcessWalletJournalJob
[2019-05-18 03:00:24][3142] Processing: App\Jobs\ProcessWalletJournalJob
[2019-05-18 03:00:31][3142] Processed:  App\Jobs\ProcessWalletJournalJob
[2019-05-18 03:00:31][3143] Processing: App\Jobs\ProcessWalletJournalJob
[2019-05-18 03:00:39][3143] Processed:  App\Jobs\ProcessWalletJournalJob
[2019-05-18 03:00:39][3144] Processing: App\Jobs\ProcessWalletJournalJob
[2019-05-18 03:00:44][3144] Processed:  App\Jobs\ProcessWalletJournalJob
[2019-05-18 03:00:44][3145] Processing: App\Jobs\ProcessWalletJournalJob
[2019-05-18 03:00:53][3145] Processed:  App\Jobs\ProcessWalletJournalJob
[2019-05-18 03:00:53][3146] Processing: App\Jobs\ProcessWalletJournalJob
[2019-05-18 03:01:00][3146] Processed:  App\Jobs\ProcessWalletJournalJob
[2019-05-18 03:01:00][3147] Processing: App\Jobs\ProcessWalletJournalJob
[2019-05-18 03:01:05][3147] Processed:  App\Jobs\ProcessWalletJournalJob
[2019-05-18 03:01:05][3148] Processing: App\Jobs\ProcessWalletJournalJob
[2019-05-18 03:01:10][3148] Processed:  App\Jobs\ProcessWalletJournalJob
[2019-05-18 03:01:10][3149] Processing: App\Jobs\ProcessWalletJournalJob
[2019-05-18 03:01:16][3149] Processed:  App\Jobs\ProcessWalletJournalJob
[2019-05-18 03:01:16][3150] Processing: App\Jobs\ProcessWalletJournalJob
[2019-05-18 03:01:20][3150] Processed:  App\Jobs\ProcessWalletJournalJob
[2019-05-18 03:01:20][3151] Processing: App\Jobs\ProcessWalletJournalJob
[2019-05-18 03:01:25][3151] Processed:  App\Jobs\ProcessWalletJournalJob
[2019-05-18 03:01:25][3152] Processing: App\Jobs\ProcessWalletJournalJob
[2019-05-18 03:01:30][3152] Processed:  App\Jobs\ProcessWalletJournalJob
[2019-05-18 03:01:30][3153] Processing: App\Jobs\ProcessWalletJournalJob
[2019-05-18 03:01:36][3153] Processed:  App\Jobs\ProcessWalletJournalJob
[2019-05-18 03:01:36][3154] Processing: App\Jobs\ProcessWalletJournalJob
[2019-05-18 03:01:41][3154] Processed:  App\Jobs\ProcessWalletJournalJob
[2019-05-18 03:01:41][3155] Processing: App\Jobs\ProcessWalletJournalJob
[2019-05-18 03:01:46][3155] Processed:  App\Jobs\ProcessWalletJournalJob
[2019-05-18 03:01:46][3156] Processing: App\Jobs\ProcessWalletJournalJob
[2019-05-18 03:01:51][3156] Processed:  App\Jobs\ProcessWalletJournalJob
[2019-05-18 03:01:51][3157] Processing: App\Jobs\ProcessWalletJournalJob
[2019-05-18 03:01:57][3157] Processed:  App\Jobs\ProcessWalletJournalJob
[2019-05-18 03:01:57][3158] Processing: App\Jobs\ProcessWalletJournalJob
[2019-05-18 03:02:01][3158] Processed:  App\Jobs\ProcessWalletJournalJob
[2019-05-18 03:02:01][3159] Processing: App\Jobs\ProcessWalletJournalJob
[2019-05-18 03:02:06][3159] Processed:  App\Jobs\ProcessWalletJournalJob
[2019-05-18 03:02:06][3160] Processing: App\Jobs\ProcessWalletJournalJob
[2019-05-18 03:02:12][3160] Processed:  App\Jobs\ProcessWalletJournalJob
[2019-05-18 03:02:12][3161] Processing: App\Jobs\ProcessWalletJournalJob
[2019-05-18 03:02:18][3161] Processed:  App\Jobs\ProcessWalletJournalJob
[2019-05-18 03:02:18][3162] Processing: App\Jobs\ProcessWalletJournalJob
[2019-05-18 03:02:23][3162] Processed:  App\Jobs\ProcessWalletJournalJob
[2019-05-18 03:02:23][3163] Processing: App\Jobs\ProcessWalletJournalJob
[2019-05-18 03:02:27][3163] Processed:  App\Jobs\ProcessWalletJournalJob
[2019-05-18 03:02:27][3164] Processing: App\Jobs\ProcessWalletJournalJob
[2019-05-18 03:02:33][3164] Processed:  App\Jobs\ProcessWalletJournalJob
[2019-05-18 03:02:33][3165] Processing: App\Jobs\ProcessWalletJournalJob
[2019-05-18 03:02:38][3165] Processed:  App\Jobs\ProcessWalletJournalJob
[2019-05-18 03:02:38][3166] Processing: App\Jobs\ProcessWalletJournalJob
[2019-05-18 03:02:44][3166] Processed:  App\Jobs\ProcessWalletJournalJob
[2019-05-18 03:02:44][3167] Processing: App\Jobs\ProcessWalletJournalJob
[2019-05-18 03:02:49][3167] Processed:  App\Jobs\ProcessWalletJournalJob
[2019-05-18 03:02:49][3168] Processing: App\Jobs\ProcessWalletJournalJob
[2019-05-18 03:02:55][3168] Processed:  App\Jobs\ProcessWalletJournalJob
[2019-05-18 03:02:55][3169] Processing: App\Jobs\ProcessWalletJournalJob
[2019-05-18 03:03:01][3169] Processed:  App\Jobs\ProcessWalletJournalJob
[2019-05-18 03:03:01][3170] Processing: App\Jobs\ProcessWalletJournalJob
[2019-05-18 03:03:05][3170] Processed:  App\Jobs\ProcessWalletJournalJob
[2019-05-18 03:03:05][3171] Processing: App\Jobs\ProcessWalletJournalJob
[2019-05-18 03:03:10][3171] Processed:  App\Jobs\ProcessWalletJournalJob
[2019-05-18 04:00:05][3173] Processing: App\Jobs\ProcessWalletJournalJob
[2019-05-18 04:00:08][3209] Processing: App\Jobs\ProcessWalletTransactionJob
[2019-05-18 04:00:07][3173] Processed:  App\Jobs\ProcessWalletJournalJob
[2019-05-18 04:00:07][3174] Processing: App\Jobs\ProcessWalletJournalJob
[2019-05-18 04:00:08][3209] Processing: App\Jobs\ProcessWalletTransactionJob
[2019-05-18 04:00:09][3209] Processing: App\Jobs\ProcessWalletTransactionJob
[2019-05-18 04:00:09][3174] Processed:  App\Jobs\ProcessWalletJournalJob
[2019-05-18 04:00:09][3175] Processing: App\Jobs\ProcessWalletJournalJob
[2019-05-18 04:00:09][3209] Failed:     App\Jobs\ProcessWalletTransactionJob
[2019-05-18 04:00:10][3175] Processed:  App\Jobs\ProcessWalletJournalJob
[2019-05-18 04:00:10][3176] Processing: App\Jobs\ProcessWalletJournalJob
[2019-05-18 04:00:15][3176] Processed:  App\Jobs\ProcessWalletJournalJob
[2019-05-18 04:00:15][3177] Processing: App\Jobs\ProcessWalletJournalJob
[2019-05-18 04:00:21][3177] Processed:  App\Jobs\ProcessWalletJournalJob
[2019-05-18 04:00:21][3178] Processing: App\Jobs\ProcessWalletJournalJob
[2019-05-18 04:00:27][3178] Processed:  App\Jobs\ProcessWalletJournalJob
[2019-05-18 04:00:27][3179] Processing: App\Jobs\ProcessWalletJournalJob
[2019-05-18 04:00:34][3179] Processed:  App\Jobs\ProcessWalletJournalJob
[2019-05-18 04:00:34][3180] Processing: App\Jobs\ProcessWalletJournalJob
[2019-05-18 04:00:43][3180] Processed:  App\Jobs\ProcessWalletJournalJob
[2019-05-18 04:00:43][3181] Processing: App\Jobs\ProcessWalletJournalJob
[2019-05-18 04:00:48][3181] Processed:  App\Jobs\ProcessWalletJournalJob
[2019-05-18 04:00:48][3182] Processing: App\Jobs\ProcessWalletJournalJob
[2019-05-18 04:00:57][3182] Processed:  App\Jobs\ProcessWalletJournalJob
[2019-05-18 04:00:57][3183] Processing: App\Jobs\ProcessWalletJournalJob
[2019-05-18 04:01:05][3183] Processed:  App\Jobs\ProcessWalletJournalJob
[2019-05-18 04:01:05][3184] Processing: App\Jobs\ProcessWalletJournalJob
[2019-05-18 04:01:10][3184] Processed:  App\Jobs\ProcessWalletJournalJob
[2019-05-18 04:01:10][3185] Processing: App\Jobs\ProcessWalletJournalJob
[2019-05-18 04:01:15][3185] Processed:  App\Jobs\ProcessWalletJournalJob
[2019-05-18 04:01:15][3186] Processing: App\Jobs\ProcessWalletJournalJob
[2019-05-18 04:01:19][3186] Processed:  App\Jobs\ProcessWalletJournalJob
[2019-05-18 04:01:19][3187] Processing: App\Jobs\ProcessWalletJournalJob
[2019-05-18 04:01:24][3187] Processed:  App\Jobs\ProcessWalletJournalJob
[2019-05-18 04:01:24][3188] Processing: App\Jobs\ProcessWalletJournalJob
[2019-05-18 04:01:28][3188] Processed:  App\Jobs\ProcessWalletJournalJob
[2019-05-18 04:01:28][3189] Processing: App\Jobs\ProcessWalletJournalJob
[2019-05-18 04:01:34][3189] Processed:  App\Jobs\ProcessWalletJournalJob
[2019-05-18 04:01:34][3190] Processing: App\Jobs\ProcessWalletJournalJob
[2019-05-18 04:01:40][3190] Processed:  App\Jobs\ProcessWalletJournalJob
[2019-05-18 04:01:40][3191] Processing: App\Jobs\ProcessWalletJournalJob
[2019-05-18 04:01:45][3191] Processed:  App\Jobs\ProcessWalletJournalJob
[2019-05-18 04:01:45][3192] Processing: App\Jobs\ProcessWalletJournalJob
[2019-05-18 04:01:50][3192] Processed:  App\Jobs\ProcessWalletJournalJob
[2019-05-18 04:01:50][3193] Processing: App\Jobs\ProcessWalletJournalJob
[2019-05-18 04:01:55][3193] Processed:  App\Jobs\ProcessWalletJournalJob
[2019-05-18 04:01:55][3194] Processing: App\Jobs\ProcessWalletJournalJob
[2019-05-18 04:02:01][3194] Processed:  App\Jobs\ProcessWalletJournalJob
[2019-05-18 04:02:01][3195] Processing: App\Jobs\ProcessWalletJournalJob
[2019-05-18 04:02:05][3195] Processed:  App\Jobs\ProcessWalletJournalJob
[2019-05-18 04:02:05][3196] Processing: App\Jobs\ProcessWalletJournalJob
[2019-05-18 04:02:10][3196] Processed:  App\Jobs\ProcessWalletJournalJob
[2019-05-18 04:02:10][3197] Processing: App\Jobs\ProcessWalletJournalJob
[2019-05-18 04:02:16][3197] Processed:  App\Jobs\ProcessWalletJournalJob
[2019-05-18 04:02:16][3198] Processing: App\Jobs\ProcessWalletJournalJob
[2019-05-18 04:02:23][3198] Processed:  App\Jobs\ProcessWalletJournalJob
[2019-05-18 04:02:23][3199] Processing: App\Jobs\ProcessWalletJournalJob
[2019-05-18 04:02:28][3199] Processed:  App\Jobs\ProcessWalletJournalJob
[2019-05-18 04:02:28][3200] Processing: App\Jobs\ProcessWalletJournalJob
[2019-05-18 04:02:33][3200] Processed:  App\Jobs\ProcessWalletJournalJob
[2019-05-18 04:02:33][3201] Processing: App\Jobs\ProcessWalletJournalJob
[2019-05-18 04:02:40][3201] Processed:  App\Jobs\ProcessWalletJournalJob
[2019-05-18 04:02:40][3202] Processing: App\Jobs\ProcessWalletJournalJob
[2019-05-18 04:02:46][3202] Processed:  App\Jobs\ProcessWalletJournalJob
[2019-05-18 04:02:46][3203] Processing: App\Jobs\ProcessWalletJournalJob
[2019-05-18 04:02:52][3203] Processed:  App\Jobs\ProcessWalletJournalJob
[2019-05-18 04:02:52][3204] Processing: App\Jobs\ProcessWalletJournalJob
[2019-05-18 04:02:58][3204] Processed:  App\Jobs\ProcessWalletJournalJob
[2019-05-18 04:02:58][3205] Processing: App\Jobs\ProcessWalletJournalJob
[2019-05-18 04:03:05][3205] Processed:  App\Jobs\ProcessWalletJournalJob
[2019-05-18 04:03:05][3206] Processing: App\Jobs\ProcessWalletJournalJob
[2019-05-18 04:03:12][3206] Processed:  App\Jobs\ProcessWalletJournalJob
[2019-05-18 04:03:12][3207] Processing: App\Jobs\ProcessWalletJournalJob
[2019-05-18 04:03:17][3207] Processed:  App\Jobs\ProcessWalletJournalJob
[2019-05-18 04:03:17][3208] Processing: App\Jobs\ProcessWalletJournalJob
[2019-05-18 04:03:22][3208] Processed:  App\Jobs\ProcessWalletJournalJob
[2019-05-18 05:00:05][3210] Processing: App\Jobs\ProcessWalletJournalJob
[2019-05-18 05:00:06][3210] Processed:  App\Jobs\ProcessWalletJournalJob
[2019-05-18 05:00:06][3211] Processing: App\Jobs\ProcessWalletJournalJob
[2019-05-18 05:00:06][3211] Processed:  App\Jobs\ProcessWalletJournalJob
[2019-05-18 05:00:06][3212] Processing: App\Jobs\ProcessWalletJournalJob
[2019-05-18 05:00:06][3212] Processed:  App\Jobs\ProcessWalletJournalJob
[2019-05-18 05:00:06][3213] Processing: App\Jobs\ProcessWalletJournalJob
[2019-05-18 05:00:08][3246] Processing: App\Jobs\ProcessWalletTransactionJob
[2019-05-18 05:00:08][3246] Processing: App\Jobs\ProcessWalletTransactionJob
[2019-05-18 05:00:09][3246] Processing: App\Jobs\ProcessWalletTransactionJob
[2019-05-18 05:00:09][3246] Failed:     App\Jobs\ProcessWalletTransactionJob
[2019-05-18 05:00:11][3213] Processed:  App\Jobs\ProcessWalletJournalJob
[2019-05-18 05:00:11][3214] Processing: App\Jobs\ProcessWalletJournalJob
[2019-05-18 05:00:17][3214] Processed:  App\Jobs\ProcessWalletJournalJob
[2019-05-18 05:00:17][3215] Processing: App\Jobs\ProcessWalletJournalJob
[2019-05-18 05:00:21][3215] Processed:  App\Jobs\ProcessWalletJournalJob
[2019-05-18 05:00:21][3216] Processing: App\Jobs\ProcessWalletJournalJob
[2019-05-18 05:00:28][3216] Processed:  App\Jobs\ProcessWalletJournalJob
[2019-05-18 05:00:28][3217] Processing: App\Jobs\ProcessWalletJournalJob
[2019-05-18 05:00:36][3217] Processed:  App\Jobs\ProcessWalletJournalJob
[2019-05-18 05:00:36][3218] Processing: App\Jobs\ProcessWalletJournalJob
[2019-05-18 05:00:42][3218] Processed:  App\Jobs\ProcessWalletJournalJob
[2019-05-18 05:00:42][3219] Processing: App\Jobs\ProcessWalletJournalJob
[2019-05-18 05:00:50][3219] Processed:  App\Jobs\ProcessWalletJournalJob
[2019-05-18 05:00:50][3220] Processing: App\Jobs\ProcessWalletJournalJob
[2019-05-18 05:00:58][3220] Processed:  App\Jobs\ProcessWalletJournalJob
[2019-05-18 05:00:58][3221] Processing: App\Jobs\ProcessWalletJournalJob
[2019-05-18 05:01:02][3221] Processed:  App\Jobs\ProcessWalletJournalJob
[2019-05-18 05:01:02][3222] Processing: App\Jobs\ProcessWalletJournalJob
[2019-05-18 05:01:06][3222] Processed:  App\Jobs\ProcessWalletJournalJob
[2019-05-18 05:01:06][3223] Processing: App\Jobs\ProcessWalletJournalJob
[2019-05-18 05:01:11][3223] Processed:  App\Jobs\ProcessWalletJournalJob
[2019-05-18 05:01:11][3224] Processing: App\Jobs\ProcessWalletJournalJob
[2019-05-18 05:01:15][3224] Processed:  App\Jobs\ProcessWalletJournalJob
[2019-05-18 05:01:15][3225] Processing: App\Jobs\ProcessWalletJournalJob
[2019-05-18 05:01:19][3225] Processed:  App\Jobs\ProcessWalletJournalJob
[2019-05-18 05:01:19][3226] Processing: App\Jobs\ProcessWalletJournalJob
[2019-05-18 05:01:25][3226] Processed:  App\Jobs\ProcessWalletJournalJob
[2019-05-18 05:01:25][3227] Processing: App\Jobs\ProcessWalletJournalJob
[2019-05-18 05:01:31][3227] Processed:  App\Jobs\ProcessWalletJournalJob
[2019-05-18 05:01:31][3228] Processing: App\Jobs\ProcessWalletJournalJob
[2019-05-18 05:01:35][3228] Processed:  App\Jobs\ProcessWalletJournalJob
[2019-05-18 05:01:35][3229] Processing: App\Jobs\ProcessWalletJournalJob
[2019-05-18 05:01:40][3229] Processed:  App\Jobs\ProcessWalletJournalJob
[2019-05-18 05:01:40][3230] Processing: App\Jobs\ProcessWalletJournalJob
[2019-05-18 05:01:45][3230] Processed:  App\Jobs\ProcessWalletJournalJob
[2019-05-18 05:01:45][3231] Processing: App\Jobs\ProcessWalletJournalJob
[2019-05-18 05:01:51][3231] Processed:  App\Jobs\ProcessWalletJournalJob
[2019-05-18 05:01:51][3232] Processing: App\Jobs\ProcessWalletJournalJob
[2019-05-18 05:01:55][3232] Processed:  App\Jobs\ProcessWalletJournalJob
[2019-05-18 05:01:55][3233] Processing: App\Jobs\ProcessWalletJournalJob
[2019-05-18 05:01:59][3233] Processed:  App\Jobs\ProcessWalletJournalJob
[2019-05-18 05:01:59][3234] Processing: App\Jobs\ProcessWalletJournalJob
[2019-05-18 05:02:06][3234] Processed:  App\Jobs\ProcessWalletJournalJob
[2019-05-18 05:02:06][3235] Processing: App\Jobs\ProcessWalletJournalJob
[2019-05-18 05:02:12][3235] Processed:  App\Jobs\ProcessWalletJournalJob
[2019-05-18 05:02:12][3236] Processing: App\Jobs\ProcessWalletJournalJob
[2019-05-18 05:02:17][3236] Processed:  App\Jobs\ProcessWalletJournalJob
[2019-05-18 05:02:17][3237] Processing: App\Jobs\ProcessWalletJournalJob
[2019-05-18 05:02:21][3237] Processed:  App\Jobs\ProcessWalletJournalJob
[2019-05-18 05:02:21][3238] Processing: App\Jobs\ProcessWalletJournalJob
[2019-05-18 05:02:27][3238] Processed:  App\Jobs\ProcessWalletJournalJob
[2019-05-18 05:02:27][3239] Processing: App\Jobs\ProcessWalletJournalJob
[2019-05-18 05:02:31][3239] Processed:  App\Jobs\ProcessWalletJournalJob
[2019-05-18 05:02:31][3240] Processing: App\Jobs\ProcessWalletJournalJob
[2019-05-18 05:02:37][3240] Processed:  App\Jobs\ProcessWalletJournalJob
[2019-05-18 05:02:37][3241] Processing: App\Jobs\ProcessWalletJournalJob
[2019-05-18 05:02:42][3241] Processed:  App\Jobs\ProcessWalletJournalJob
[2019-05-18 05:02:42][3242] Processing: App\Jobs\ProcessWalletJournalJob
[2019-05-18 05:02:48][3242] Processed:  App\Jobs\ProcessWalletJournalJob
[2019-05-18 05:02:48][3243] Processing: App\Jobs\ProcessWalletJournalJob
[2019-05-18 05:02:54][3243] Processed:  App\Jobs\ProcessWalletJournalJob
[2019-05-18 05:02:54][3244] Processing: App\Jobs\ProcessWalletJournalJob
[2019-05-18 05:02:58][3244] Processed:  App\Jobs\ProcessWalletJournalJob
[2019-05-18 05:02:58][3245] Processing: App\Jobs\ProcessWalletJournalJob
[2019-05-18 05:03:02][3245] Processed:  App\Jobs\ProcessWalletJournalJob
[2019-05-18 06:00:04][3247] Processing: App\Jobs\ProcessWalletJournalJob
[2019-05-18 06:00:04][3247] Processed:  App\Jobs\ProcessWalletJournalJob
[2019-05-18 06:00:04][3248] Processing: App\Jobs\ProcessWalletJournalJob
[2019-05-18 06:00:06][3248] Processed:  App\Jobs\ProcessWalletJournalJob
[2019-05-18 06:00:06][3249] Processing: App\Jobs\ProcessWalletJournalJob
[2019-05-18 06:00:07][3249] Processed:  App\Jobs\ProcessWalletJournalJob
[2019-05-18 06:00:07][3250] Processing: App\Jobs\ProcessWalletJournalJob
[2019-05-18 06:00:11][3283] Processing: App\Jobs\ProcessWalletTransactionJob
[2019-05-18 06:00:11][3283] Processing: App\Jobs\ProcessWalletTransactionJob
[2019-05-18 06:00:11][3283] Processing: App\Jobs\ProcessWalletTransactionJob
[2019-05-18 06:00:12][3283] Failed:     App\Jobs\ProcessWalletTransactionJob
[2019-05-18 06:00:12][3250] Processed:  App\Jobs\ProcessWalletJournalJob
[2019-05-18 06:00:12][3251] Processing: App\Jobs\ProcessWalletJournalJob
[2019-05-18 06:00:17][3251] Processed:  App\Jobs\ProcessWalletJournalJob
[2019-05-18 06:00:17][3252] Processing: App\Jobs\ProcessWalletJournalJob
[2019-05-18 06:00:22][3252] Processed:  App\Jobs\ProcessWalletJournalJob
[2019-05-18 06:00:22][3253] Processing: App\Jobs\ProcessWalletJournalJob
[2019-05-18 06:00:29][3253] Processed:  App\Jobs\ProcessWalletJournalJob
[2019-05-18 06:00:29][3254] Processing: App\Jobs\ProcessWalletJournalJob
[2019-05-18 06:00:38][3254] Processed:  App\Jobs\ProcessWalletJournalJob
[2019-05-18 06:00:38][3255] Processing: App\Jobs\ProcessWalletJournalJob
[2019-05-18 06:00:44][3255] Processed:  App\Jobs\ProcessWalletJournalJob
[2019-05-18 06:00:44][3256] Processing: App\Jobs\ProcessWalletJournalJob
[2019-05-18 06:00:54][3256] Processed:  App\Jobs\ProcessWalletJournalJob
[2019-05-18 06:00:54][3257] Processing: App\Jobs\ProcessWalletJournalJob
[2019-05-18 06:01:02][3257] Processed:  App\Jobs\ProcessWalletJournalJob
[2019-05-18 06:01:02][3258] Processing: App\Jobs\ProcessWalletJournalJob
[2019-05-18 06:01:07][3258] Processed:  App\Jobs\ProcessWalletJournalJob
[2019-05-18 06:01:07][3259] Processing: App\Jobs\ProcessWalletJournalJob
[2019-05-18 06:01:13][3259] Processed:  App\Jobs\ProcessWalletJournalJob
[2019-05-18 06:01:13][3260] Processing: App\Jobs\ProcessWalletJournalJob
[2019-05-18 06:01:17][3260] Processed:  App\Jobs\ProcessWalletJournalJob
[2019-05-18 06:01:17][3261] Processing: App\Jobs\ProcessWalletJournalJob
[2019-05-18 06:01:22][3261] Processed:  App\Jobs\ProcessWalletJournalJob
[2019-05-18 06:01:22][3262] Processing: App\Jobs\ProcessWalletJournalJob
[2019-05-18 06:01:26][3262] Processed:  App\Jobs\ProcessWalletJournalJob
[2019-05-18 06:01:26][3263] Processing: App\Jobs\ProcessWalletJournalJob
[2019-05-18 06:01:32][3263] Processed:  App\Jobs\ProcessWalletJournalJob
[2019-05-18 06:01:32][3264] Processing: App\Jobs\ProcessWalletJournalJob
[2019-05-18 06:01:39][3264] Processed:  App\Jobs\ProcessWalletJournalJob
[2019-05-18 06:01:39][3265] Processing: App\Jobs\ProcessWalletJournalJob
[2019-05-18 06:01:44][3265] Processed:  App\Jobs\ProcessWalletJournalJob
[2019-05-18 06:01:44][3266] Processing: App\Jobs\ProcessWalletJournalJob
[2019-05-18 06:01:49][3266] Processed:  App\Jobs\ProcessWalletJournalJob
[2019-05-18 06:01:49][3267] Processing: App\Jobs\ProcessWalletJournalJob
[2019-05-18 06:01:54][3267] Processed:  App\Jobs\ProcessWalletJournalJob
[2019-05-18 06:01:54][3268] Processing: App\Jobs\ProcessWalletJournalJob
[2019-05-18 06:01:59][3268] Processed:  App\Jobs\ProcessWalletJournalJob
[2019-05-18 06:01:59][3269] Processing: App\Jobs\ProcessWalletJournalJob
[2019-05-18 06:02:04][3269] Processed:  App\Jobs\ProcessWalletJournalJob
[2019-05-18 06:02:04][3270] Processing: App\Jobs\ProcessWalletJournalJob
[2019-05-18 06:02:09][3270] Processed:  App\Jobs\ProcessWalletJournalJob
[2019-05-18 06:02:09][3271] Processing: App\Jobs\ProcessWalletJournalJob
[2019-05-18 06:02:15][3271] Processed:  App\Jobs\ProcessWalletJournalJob
[2019-05-18 06:02:15][3272] Processing: App\Jobs\ProcessWalletJournalJob
[2019-05-18 06:02:21][3272] Processed:  App\Jobs\ProcessWalletJournalJob
[2019-05-18 06:02:21][3273] Processing: App\Jobs\ProcessWalletJournalJob
[2019-05-18 06:02:26][3273] Processed:  App\Jobs\ProcessWalletJournalJob
[2019-05-18 06:02:26][3274] Processing: App\Jobs\ProcessWalletJournalJob
[2019-05-18 06:02:31][3274] Processed:  App\Jobs\ProcessWalletJournalJob
[2019-05-18 06:02:31][3275] Processing: App\Jobs\ProcessWalletJournalJob
[2019-05-18 06:02:37][3275] Processed:  App\Jobs\ProcessWalletJournalJob
[2019-05-18 06:02:37][3276] Processing: App\Jobs\ProcessWalletJournalJob
[2019-05-18 06:02:43][3276] Processed:  App\Jobs\ProcessWalletJournalJob
[2019-05-18 06:02:43][3277] Processing: App\Jobs\ProcessWalletJournalJob
[2019-05-18 06:02:49][3277] Processed:  App\Jobs\ProcessWalletJournalJob
[2019-05-18 06:02:49][3278] Processing: App\Jobs\ProcessWalletJournalJob
[2019-05-18 06:02:55][3278] Processed:  App\Jobs\ProcessWalletJournalJob
[2019-05-18 06:02:55][3279] Processing: App\Jobs\ProcessWalletJournalJob
[2019-05-18 06:03:02][3279] Processed:  App\Jobs\ProcessWalletJournalJob
[2019-05-18 06:03:02][3280] Processing: App\Jobs\ProcessWalletJournalJob
[2019-05-18 06:03:09][3280] Processed:  App\Jobs\ProcessWalletJournalJob
[2019-05-18 06:03:09][3281] Processing: App\Jobs\ProcessWalletJournalJob
[2019-05-18 06:03:15][3281] Processed:  App\Jobs\ProcessWalletJournalJob
[2019-05-18 06:03:15][3282] Processing: App\Jobs\ProcessWalletJournalJob
[2019-05-18 06:03:19][3282] Processed:  App\Jobs\ProcessWalletJournalJob
[2019-05-18 07:00:06][3284] Processing: App\Jobs\ProcessWalletJournalJob
[2019-05-18 07:00:07][3284] Processed:  App\Jobs\ProcessWalletJournalJob
[2019-05-18 07:00:07][3285] Processing: App\Jobs\ProcessWalletJournalJob
[2019-05-18 07:00:09][3285] Processed:  App\Jobs\ProcessWalletJournalJob
[2019-05-18 07:00:09][3286] Processing: App\Jobs\ProcessWalletJournalJob
[2019-05-18 07:00:10][3320] Processing: App\Jobs\ProcessWalletTransactionJob
[2019-05-18 07:00:10][3286] Processed:  App\Jobs\ProcessWalletJournalJob
[2019-05-18 07:00:10][3287] Processing: App\Jobs\ProcessWalletJournalJob
[2019-05-18 07:00:11][3320] Processing: App\Jobs\ProcessWalletTransactionJob
[2019-05-18 07:00:12][3320] Processing: App\Jobs\ProcessWalletTransactionJob
[2019-05-18 07:00:12][3320] Failed:     App\Jobs\ProcessWalletTransactionJob
[2019-05-18 07:00:14][3287] Processed:  App\Jobs\ProcessWalletJournalJob
[2019-05-18 07:00:14][3288] Processing: App\Jobs\ProcessWalletJournalJob
[2019-05-18 07:00:20][3288] Processed:  App\Jobs\ProcessWalletJournalJob
[2019-05-18 07:00:20][3289] Processing: App\Jobs\ProcessWalletJournalJob
[2019-05-18 07:00:25][3289] Processed:  App\Jobs\ProcessWalletJournalJob
[2019-05-18 07:00:25][3290] Processing: App\Jobs\ProcessWalletJournalJob
[2019-05-18 07:00:32][3290] Processed:  App\Jobs\ProcessWalletJournalJob
[2019-05-18 07:00:32][3291] Processing: App\Jobs\ProcessWalletJournalJob
[2019-05-18 07:00:41][3291] Processed:  App\Jobs\ProcessWalletJournalJob
[2019-05-18 07:00:41][3292] Processing: App\Jobs\ProcessWalletJournalJob
[2019-05-18 07:00:46][3292] Processed:  App\Jobs\ProcessWalletJournalJob
[2019-05-18 07:00:46][3293] Processing: App\Jobs\ProcessWalletJournalJob
[2019-05-18 07:00:54][3293] Processed:  App\Jobs\ProcessWalletJournalJob
[2019-05-18 07:00:54][3294] Processing: App\Jobs\ProcessWalletJournalJob
[2019-05-18 07:01:02][3294] Processed:  App\Jobs\ProcessWalletJournalJob
[2019-05-18 07:01:02][3295] Processing: App\Jobs\ProcessWalletJournalJob
[2019-05-18 07:01:08][3295] Processed:  App\Jobs\ProcessWalletJournalJob
[2019-05-18 07:01:08][3296] Processing: App\Jobs\ProcessWalletJournalJob
[2019-05-18 07:01:13][3296] Processed:  App\Jobs\ProcessWalletJournalJob
[2019-05-18 07:01:13][3297] Processing: App\Jobs\ProcessWalletJournalJob
[2019-05-18 07:01:18][3297] Processed:  App\Jobs\ProcessWalletJournalJob
[2019-05-18 07:01:18][3298] Processing: App\Jobs\ProcessWalletJournalJob
[2019-05-18 07:01:22][3298] Processed:  App\Jobs\ProcessWalletJournalJob
[2019-05-18 07:01:22][3299] Processing: App\Jobs\ProcessWalletJournalJob
[2019-05-18 07:01:28][3299] Processed:  App\Jobs\ProcessWalletJournalJob
[2019-05-18 07:01:28][3300] Processing: App\Jobs\ProcessWalletJournalJob
[2019-05-18 07:01:33][3300] Processed:  App\Jobs\ProcessWalletJournalJob
[2019-05-18 07:01:33][3301] Processing: App\Jobs\ProcessWalletJournalJob
[2019-05-18 07:01:39][3301] Processed:  App\Jobs\ProcessWalletJournalJob
[2019-05-18 07:01:39][3302] Processing: App\Jobs\ProcessWalletJournalJob
[2019-05-18 07:01:45][3302] Processed:  App\Jobs\ProcessWalletJournalJob
[2019-05-18 07:01:45][3303] Processing: App\Jobs\ProcessWalletJournalJob
[2019-05-18 07:01:50][3303] Processed:  App\Jobs\ProcessWalletJournalJob
[2019-05-18 07:01:50][3304] Processing: App\Jobs\ProcessWalletJournalJob
[2019-05-18 07:01:55][3304] Processed:  App\Jobs\ProcessWalletJournalJob
[2019-05-18 07:01:55][3305] Processing: App\Jobs\ProcessWalletJournalJob
[2019-05-18 07:02:00][3305] Processed:  App\Jobs\ProcessWalletJournalJob
[2019-05-18 07:02:00][3306] Processing: App\Jobs\ProcessWalletJournalJob
[2019-05-18 07:02:05][3306] Processed:  App\Jobs\ProcessWalletJournalJob
[2019-05-18 07:02:05][3307] Processing: App\Jobs\ProcessWalletJournalJob
[2019-05-18 07:02:10][3307] Processed:  App\Jobs\ProcessWalletJournalJob
[2019-05-18 07:02:10][3308] Processing: App\Jobs\ProcessWalletJournalJob
[2019-05-18 07:02:16][3308] Processed:  App\Jobs\ProcessWalletJournalJob
[2019-05-18 07:02:16][3309] Processing: App\Jobs\ProcessWalletJournalJob
[2019-05-18 07:02:23][3309] Processed:  App\Jobs\ProcessWalletJournalJob
[2019-05-18 07:02:23][3310] Processing: App\Jobs\ProcessWalletJournalJob
[2019-05-18 07:02:29][3310] Processed:  App\Jobs\ProcessWalletJournalJob
[2019-05-18 07:02:29][3311] Processing: App\Jobs\ProcessWalletJournalJob
[2019-05-18 07:02:34][3311] Processed:  App\Jobs\ProcessWalletJournalJob
[2019-05-18 07:02:34][3312] Processing: App\Jobs\ProcessWalletJournalJob
[2019-05-18 07:02:40][3312] Processed:  App\Jobs\ProcessWalletJournalJob
[2019-05-18 07:02:40][3313] Processing: App\Jobs\ProcessWalletJournalJob
[2019-05-18 07:02:45][3313] Processed:  App\Jobs\ProcessWalletJournalJob
[2019-05-18 07:02:45][3314] Processing: App\Jobs\ProcessWalletJournalJob
[2019-05-18 07:02:51][3314] Processed:  App\Jobs\ProcessWalletJournalJob
[2019-05-18 07:02:51][3315] Processing: App\Jobs\ProcessWalletJournalJob
[2019-05-18 07:02:58][3315] Processed:  App\Jobs\ProcessWalletJournalJob
[2019-05-18 07:02:58][3316] Processing: App\Jobs\ProcessWalletJournalJob
[2019-05-18 07:03:04][3316] Processed:  App\Jobs\ProcessWalletJournalJob
[2019-05-18 07:03:04][3317] Processing: App\Jobs\ProcessWalletJournalJob
[2019-05-18 07:03:10][3317] Processed:  App\Jobs\ProcessWalletJournalJob
[2019-05-18 07:03:10][3318] Processing: App\Jobs\ProcessWalletJournalJob
[2019-05-18 07:03:15][3318] Processed:  App\Jobs\ProcessWalletJournalJob
[2019-05-18 07:03:15][3319] Processing: App\Jobs\ProcessWalletJournalJob
[2019-05-18 07:03:20][3319] Processed:  App\Jobs\ProcessWalletJournalJob
[2019-05-18 08:00:04][3321] Processing: App\Jobs\ProcessWalletJournalJob
[2019-05-18 08:00:04][3321] Processed:  App\Jobs\ProcessWalletJournalJob
[2019-05-18 08:00:04][3322] Processing: App\Jobs\ProcessWalletJournalJob
[2019-05-18 08:00:05][3322] Processed:  App\Jobs\ProcessWalletJournalJob
[2019-05-18 08:00:05][3323] Processing: App\Jobs\ProcessWalletJournalJob
[2019-05-18 08:00:05][3323] Processed:  App\Jobs\ProcessWalletJournalJob
[2019-05-18 08:00:05][3324] Processing: App\Jobs\ProcessWalletJournalJob
[2019-05-18 08:00:08][3357] Processing: App\Jobs\ProcessWalletTransactionJob
[2019-05-18 08:00:08][3357] Processing: App\Jobs\ProcessWalletTransactionJob
[2019-05-18 08:00:09][3357] Processing: App\Jobs\ProcessWalletTransactionJob
[2019-05-18 08:00:09][3357] Failed:     App\Jobs\ProcessWalletTransactionJob
[2019-05-18 08:00:11][3324] Processed:  App\Jobs\ProcessWalletJournalJob
[2019-05-18 08:00:11][3325] Processing: App\Jobs\ProcessWalletJournalJob
[2019-05-18 08:00:17][3325] Processed:  App\Jobs\ProcessWalletJournalJob
[2019-05-18 08:00:17][3326] Processing: App\Jobs\ProcessWalletJournalJob
[2019-05-18 08:00:22][3326] Processed:  App\Jobs\ProcessWalletJournalJob
[2019-05-18 08:00:22][3327] Processing: App\Jobs\ProcessWalletJournalJob
[2019-05-18 08:00:29][3327] Processed:  App\Jobs\ProcessWalletJournalJob
[2019-05-18 08:00:29][3328] Processing: App\Jobs\ProcessWalletJournalJob
[2019-05-18 08:00:38][3328] Processed:  App\Jobs\ProcessWalletJournalJob
[2019-05-18 08:00:38][3329] Processing: App\Jobs\ProcessWalletJournalJob
[2019-05-18 08:00:44][3329] Processed:  App\Jobs\ProcessWalletJournalJob
[2019-05-18 08:00:44][3330] Processing: App\Jobs\ProcessWalletJournalJob
[2019-05-18 08:00:53][3330] Processed:  App\Jobs\ProcessWalletJournalJob
[2019-05-18 08:00:53][3331] Processing: App\Jobs\ProcessWalletJournalJob
[2019-05-18 08:01:01][3331] Processed:  App\Jobs\ProcessWalletJournalJob
[2019-05-18 08:01:01][3332] Processing: App\Jobs\ProcessWalletJournalJob
[2019-05-18 08:01:06][3332] Processed:  App\Jobs\ProcessWalletJournalJob
[2019-05-18 08:01:06][3333] Processing: App\Jobs\ProcessWalletJournalJob
[2019-05-18 08:01:11][3333] Processed:  App\Jobs\ProcessWalletJournalJob
[2019-05-18 08:01:11][3334] Processing: App\Jobs\ProcessWalletJournalJob
[2019-05-18 08:01:17][3334] Processed:  App\Jobs\ProcessWalletJournalJob
[2019-05-18 08:01:17][3335] Processing: App\Jobs\ProcessWalletJournalJob
[2019-05-18 08:01:22][3335] Processed:  App\Jobs\ProcessWalletJournalJob
[2019-05-18 08:01:22][3336] Processing: App\Jobs\ProcessWalletJournalJob
[2019-05-18 08:01:27][3336] Processed:  App\Jobs\ProcessWalletJournalJob
[2019-05-18 08:01:27][3337] Processing: App\Jobs\ProcessWalletJournalJob
[2019-05-18 08:01:34][3337] Processed:  App\Jobs\ProcessWalletJournalJob
[2019-05-18 08:01:34][3338] Processing: App\Jobs\ProcessWalletJournalJob
[2019-05-18 08:01:41][3338] Processed:  App\Jobs\ProcessWalletJournalJob
[2019-05-18 08:01:41][3339] Processing: App\Jobs\ProcessWalletJournalJob
[2019-05-18 08:01:46][3339] Processed:  App\Jobs\ProcessWalletJournalJob
[2019-05-18 08:01:46][3340] Processing: App\Jobs\ProcessWalletJournalJob
[2019-05-18 08:01:52][3340] Processed:  App\Jobs\ProcessWalletJournalJob
[2019-05-18 08:01:52][3341] Processing: App\Jobs\ProcessWalletJournalJob
[2019-05-18 08:01:58][3341] Processed:  App\Jobs\ProcessWalletJournalJob
[2019-05-18 08:01:58][3342] Processing: App\Jobs\ProcessWalletJournalJob
[2019-05-18 08:02:04][3342] Processed:  App\Jobs\ProcessWalletJournalJob
[2019-05-18 08:02:04][3343] Processing: App\Jobs\ProcessWalletJournalJob
[2019-05-18 08:02:09][3343] Processed:  App\Jobs\ProcessWalletJournalJob
[2019-05-18 08:02:09][3344] Processing: App\Jobs\ProcessWalletJournalJob
[2019-05-18 08:02:14][3344] Processed:  App\Jobs\ProcessWalletJournalJob
[2019-05-18 08:02:14][3345] Processing: App\Jobs\ProcessWalletJournalJob
[2019-05-18 08:02:22][3345] Processed:  App\Jobs\ProcessWalletJournalJob
[2019-05-18 08:02:22][3346] Processing: App\Jobs\ProcessWalletJournalJob
[2019-05-18 08:02:30][3346] Processed:  App\Jobs\ProcessWalletJournalJob
[2019-05-18 08:02:30][3347] Processing: App\Jobs\ProcessWalletJournalJob
[2019-05-18 08:02:35][3347] Processed:  App\Jobs\ProcessWalletJournalJob
[2019-05-18 08:02:35][3348] Processing: App\Jobs\ProcessWalletJournalJob
[2019-05-18 08:02:42][3348] Processed:  App\Jobs\ProcessWalletJournalJob
[2019-05-18 08:02:42][3349] Processing: App\Jobs\ProcessWalletJournalJob
[2019-05-18 08:02:50][3349] Processed:  App\Jobs\ProcessWalletJournalJob
[2019-05-18 08:02:50][3350] Processing: App\Jobs\ProcessWalletJournalJob
[2019-05-18 08:02:55][3350] Processed:  App\Jobs\ProcessWalletJournalJob
[2019-05-18 08:02:55][3351] Processing: App\Jobs\ProcessWalletJournalJob
[2019-05-18 08:03:03][3351] Processed:  App\Jobs\ProcessWalletJournalJob
[2019-05-18 08:03:03][3352] Processing: App\Jobs\ProcessWalletJournalJob
[2019-05-18 08:03:09][3352] Processed:  App\Jobs\ProcessWalletJournalJob
[2019-05-18 08:03:09][3353] Processing: App\Jobs\ProcessWalletJournalJob
[2019-05-18 08:03:16][3353] Processed:  App\Jobs\ProcessWalletJournalJob
[2019-05-18 08:03:16][3354] Processing: App\Jobs\ProcessWalletJournalJob
[2019-05-18 08:03:23][3354] Processed:  App\Jobs\ProcessWalletJournalJob
[2019-05-18 08:03:23][3355] Processing: App\Jobs\ProcessWalletJournalJob
[2019-05-18 08:03:28][3355] Processed:  App\Jobs\ProcessWalletJournalJob
[2019-05-18 08:03:28][3356] Processing: App\Jobs\ProcessWalletJournalJob
[2019-05-18 08:03:33][3356] Processed:  App\Jobs\ProcessWalletJournalJob
[2019-05-18 09:00:05][3358] Processing: App\Jobs\ProcessWalletJournalJob
[2019-05-18 09:00:05][3358] Processed:  App\Jobs\ProcessWalletJournalJob
[2019-05-18 09:00:05][3359] Processing: App\Jobs\ProcessWalletJournalJob
[2019-05-18 09:00:07][3359] Processed:  App\Jobs\ProcessWalletJournalJob
[2019-05-18 09:00:07][3360] Processing: App\Jobs\ProcessWalletJournalJob
[2019-05-18 09:00:08][3394] Processing: App\Jobs\ProcessWalletTransactionJob
[2019-05-18 09:00:09][3394] Processing: App\Jobs\ProcessWalletTransactionJob
[2019-05-18 09:00:08][3360] Processed:  App\Jobs\ProcessWalletJournalJob
[2019-05-18 09:00:08][3361] Processing: App\Jobs\ProcessWalletJournalJob
[2019-05-18 09:00:10][3394] Processing: App\Jobs\ProcessWalletTransactionJob
[2019-05-18 09:00:10][3394] Failed:     App\Jobs\ProcessWalletTransactionJob
[2019-05-18 09:00:13][3361] Processed:  App\Jobs\ProcessWalletJournalJob
[2019-05-18 09:00:13][3362] Processing: App\Jobs\ProcessWalletJournalJob
[2019-05-18 09:00:19][3362] Processed:  App\Jobs\ProcessWalletJournalJob
[2019-05-18 09:00:19][3363] Processing: App\Jobs\ProcessWalletJournalJob
[2019-05-18 09:00:24][3363] Processed:  App\Jobs\ProcessWalletJournalJob
[2019-05-18 09:00:24][3364] Processing: App\Jobs\ProcessWalletJournalJob
[2019-05-18 09:00:31][3364] Processed:  App\Jobs\ProcessWalletJournalJob
[2019-05-18 09:00:31][3365] Processing: App\Jobs\ProcessWalletJournalJob
[2019-05-18 09:00:39][3365] Processed:  App\Jobs\ProcessWalletJournalJob
[2019-05-18 09:00:39][3366] Processing: App\Jobs\ProcessWalletJournalJob
[2019-05-18 09:00:46][3366] Processed:  App\Jobs\ProcessWalletJournalJob
[2019-05-18 09:00:46][3367] Processing: App\Jobs\ProcessWalletJournalJob
[2019-05-18 09:00:54][3367] Processed:  App\Jobs\ProcessWalletJournalJob
[2019-05-18 09:00:54][3368] Processing: App\Jobs\ProcessWalletJournalJob
[2019-05-18 09:01:02][3368] Processed:  App\Jobs\ProcessWalletJournalJob
[2019-05-18 09:01:02][3369] Processing: App\Jobs\ProcessWalletJournalJob
[2019-05-18 09:01:07][3369] Processed:  App\Jobs\ProcessWalletJournalJob
[2019-05-18 09:01:07][3370] Processing: App\Jobs\ProcessWalletJournalJob
[2019-05-18 09:01:13][3370] Processed:  App\Jobs\ProcessWalletJournalJob
[2019-05-18 09:01:13][3371] Processing: App\Jobs\ProcessWalletJournalJob
[2019-05-18 09:01:20][3371] Processed:  App\Jobs\ProcessWalletJournalJob
[2019-05-18 09:01:20][3372] Processing: App\Jobs\ProcessWalletJournalJob
[2019-05-18 09:01:24][3372] Processed:  App\Jobs\ProcessWalletJournalJob
[2019-05-18 09:01:24][3373] Processing: App\Jobs\ProcessWalletJournalJob
[2019-05-18 09:01:29][3373] Processed:  App\Jobs\ProcessWalletJournalJob
[2019-05-18 09:01:29][3374] Processing: App\Jobs\ProcessWalletJournalJob
[2019-05-18 09:01:35][3374] Processed:  App\Jobs\ProcessWalletJournalJob
[2019-05-18 09:01:35][3375] Processing: App\Jobs\ProcessWalletJournalJob
[2019-05-18 09:01:41][3375] Processed:  App\Jobs\ProcessWalletJournalJob
[2019-05-18 09:01:41][3376] Processing: App\Jobs\ProcessWalletJournalJob
[2019-05-18 09:01:45][3376] Processed:  App\Jobs\ProcessWalletJournalJob
[2019-05-18 09:01:45][3377] Processing: App\Jobs\ProcessWalletJournalJob
[2019-05-18 09:01:50][3377] Processed:  App\Jobs\ProcessWalletJournalJob
[2019-05-18 09:01:50][3378] Processing: App\Jobs\ProcessWalletJournalJob
[2019-05-18 09:01:55][3378] Processed:  App\Jobs\ProcessWalletJournalJob
[2019-05-18 09:01:55][3379] Processing: App\Jobs\ProcessWalletJournalJob
[2019-05-18 09:02:01][3379] Processed:  App\Jobs\ProcessWalletJournalJob
[2019-05-18 09:02:01][3380] Processing: App\Jobs\ProcessWalletJournalJob
[2019-05-18 09:02:05][3380] Processed:  App\Jobs\ProcessWalletJournalJob
[2019-05-18 09:02:05][3381] Processing: App\Jobs\ProcessWalletJournalJob
[2019-05-18 09:02:09][3381] Processed:  App\Jobs\ProcessWalletJournalJob
[2019-05-18 09:02:09][3382] Processing: App\Jobs\ProcessWalletJournalJob
[2019-05-18 09:02:16][3382] Processed:  App\Jobs\ProcessWalletJournalJob
[2019-05-18 09:02:16][3383] Processing: App\Jobs\ProcessWalletJournalJob
[2019-05-18 09:02:23][3383] Processed:  App\Jobs\ProcessWalletJournalJob
[2019-05-18 09:02:23][3384] Processing: App\Jobs\ProcessWalletJournalJob
[2019-05-18 09:02:28][3384] Processed:  App\Jobs\ProcessWalletJournalJob
[2019-05-18 09:02:28][3385] Processing: App\Jobs\ProcessWalletJournalJob
[2019-05-18 09:02:33][3385] Processed:  App\Jobs\ProcessWalletJournalJob
[2019-05-18 09:02:33][3386] Processing: App\Jobs\ProcessWalletJournalJob
[2019-05-18 09:02:38][3386] Processed:  App\Jobs\ProcessWalletJournalJob
[2019-05-18 09:02:38][3387] Processing: App\Jobs\ProcessWalletJournalJob
[2019-05-18 09:02:43][3387] Processed:  App\Jobs\ProcessWalletJournalJob
[2019-05-18 09:02:43][3388] Processing: App\Jobs\ProcessWalletJournalJob
[2019-05-18 09:02:49][3388] Processed:  App\Jobs\ProcessWalletJournalJob
[2019-05-18 09:02:49][3389] Processing: App\Jobs\ProcessWalletJournalJob
[2019-05-18 09:02:55][3389] Processed:  App\Jobs\ProcessWalletJournalJob
[2019-05-18 09:02:55][3390] Processing: App\Jobs\ProcessWalletJournalJob
[2019-05-18 09:03:01][3390] Processed:  App\Jobs\ProcessWalletJournalJob
[2019-05-18 09:03:01][3391] Processing: App\Jobs\ProcessWalletJournalJob
[2019-05-18 09:03:07][3391] Processed:  App\Jobs\ProcessWalletJournalJob
[2019-05-18 09:03:07][3392] Processing: App\Jobs\ProcessWalletJournalJob
[2019-05-18 09:03:12][3392] Processed:  App\Jobs\ProcessWalletJournalJob
[2019-05-18 09:03:12][3393] Processing: App\Jobs\ProcessWalletJournalJob
[2019-05-18 09:03:16][3393] Processed:  App\Jobs\ProcessWalletJournalJob
