[2019-01-24 00:00:06] eseye.INFO: [http 200, ok] post -> https://login.eveonline.com/oauth/token/?grant_type=refresh_token [t/e: 0.25s/]
[2019-01-24 00:00:07] eseye.INFO: [http 200, ok] get -> https://login.eveonline.com/oauth/verify/ [t/e: 0.45s/]
[2019-01-24 00:00:08] eseye.INFO: [http 200, ok] get -> https://esi.evetech.net/v4/corporations/98287666/wallets/1/journal/?datasource=tranquility&page=1 [t/e: 1.92s/100]
[2019-01-24 01:00:05] eseye.INFO: [http 200, ok] post -> https://login.eveonline.com/oauth/token/?grant_type=refresh_token [t/e: 0.14s/]
[2019-01-24 01:00:05] eseye.INFO: [http 200, ok] get -> https://login.eveonline.com/oauth/verify/ [t/e: 0.05s/]
[2019-01-24 01:00:05] eseye.INFO: [http 200, ok] get -> https://esi.evetech.net/v4/corporations/98287666/wallets/1/journal/?datasource=tranquility&page=1 [t/e: 0.37s/100]
[2019-01-24 02:00:05] eseye.INFO: [http 200, ok] post -> https://login.eveonline.com/oauth/token/?grant_type=refresh_token [t/e: 0.06s/]
[2019-01-24 02:00:05] eseye.INFO: [http 200, ok] get -> https://login.eveonline.com/oauth/verify/ [t/e: 0.05s/]
[2019-01-24 02:00:07] eseye.INFO: [http 200, ok] get -> https://esi.evetech.net/v4/corporations/98287666/wallets/1/journal/?datasource=tranquility&page=1 [t/e: 1.89s/100]
[2019-01-24 03:00:05] eseye.INFO: [http 200, ok] post -> https://login.eveonline.com/oauth/token/?grant_type=refresh_token [t/e: 0.08s/]
[2019-01-24 03:00:05] eseye.INFO: [http 200, ok] get -> https://login.eveonline.com/oauth/verify/ [t/e: 0.14s/]
[2019-01-24 03:00:06] eseye.INFO: [http 200, ok] get -> https://esi.evetech.net/v4/corporations/98287666/wallets/1/journal/?datasource=tranquility&page=1 [t/e: 0.99s/100]
[2019-01-24 03:00:17] eseye.INFO: [http 200, ok] get -> https://esi.evetech.net/v4/corporations/98287666/wallets/1/journal/?datasource=tranquility&page=2 [t/e: 2.17s/100]
[2019-01-24 04:00:05] eseye.INFO: [http 200, ok] post -> https://login.eveonline.com/oauth/token/?grant_type=refresh_token [t/e: 0.12s/]
[2019-01-24 04:00:05] eseye.INFO: [http 200, ok] get -> https://login.eveonline.com/oauth/verify/ [t/e: 0.51s/]
[2019-01-24 04:00:07] eseye.INFO: [http 200, ok] get -> https://esi.evetech.net/v4/corporations/98287666/wallets/1/journal/?datasource=tranquility&page=1 [t/e: 1.60s/100]
[2019-01-24 05:00:04] eseye.INFO: [http 200, ok] post -> https://login.eveonline.com/oauth/token/?grant_type=refresh_token [t/e: 0.07s/]
[2019-01-24 05:00:04] eseye.INFO: [http 200, ok] get -> https://login.eveonline.com/oauth/verify/ [t/e: 0.07s/]
[2019-01-24 05:00:06] eseye.INFO: [http 200, ok] get -> https://esi.evetech.net/v4/corporations/98287666/wallets/1/journal/?datasource=tranquility&page=1 [t/e: 1.54s/100]
[2019-01-24 06:00:05] eseye.INFO: [http 200, ok] post -> https://login.eveonline.com/oauth/token/?grant_type=refresh_token [t/e: 0.23s/]
[2019-01-24 06:00:05] eseye.INFO: [http 200, ok] get -> https://login.eveonline.com/oauth/verify/ [t/e: 0.04s/]
[2019-01-24 06:00:06] eseye.INFO: [http 200, ok] get -> https://esi.evetech.net/v4/corporations/98287666/wallets/1/journal/?datasource=tranquility&page=1 [t/e: 1.42s/100]
[2019-01-24 07:00:05] eseye.INFO: [http 200, ok] post -> https://login.eveonline.com/oauth/token/?grant_type=refresh_token [t/e: 0.09s/]
[2019-01-24 07:00:05] eseye.INFO: [http 200, ok] get -> https://login.eveonline.com/oauth/verify/ [t/e: 0.06s/]
[2019-01-24 07:00:06] eseye.INFO: [http 200, ok] get -> https://esi.evetech.net/v4/corporations/98287666/wallets/1/journal/?datasource=tranquility&page=1 [t/e: 1.04s/100]
[2019-01-24 08:00:06] eseye.INFO: [http 200, ok] post -> https://login.eveonline.com/oauth/token/?grant_type=refresh_token [t/e: 0.52s/]
[2019-01-24 08:00:06] eseye.INFO: [http 200, ok] get -> https://login.eveonline.com/oauth/verify/ [t/e: 0.03s/]
[2019-01-24 08:00:10] eseye.ERROR: [http 503, service unavailable] get -> https://esi.evetech.net/v4/corporations/98287666/wallets/1/journal/?datasource=tranquility&page=1 [t/e: 4.42s/99]
[2019-01-24 09:00:05] eseye.INFO: [http 200, ok] post -> https://login.eveonline.com/oauth/token/?grant_type=refresh_token [t/e: 0.08s/]
[2019-01-24 09:00:05] eseye.INFO: [http 200, ok] get -> https://login.eveonline.com/oauth/verify/ [t/e: 0.05s/]
[2019-01-24 09:00:06] eseye.INFO: [http 200, ok] get -> https://esi.evetech.net/v4/corporations/98287666/wallets/1/journal/?datasource=tranquility&page=1 [t/e: 1.11s/100]
[2019-01-24 10:00:05] eseye.INFO: [http 200, ok] post -> https://login.eveonline.com/oauth/token/?grant_type=refresh_token [t/e: 0.08s/]
[2019-01-24 10:00:06] eseye.INFO: [http 200, ok] get -> https://login.eveonline.com/oauth/verify/ [t/e: 0.54s/]
[2019-01-24 10:00:08] eseye.INFO: [http 200, ok] get -> https://esi.evetech.net/v4/corporations/98287666/wallets/1/journal/?datasource=tranquility&page=1 [t/e: 2.24s/100]
[2019-01-24 11:00:05] eseye.INFO: [http 200, ok] post -> https://login.eveonline.com/oauth/token/?grant_type=refresh_token [t/e: 0.07s/]
[2019-01-24 11:00:05] eseye.INFO: [http 200, ok] get -> https://login.eveonline.com/oauth/verify/ [t/e: 0.17s/]
[2019-01-24 11:00:05] eseye.INFO: [http 200, ok] get -> https://esi.evetech.net/v4/corporations/98287666/wallets/1/journal/?datasource=tranquility&page=1 [t/e: 0.20s/100]
[2019-01-24 12:00:05] eseye.INFO: [http 200, ok] post -> https://login.eveonline.com/oauth/token/?grant_type=refresh_token [t/e: 0.15s/]
[2019-01-24 12:00:05] eseye.INFO: [http 200, ok] get -> https://login.eveonline.com/oauth/verify/ [t/e: 0.04s/]
[2019-01-24 12:00:10] eseye.ERROR: [http 403, forbidden] get -> https://esi.evetech.net/v4/corporations/98287666/wallets/1/journal/?datasource=tranquility&page=1 [t/e: 5.07s/99]
[2019-01-24 13:00:05] eseye.INFO: [http 200, ok] post -> https://login.eveonline.com/oauth/token/?grant_type=refresh_token [t/e: 0.05s/]
[2019-01-24 13:00:05] eseye.INFO: [http 200, ok] get -> https://login.eveonline.com/oauth/verify/ [t/e: 0.04s/]
[2019-01-24 13:00:10] eseye.ERROR: [http 503, service unavailable] get -> https://esi.evetech.net/v4/corporations/98287666/wallets/1/journal/?datasource=tranquility&page=1 [t/e: 4.50s/99]
[2019-01-24 14:00:05] eseye.INFO: [http 200, ok] post -> https://login.eveonline.com/oauth/token/?grant_type=refresh_token [t/e: 0.06s/]
[2019-01-24 14:00:05] eseye.INFO: [http 200, ok] get -> https://login.eveonline.com/oauth/verify/ [t/e: 0.04s/]
[2019-01-24 14:00:07] eseye.INFO: [http 200, ok] get -> https://esi.evetech.net/v4/corporations/98287666/wallets/1/journal/?datasource=tranquility&page=1 [t/e: 2.20s/100]
[2019-01-24 15:00:05] eseye.INFO: [http 200, ok] post -> https://login.eveonline.com/oauth/token/?grant_type=refresh_token [t/e: 0.06s/]
[2019-01-24 15:00:05] eseye.INFO: [http 200, ok] get -> https://login.eveonline.com/oauth/verify/ [t/e: 0.04s/]
[2019-01-24 15:00:08] eseye.INFO: [http 200, ok] get -> https://esi.evetech.net/v4/corporations/98287666/wallets/1/journal/?datasource=tranquility&page=1 [t/e: 3.12s/100]
[2019-01-24 16:00:05] eseye.INFO: [http 200, ok] post -> https://login.eveonline.com/oauth/token/?grant_type=refresh_token [t/e: 0.06s/]
[2019-01-24 16:00:05] eseye.INFO: [http 200, ok] get -> https://login.eveonline.com/oauth/verify/ [t/e: 0.03s/]
[2019-01-24 16:00:09] eseye.ERROR: [http 503, service unavailable] get -> https://esi.evetech.net/v4/corporations/98287666/wallets/1/journal/?datasource=tranquility&page=1 [t/e: 3.51s/99]
[2019-01-24 17:00:05] eseye.INFO: [http 200, ok] post -> https://login.eveonline.com/oauth/token/?grant_type=refresh_token [t/e: 0.08s/]
[2019-01-24 17:00:05] eseye.INFO: [http 200, ok] get -> https://login.eveonline.com/oauth/verify/ [t/e: 0.05s/]
[2019-01-24 17:00:10] eseye.ERROR: [http 403, forbidden] get -> https://esi.evetech.net/v4/corporations/98287666/wallets/1/journal/?datasource=tranquility&page=1 [t/e: 5.07s/99]
[2019-01-24 18:00:05] eseye.INFO: [http 200, ok] post -> https://login.eveonline.com/oauth/token/?grant_type=refresh_token [t/e: 0.06s/]
[2019-01-24 18:00:05] eseye.INFO: [http 200, ok] get -> https://login.eveonline.com/oauth/verify/ [t/e: 0.04s/]
[2019-01-24 18:00:10] eseye.ERROR: [http 403, forbidden] get -> https://esi.evetech.net/v4/corporations/98287666/wallets/1/journal/?datasource=tranquility&page=1 [t/e: 5.07s/99]
[2019-01-24 19:00:07] eseye.INFO: [http 200, ok] post -> https://login.eveonline.com/oauth/token/?grant_type=refresh_token [t/e: 1.62s/]
[2019-01-24 19:00:07] eseye.INFO: [http 200, ok] get -> https://login.eveonline.com/oauth/verify/ [t/e: 0.04s/]
[2019-01-24 19:00:08] eseye.INFO: [http 200, ok] get -> https://esi.evetech.net/v4/corporations/98287666/wallets/1/journal/?datasource=tranquility&page=1 [t/e: 1.43s/100]
[2019-01-24 20:00:06] eseye.INFO: [http 200, ok] post -> https://login.eveonline.com/oauth/token/?grant_type=refresh_token [t/e: 0.33s/]
[2019-01-24 20:00:06] eseye.INFO: [http 200, ok] get -> https://login.eveonline.com/oauth/verify/ [t/e: 0.34s/]
[2019-01-24 20:00:08] eseye.INFO: [http 200, ok] get -> https://esi.evetech.net/v4/corporations/98287666/wallets/1/journal/?datasource=tranquility&page=1 [t/e: 2.63s/100]
[2019-01-24 21:00:04] eseye.INFO: [http 200, ok] post -> https://login.eveonline.com/oauth/token/?grant_type=refresh_token [t/e: 0.09s/]
[2019-01-24 21:00:05] eseye.INFO: [http 200, ok] get -> https://login.eveonline.com/oauth/verify/ [t/e: 0.04s/]
[2019-01-24 21:00:05] eseye.INFO: [http 200, ok] get -> https://esi.evetech.net/v4/corporations/98287666/wallets/1/journal/?datasource=tranquility&page=1 [t/e: 0.27s/100]
[2019-01-24 22:00:04] eseye.INFO: [http 200, ok] post -> https://login.eveonline.com/oauth/token/?grant_type=refresh_token [t/e: 0.35s/]
[2019-01-24 22:00:04] eseye.INFO: [http 200, ok] get -> https://login.eveonline.com/oauth/verify/ [t/e: 0.05s/]
[2019-01-24 22:00:07] eseye.INFO: [http 200, ok] get -> https://esi.evetech.net/v4/corporations/98287666/wallets/1/journal/?datasource=tranquility&page=1 [t/e: 2.39s/100]
[2019-01-24 23:00:05] eseye.INFO: [http 200, ok] post -> https://login.eveonline.com/oauth/token/?grant_type=refresh_token [t/e: 0.22s/]
[2019-01-24 23:00:05] eseye.INFO: [http 200, ok] get -> https://login.eveonline.com/oauth/verify/ [t/e: 0.14s/]
[2019-01-24 23:00:06] eseye.INFO: [http 200, ok] get -> https://esi.evetech.net/v4/corporations/98287666/wallets/1/journal/?datasource=tranquility&page=1 [t/e: 1.16s/100]
[2019-01-24 23:00:17] eseye.INFO: [http 200, ok] get -> https://esi.evetech.net/v4/corporations/98287666/wallets/1/journal/?datasource=tranquility&page=2 [t/e: 0.99s/100]
