[2019-01-30 00:00:07] eseye.INFO: [http 200, ok] post -> https://login.eveonline.com/oauth/token/?grant_type=refresh_token [t/e: 0.10s/]
[2019-01-30 00:00:07] eseye.INFO: [http 200, ok] get -> https://login.eveonline.com/oauth/verify/ [t/e: 0.07s/]
[2019-01-30 00:00:09] eseye.INFO: [http 200, ok] get -> https://esi.evetech.net/v4/corporations/98287666/wallets/1/journal/?datasource=tranquility&page=1 [t/e: 1.67s/100]
[2019-01-30 01:00:05] eseye.INFO: [http 200, ok] post -> https://login.eveonline.com/oauth/token/?grant_type=refresh_token [t/e: 0.12s/]
[2019-01-30 01:00:06] eseye.INFO: [http 200, ok] get -> https://login.eveonline.com/oauth/verify/ [t/e: 0.86s/]
[2019-01-30 01:00:06] eseye.INFO: [http 200, ok] get -> https://esi.evetech.net/v4/corporations/98287666/wallets/1/journal/?datasource=tranquility&page=1 [t/e: 0.37s/100]
[2019-01-30 02:00:05] eseye.INFO: [http 200, ok] post -> https://login.eveonline.com/oauth/token/?grant_type=refresh_token [t/e: 0.19s/]
[2019-01-30 02:00:06] eseye.INFO: [http 200, ok] get -> https://login.eveonline.com/oauth/verify/ [t/e: 0.42s/]
[2019-01-30 02:00:07] eseye.INFO: [http 200, ok] get -> https://esi.evetech.net/v4/corporations/98287666/wallets/1/journal/?datasource=tranquility&page=1 [t/e: 1.02s/100]
[2019-01-30 03:00:04] eseye.INFO: [http 200, ok] post -> https://login.eveonline.com/oauth/token/?grant_type=refresh_token [t/e: 0.21s/]
[2019-01-30 03:00:05] eseye.INFO: [http 200, ok] get -> https://login.eveonline.com/oauth/verify/ [t/e: 0.22s/]
[2019-01-30 03:00:06] eseye.INFO: [http 200, ok] get -> https://esi.evetech.net/v4/corporations/98287666/wallets/1/journal/?datasource=tranquility&page=1 [t/e: 1.74s/100]
[2019-01-30 04:00:05] eseye.INFO: [http 200, ok] post -> https://login.eveonline.com/oauth/token/?grant_type=refresh_token [t/e: 0.14s/]
[2019-01-30 04:00:05] eseye.INFO: [http 200, ok] get -> https://login.eveonline.com/oauth/verify/ [t/e: 0.08s/]
[2019-01-30 04:00:06] eseye.INFO: [http 200, ok] get -> https://esi.evetech.net/v4/corporations/98287666/wallets/1/journal/?datasource=tranquility&page=1 [t/e: 1.22s/100]
[2019-01-30 04:00:18] eseye.INFO: [http 200, ok] get -> https://esi.evetech.net/v4/corporations/98287666/wallets/1/journal/?datasource=tranquility&page=2 [t/e: 1.19s/100]
[2019-01-30 05:00:05] eseye.INFO: [http 200, ok] post -> https://login.eveonline.com/oauth/token/?grant_type=refresh_token [t/e: 0.18s/]
[2019-01-30 05:00:05] eseye.INFO: [http 200, ok] get -> https://login.eveonline.com/oauth/verify/ [t/e: 0.05s/]
[2019-01-30 05:00:06] eseye.INFO: [http 200, ok] get -> https://esi.evetech.net/v4/corporations/98287666/wallets/1/journal/?datasource=tranquility&page=1 [t/e: 0.81s/100]
[2019-01-30 06:00:06] eseye.INFO: [http 200, ok] post -> https://login.eveonline.com/oauth/token/?grant_type=refresh_token [t/e: 0.08s/]
[2019-01-30 06:00:06] eseye.INFO: [http 200, ok] get -> https://login.eveonline.com/oauth/verify/ [t/e: 0.09s/]
[2019-01-30 06:00:07] eseye.INFO: [http 200, ok] get -> https://esi.evetech.net/v4/corporations/98287666/wallets/1/journal/?datasource=tranquility&page=1 [t/e: 1.30s/100]
[2019-01-30 07:00:05] eseye.INFO: [http 200, ok] post -> https://login.eveonline.com/oauth/token/?grant_type=refresh_token [t/e: 0.07s/]
[2019-01-30 07:00:05] eseye.INFO: [http 200, ok] get -> https://login.eveonline.com/oauth/verify/ [t/e: 0.03s/]
[2019-01-30 07:00:07] eseye.INFO: [http 200, ok] get -> https://esi.evetech.net/v4/corporations/98287666/wallets/1/journal/?datasource=tranquility&page=1 [t/e: 1.34s/100]
[2019-01-30 08:00:05] eseye.INFO: [http 200, ok] post -> https://login.eveonline.com/oauth/token/?grant_type=refresh_token [t/e: 0.59s/]
[2019-01-30 08:00:06] eseye.INFO: [http 200, ok] get -> https://login.eveonline.com/oauth/verify/ [t/e: 0.41s/]
[2019-01-30 08:00:08] eseye.INFO: [http 200, ok] get -> https://esi.evetech.net/v4/corporations/98287666/wallets/1/journal/?datasource=tranquility&page=1 [t/e: 1.77s/100]
[2019-01-30 09:00:05] eseye.INFO: [http 200, ok] post -> https://login.eveonline.com/oauth/token/?grant_type=refresh_token [t/e: 0.06s/]
[2019-01-30 09:00:05] eseye.INFO: [http 200, ok] get -> https://login.eveonline.com/oauth/verify/ [t/e: 0.02s/]
[2019-01-30 09:00:06] eseye.INFO: [http 200, ok] get -> https://esi.evetech.net/v4/corporations/98287666/wallets/1/journal/?datasource=tranquility&page=1 [t/e: 1.07s/100]
[2019-01-30 09:00:17] eseye.INFO: [http 200, ok] get -> https://esi.evetech.net/v4/corporations/98287666/wallets/1/journal/?datasource=tranquility&page=2 [t/e: 1.14s/100]
[2019-01-30 10:00:05] eseye.INFO: [http 200, ok] post -> https://login.eveonline.com/oauth/token/?grant_type=refresh_token [t/e: 0.38s/]
[2019-01-30 10:00:05] eseye.INFO: [http 200, ok] get -> https://login.eveonline.com/oauth/verify/ [t/e: 0.19s/]
[2019-01-30 10:00:07] eseye.INFO: [http 200, ok] get -> https://esi.evetech.net/v4/corporations/98287666/wallets/1/journal/?datasource=tranquility&page=1 [t/e: 1.65s/100]
[2019-01-30 11:00:05] eseye.INFO: [http 200, ok] post -> https://login.eveonline.com/oauth/token/?grant_type=refresh_token [t/e: 0.06s/]
[2019-01-30 11:00:05] eseye.INFO: [http 200, ok] get -> https://login.eveonline.com/oauth/verify/ [t/e: 0.09s/]
[2019-01-30 11:00:06] eseye.INFO: [http 200, ok] get -> https://esi.evetech.net/v4/corporations/98287666/wallets/1/journal/?datasource=tranquility&page=1 [t/e: 1.32s/100]
[2019-01-30 12:00:06] eseye.INFO: [http 200, ok] post -> https://login.eveonline.com/oauth/token/?grant_type=refresh_token [t/e: 0.71s/]
[2019-01-30 12:00:09] eseye.INFO: [http 200, ok] get -> https://login.eveonline.com/oauth/verify/ [t/e: 2.53s/]
[2019-01-30 12:00:13] eseye.ERROR: [http 503, service unavailable] get -> https://esi.evetech.net/v4/corporations/98287666/wallets/1/journal/?datasource=tranquility&page=1 [t/e: 4.05s/99]
[2019-01-30 13:00:05] eseye.INFO: [http 200, ok] post -> https://login.eveonline.com/oauth/token/?grant_type=refresh_token [t/e: 0.72s/]
[2019-01-30 13:00:05] eseye.INFO: [http 200, ok] get -> https://login.eveonline.com/oauth/verify/ [t/e: 0.08s/]
[2019-01-30 13:00:10] eseye.INFO: [http 200, ok] get -> https://esi.evetech.net/v4/corporations/98287666/wallets/1/journal/?datasource=tranquility&page=1 [t/e: 5.50s/100]
[2019-01-30 14:00:05] eseye.INFO: [http 200, ok] post -> https://login.eveonline.com/oauth/token/?grant_type=refresh_token [t/e: 0.59s/]
[2019-01-30 14:00:05] eseye.INFO: [http 200, ok] get -> https://login.eveonline.com/oauth/verify/ [t/e: 0.06s/]
[2019-01-30 14:00:10] eseye.INFO: [http 200, ok] get -> https://esi.evetech.net/v4/corporations/98287666/wallets/1/journal/?datasource=tranquility&page=1 [t/e: 4.91s/100]
[2019-01-30 15:00:05] eseye.INFO: [http 200, ok] post -> https://login.eveonline.com/oauth/token/?grant_type=refresh_token [t/e: 0.05s/]
[2019-01-30 15:00:05] eseye.INFO: [http 200, ok] get -> https://login.eveonline.com/oauth/verify/ [t/e: 0.26s/]
[2019-01-30 15:00:06] eseye.INFO: [http 200, ok] get -> https://esi.evetech.net/v4/corporations/98287666/wallets/1/journal/?datasource=tranquility&page=1 [t/e: 0.36s/100]
[2019-01-30 16:00:04] eseye.INFO: [http 200, ok] post -> https://login.eveonline.com/oauth/token/?grant_type=refresh_token [t/e: 0.06s/]
[2019-01-30 16:00:07] eseye.INFO: [http 200, ok] get -> https://login.eveonline.com/oauth/verify/ [t/e: 3.01s/]
[2019-01-30 16:00:12] eseye.ERROR: [http 403, forbidden] get -> https://esi.evetech.net/v4/corporations/98287666/wallets/1/journal/?datasource=tranquility&page=1 [t/e: 5.07s/99]
[2019-01-30 17:00:07] eseye.INFO: [http 200, ok] post -> https://login.eveonline.com/oauth/token/?grant_type=refresh_token [t/e: 1.98s/]
[2019-01-30 17:00:07] eseye.INFO: [http 200, ok] get -> https://login.eveonline.com/oauth/verify/ [t/e: 0.10s/]
[2019-01-30 17:00:09] eseye.INFO: [http 200, ok] get -> https://esi.evetech.net/v4/corporations/98287666/wallets/1/journal/?datasource=tranquility&page=1 [t/e: 1.86s/100]
[2019-01-30 18:00:08] eseye.INFO: [http 200, ok] post -> https://login.eveonline.com/oauth/token/?grant_type=refresh_token [t/e: 2.93s/]
[2019-01-30 18:00:08] eseye.INFO: [http 200, ok] get -> https://login.eveonline.com/oauth/verify/ [t/e: 0.14s/]
[2019-01-30 18:00:10] eseye.INFO: [http 200, ok] get -> https://esi.evetech.net/v4/corporations/98287666/wallets/1/journal/?datasource=tranquility&page=1 [t/e: 2.30s/100]
[2019-01-30 19:00:08] eseye.INFO: [http 200, ok] post -> https://login.eveonline.com/oauth/token/?grant_type=refresh_token [t/e: 3.40s/]
[2019-01-30 19:00:08] eseye.INFO: [http 200, ok] get -> https://login.eveonline.com/oauth/verify/ [t/e: 0.04s/]
[2019-01-30 19:00:09] eseye.INFO: [http 200, ok] get -> https://esi.evetech.net/v4/corporations/98287666/wallets/1/journal/?datasource=tranquility&page=1 [t/e: 1.22s/100]
[2019-01-30 19:00:21] eseye.INFO: [http 200, ok] get -> https://esi.evetech.net/v4/corporations/98287666/wallets/1/journal/?datasource=tranquility&page=2 [t/e: 1.43s/100]
[2019-01-30 20:00:08] eseye.INFO: [http 200, ok] post -> https://login.eveonline.com/oauth/token/?grant_type=refresh_token [t/e: 3.25s/]
[2019-01-30 20:00:10] eseye.INFO: [http 200, ok] get -> https://login.eveonline.com/oauth/verify/ [t/e: 1.74s/]
[2019-01-30 20:00:15] eseye.ERROR: [http 403, forbidden] get -> https://esi.evetech.net/v4/corporations/98287666/wallets/1/journal/?datasource=tranquility&page=1 [t/e: 5.07s/99]
[2019-01-30 21:00:04] eseye.INFO: [http 200, ok] post -> https://login.eveonline.com/oauth/token/?grant_type=refresh_token [t/e: 0.06s/]
[2019-01-30 21:00:05] eseye.INFO: [http 200, ok] get -> https://login.eveonline.com/oauth/verify/ [t/e: 0.51s/]
[2019-01-30 21:00:06] eseye.INFO: [http 200, ok] get -> https://esi.evetech.net/v4/corporations/98287666/wallets/1/journal/?datasource=tranquility&page=1 [t/e: 1.25s/100]
[2019-01-30 22:00:08] eseye.INFO: [http 200, ok] post -> https://login.eveonline.com/oauth/token/?grant_type=refresh_token [t/e: 2.81s/]
[2019-01-30 22:00:08] eseye.INFO: [http 200, ok] get -> https://login.eveonline.com/oauth/verify/ [t/e: 0.04s/]
[2019-01-30 22:00:10] eseye.INFO: [http 200, ok] get -> https://esi.evetech.net/v4/corporations/98287666/wallets/1/journal/?datasource=tranquility&page=1 [t/e: 2.59s/100]
[2019-01-30 23:00:04] eseye.INFO: [http 200, ok] post -> https://login.eveonline.com/oauth/token/?grant_type=refresh_token [t/e: 0.06s/]
[2019-01-30 23:00:05] eseye.INFO: [http 200, ok] get -> https://login.eveonline.com/oauth/verify/ [t/e: 0.67s/]
[2019-01-30 23:00:05] eseye.INFO: [http 200, ok] get -> https://esi.evetech.net/v4/corporations/98287666/wallets/1/journal/?datasource=tranquility&page=1 [t/e: 0.81s/100]
