[2019-01-27 00:00:06] eseye.INFO: [http 200, ok] post -> https://login.eveonline.com/oauth/token/?grant_type=refresh_token [t/e: 0.22s/]
[2019-01-27 00:00:07] eseye.INFO: [http 200, ok] get -> https://login.eveonline.com/oauth/verify/ [t/e: 0.24s/]
[2019-01-27 00:00:10] eseye.INFO: [http 200, ok] get -> https://esi.evetech.net/v4/corporations/98287666/wallets/1/journal/?datasource=tranquility&page=1 [t/e: 3.19s/100]
[2019-01-27 01:00:05] eseye.INFO: [http 200, ok] post -> https://login.eveonline.com/oauth/token/?grant_type=refresh_token [t/e: 0.07s/]
[2019-01-27 01:00:05] eseye.INFO: [http 200, ok] get -> https://login.eveonline.com/oauth/verify/ [t/e: 0.04s/]
[2019-01-27 01:00:05] eseye.INFO: [http 200, ok] get -> https://esi.evetech.net/v4/corporations/98287666/wallets/1/journal/?datasource=tranquility&page=1 [t/e: 0.29s/100]
[2019-01-27 02:00:05] eseye.INFO: [http 200, ok] post -> https://login.eveonline.com/oauth/token/?grant_type=refresh_token [t/e: 0.29s/]
[2019-01-27 02:00:05] eseye.INFO: [http 200, ok] get -> https://login.eveonline.com/oauth/verify/ [t/e: 0.17s/]
[2019-01-27 02:00:08] eseye.INFO: [http 200, ok] get -> https://esi.evetech.net/v4/corporations/98287666/wallets/1/journal/?datasource=tranquility&page=1 [t/e: 3.18s/100]
[2019-01-27 03:00:05] eseye.INFO: [http 200, ok] post -> https://login.eveonline.com/oauth/token/?grant_type=refresh_token [t/e: 0.09s/]
[2019-01-27 03:00:05] eseye.INFO: [http 200, ok] get -> https://login.eveonline.com/oauth/verify/ [t/e: 0.44s/]
[2019-01-27 03:00:06] eseye.INFO: [http 200, ok] get -> https://esi.evetech.net/v4/corporations/98287666/wallets/1/journal/?datasource=tranquility&page=1 [t/e: 1.28s/100]
[2019-01-27 03:00:20] eseye.INFO: [http 200, ok] get -> https://esi.evetech.net/v4/corporations/98287666/wallets/1/journal/?datasource=tranquility&page=2 [t/e: 4.64s/100]
[2019-01-27 04:00:06] eseye.INFO: [http 200, ok] post -> https://login.eveonline.com/oauth/token/?grant_type=refresh_token [t/e: 0.06s/]
[2019-01-27 04:00:06] eseye.INFO: [http 200, ok] get -> https://login.eveonline.com/oauth/verify/ [t/e: 0.06s/]
[2019-01-27 04:00:09] eseye.INFO: [http 200, ok] get -> https://esi.evetech.net/v4/corporations/98287666/wallets/1/journal/?datasource=tranquility&page=1 [t/e: 2.92s/100]
[2019-01-27 05:00:05] eseye.INFO: [http 200, ok] post -> https://login.eveonline.com/oauth/token/?grant_type=refresh_token [t/e: 0.11s/]
[2019-01-27 05:00:05] eseye.INFO: [http 200, ok] get -> https://login.eveonline.com/oauth/verify/ [t/e: 0.03s/]
[2019-01-27 05:00:06] eseye.INFO: [http 200, ok] get -> https://esi.evetech.net/v4/corporations/98287666/wallets/1/journal/?datasource=tranquility&page=1 [t/e: 1.14s/100]
[2019-01-27 06:00:06] eseye.INFO: [http 200, ok] post -> https://login.eveonline.com/oauth/token/?grant_type=refresh_token [t/e: 0.07s/]
[2019-01-27 06:00:06] eseye.INFO: [http 200, ok] get -> https://login.eveonline.com/oauth/verify/ [t/e: 0.05s/]
[2019-01-27 06:00:07] eseye.INFO: [http 200, ok] get -> https://esi.evetech.net/v4/corporations/98287666/wallets/1/journal/?datasource=tranquility&page=1 [t/e: 1.82s/100]
[2019-01-27 07:00:05] eseye.INFO: [http 200, ok] post -> https://login.eveonline.com/oauth/token/?grant_type=refresh_token [t/e: 0.20s/]
[2019-01-27 07:00:05] eseye.INFO: [http 200, ok] get -> https://login.eveonline.com/oauth/verify/ [t/e: 0.23s/]
[2019-01-27 07:00:06] eseye.INFO: [http 200, ok] get -> https://esi.evetech.net/v4/corporations/98287666/wallets/1/journal/?datasource=tranquility&page=1 [t/e: 1.28s/100]
[2019-01-27 07:00:17] eseye.INFO: [http 200, ok] get -> https://esi.evetech.net/v4/corporations/98287666/wallets/1/journal/?datasource=tranquility&page=2 [t/e: 1.94s/100]
[2019-01-27 08:00:06] eseye.INFO: [http 200, ok] post -> https://login.eveonline.com/oauth/token/?grant_type=refresh_token [t/e: 0.15s/]
[2019-01-27 08:00:06] eseye.INFO: [http 200, ok] get -> https://login.eveonline.com/oauth/verify/ [t/e: 0.51s/]
[2019-01-27 08:00:10] eseye.ERROR: [http 503, service unavailable] get -> https://esi.evetech.net/v4/corporations/98287666/wallets/1/journal/?datasource=tranquility&page=1 [t/e: 3.50s/99]
[2019-01-27 09:00:07] eseye.INFO: [http 200, ok] post -> https://login.eveonline.com/oauth/token/?grant_type=refresh_token [t/e: 2.94s/]
[2019-01-27 09:00:07] eseye.INFO: [http 200, ok] get -> https://login.eveonline.com/oauth/verify/ [t/e: 0.07s/]
[2019-01-27 09:00:10] eseye.INFO: [http 200, ok] get -> https://esi.evetech.net/v4/corporations/98287666/wallets/1/journal/?datasource=tranquility&page=1 [t/e: 2.70s/100]
[2019-01-27 10:00:05] eseye.INFO: [http 200, ok] post -> https://login.eveonline.com/oauth/token/?grant_type=refresh_token [t/e: 0.13s/]
[2019-01-27 10:00:05] eseye.INFO: [http 200, ok] get -> https://login.eveonline.com/oauth/verify/ [t/e: 0.20s/]
[2019-01-27 10:00:06] eseye.INFO: [http 200, ok] get -> https://esi.evetech.net/v4/corporations/98287666/wallets/1/journal/?datasource=tranquility&page=1 [t/e: 1.44s/100]
[2019-01-27 11:00:04] eseye.INFO: [http 200, ok] post -> https://login.eveonline.com/oauth/token/?grant_type=refresh_token [t/e: 0.16s/]
[2019-01-27 11:00:04] eseye.INFO: [http 200, ok] get -> https://login.eveonline.com/oauth/verify/ [t/e: 0.11s/]
[2019-01-27 11:00:05] eseye.INFO: [http 200, ok] get -> https://esi.evetech.net/v4/corporations/98287666/wallets/1/journal/?datasource=tranquility&page=1 [t/e: 1.08s/100]
[2019-01-27 11:00:16] eseye.INFO: [http 200, ok] get -> https://esi.evetech.net/v4/corporations/98287666/wallets/1/journal/?datasource=tranquility&page=2 [t/e: 1.54s/100]
[2019-01-27 12:00:05] eseye.INFO: [http 200, ok] post -> https://login.eveonline.com/oauth/token/?grant_type=refresh_token [t/e: 0.07s/]
[2019-01-27 12:00:05] eseye.INFO: [http 200, ok] get -> https://login.eveonline.com/oauth/verify/ [t/e: 0.17s/]
[2019-01-27 12:00:11] eseye.INFO: [http 200, ok] get -> https://esi.evetech.net/v4/corporations/98287666/wallets/1/journal/?datasource=tranquility&page=1 [t/e: 5.50s/100]
[2019-01-27 13:00:04] eseye.INFO: [http 200, ok] post -> https://login.eveonline.com/oauth/token/?grant_type=refresh_token [t/e: 0.07s/]
[2019-01-27 13:00:04] eseye.INFO: [http 200, ok] get -> https://login.eveonline.com/oauth/verify/ [t/e: 0.05s/]
[2019-01-27 13:00:04] eseye.INFO: [http 200, ok] get -> https://esi.evetech.net/v4/corporations/98287666/wallets/1/journal/?datasource=tranquility&page=1 [t/e: 0.26s/100]
[2019-01-27 14:00:05] eseye.INFO: [http 200, ok] post -> https://login.eveonline.com/oauth/token/?grant_type=refresh_token [t/e: 0.07s/]
[2019-01-27 14:00:05] eseye.INFO: [http 200, ok] get -> https://login.eveonline.com/oauth/verify/ [t/e: 0.04s/]
[2019-01-27 14:00:10] eseye.INFO: [http 200, ok] get -> https://esi.evetech.net/v4/corporations/98287666/wallets/1/journal/?datasource=tranquility&page=1 [t/e: 4.31s/100]
[2019-01-27 15:00:04] eseye.INFO: [http 200, ok] post -> https://login.eveonline.com/oauth/token/?grant_type=refresh_token [t/e: 0.10s/]
[2019-01-27 15:00:05] eseye.INFO: [http 200, ok] get -> https://login.eveonline.com/oauth/verify/ [t/e: 0.12s/]
[2019-01-27 15:00:06] eseye.INFO: [http 200, ok] get -> https://esi.evetech.net/v4/corporations/98287666/wallets/1/journal/?datasource=tranquility&page=1 [t/e: 1.52s/100]
[2019-01-27 16:00:05] eseye.INFO: [http 200, ok] post -> https://login.eveonline.com/oauth/token/?grant_type=refresh_token [t/e: 0.08s/]
[2019-01-27 16:00:08] eseye.INFO: [http 200, ok] get -> https://login.eveonline.com/oauth/verify/ [t/e: 2.78s/]
[2019-01-27 16:00:10] eseye.INFO: [http 200, ok] get -> https://esi.evetech.net/v4/corporations/98287666/wallets/1/journal/?datasource=tranquility&page=1 [t/e: 2.33s/100]
[2019-01-27 17:00:05] eseye.INFO: [http 200, ok] post -> https://login.eveonline.com/oauth/token/?grant_type=refresh_token [t/e: 0.11s/]
[2019-01-27 17:00:05] eseye.INFO: [http 200, ok] get -> https://login.eveonline.com/oauth/verify/ [t/e: 0.10s/]
[2019-01-27 17:00:05] eseye.INFO: [http 200, ok] get -> https://esi.evetech.net/v4/corporations/98287666/wallets/1/journal/?datasource=tranquility&page=1 [t/e: 0.34s/100]
[2019-01-27 18:00:06] eseye.INFO: [http 200, ok] post -> https://login.eveonline.com/oauth/token/?grant_type=refresh_token [t/e: 0.08s/]
[2019-01-27 18:00:06] eseye.INFO: [http 200, ok] get -> https://login.eveonline.com/oauth/verify/ [t/e: 0.04s/]
[2019-01-27 18:00:07] eseye.INFO: [http 200, ok] get -> https://esi.evetech.net/v4/corporations/98287666/wallets/1/journal/?datasource=tranquility&page=1 [t/e: 1.52s/100]
[2019-01-27 19:00:05] eseye.INFO: [http 200, ok] post -> https://login.eveonline.com/oauth/token/?grant_type=refresh_token [t/e: 0.06s/]
[2019-01-27 19:00:05] eseye.INFO: [http 200, ok] get -> https://login.eveonline.com/oauth/verify/ [t/e: 0.04s/]
[2019-01-27 19:00:06] eseye.INFO: [http 200, ok] get -> https://esi.evetech.net/v4/corporations/98287666/wallets/1/journal/?datasource=tranquility&page=1 [t/e: 1.43s/100]
[2019-01-27 20:00:05] eseye.INFO: [http 200, ok] post -> https://login.eveonline.com/oauth/token/?grant_type=refresh_token [t/e: 0.10s/]
[2019-01-27 20:00:05] eseye.INFO: [http 200, ok] get -> https://login.eveonline.com/oauth/verify/ [t/e: 0.03s/]
[2019-01-27 20:00:10] eseye.ERROR: [http 403, forbidden] get -> https://esi.evetech.net/v4/corporations/98287666/wallets/1/journal/?datasource=tranquility&page=1 [t/e: 5.07s/99]
[2019-01-27 21:00:04] eseye.INFO: [http 200, ok] post -> https://login.eveonline.com/oauth/token/?grant_type=refresh_token [t/e: 0.09s/]
[2019-01-27 21:00:04] eseye.INFO: [http 200, ok] get -> https://login.eveonline.com/oauth/verify/ [t/e: 0.13s/]
[2019-01-27 21:00:05] eseye.INFO: [http 200, ok] get -> https://esi.evetech.net/v4/corporations/98287666/wallets/1/journal/?datasource=tranquility&page=1 [t/e: 1.00s/100]
[2019-01-27 22:00:04] eseye.INFO: [http 200, ok] post -> https://login.eveonline.com/oauth/token/?grant_type=refresh_token [t/e: 0.06s/]
[2019-01-27 22:00:04] eseye.INFO: [http 200, ok] get -> https://login.eveonline.com/oauth/verify/ [t/e: 0.15s/]
[2019-01-27 22:00:07] eseye.INFO: [http 200, ok] get -> https://esi.evetech.net/v4/corporations/98287666/wallets/1/journal/?datasource=tranquility&page=1 [t/e: 2.24s/100]
[2019-01-27 23:00:04] eseye.INFO: [http 200, ok] post -> https://login.eveonline.com/oauth/token/?grant_type=refresh_token [t/e: 0.20s/]
[2019-01-27 23:00:05] eseye.INFO: [http 200, ok] get -> https://login.eveonline.com/oauth/verify/ [t/e: 0.09s/]
[2019-01-27 23:00:06] eseye.INFO: [http 200, ok] get -> https://esi.evetech.net/v4/corporations/98287666/wallets/1/journal/?datasource=tranquility&page=1 [t/e: 1.15s/100]
[2019-01-27 23:00:16] eseye.INFO: [http 200, ok] get -> https://esi.evetech.net/v4/corporations/98287666/wallets/1/journal/?datasource=tranquility&page=2 [t/e: 1.54s/100]
