[2019-02-01 00:00:07] eseye.INFO: [http 200, ok] post -> https://login.eveonline.com/oauth/token/?grant_type=refresh_token [t/e: 0.05s/]
[2019-02-01 00:00:07] eseye.INFO: [http 200, ok] get -> https://login.eveonline.com/oauth/verify/ [t/e: 0.03s/]
[2019-02-01 00:00:10] eseye.INFO: [http 200, ok] get -> https://esi.evetech.net/v4/corporations/98287666/wallets/1/journal/?datasource=tranquility&page=1 [t/e: 2.68s/100]
[2019-02-01 00:00:20] eseye.INFO: [http 200, ok] get -> https://esi.evetech.net/v4/corporations/98287666/wallets/1/journal/?datasource=tranquility&page=2 [t/e: 1.25s/100]
[2019-02-01 01:00:05] eseye.INFO: [http 200, ok] post -> https://login.eveonline.com/oauth/token/?grant_type=refresh_token [t/e: 0.06s/]
[2019-02-01 01:00:05] eseye.INFO: [http 200, ok] get -> https://login.eveonline.com/oauth/verify/ [t/e: 0.04s/]
[2019-02-01 01:00:06] eseye.INFO: [http 200, ok] get -> https://esi.evetech.net/v4/corporations/98287666/wallets/1/journal/?datasource=tranquility&page=1 [t/e: 1.41s/100]
[2019-02-01 02:00:06] eseye.INFO: [http 200, ok] post -> https://login.eveonline.com/oauth/token/?grant_type=refresh_token [t/e: 1.77s/]
[2019-02-01 02:00:08] eseye.INFO: [http 200, ok] get -> https://login.eveonline.com/oauth/verify/ [t/e: 1.40s/]
[2019-02-01 02:00:12] eseye.INFO: [http 200, ok] get -> https://esi.evetech.net/v4/corporations/98287666/wallets/1/journal/?datasource=tranquility&page=1 [t/e: 3.81s/100]
[2019-02-01 03:00:05] eseye.INFO: [http 200, ok] post -> https://login.eveonline.com/oauth/token/?grant_type=refresh_token [t/e: 0.18s/]
[2019-02-01 03:00:07] eseye.INFO: [http 200, ok] get -> https://login.eveonline.com/oauth/verify/ [t/e: 1.45s/]
[2019-02-01 03:00:09] eseye.INFO: [http 200, ok] get -> https://esi.evetech.net/v4/corporations/98287666/wallets/1/journal/?datasource=tranquility&page=1 [t/e: 2.07s/100]
[2019-02-01 04:00:07] eseye.INFO: [http 200, ok] post -> https://login.eveonline.com/oauth/token/?grant_type=refresh_token [t/e: 2.68s/]
[2019-02-01 04:00:10] eseye.INFO: [http 200, ok] get -> https://login.eveonline.com/oauth/verify/ [t/e: 3.20s/]
[2019-02-01 04:00:12] eseye.INFO: [http 200, ok] get -> https://esi.evetech.net/v4/corporations/98287666/wallets/1/journal/?datasource=tranquility&page=1 [t/e: 1.58s/100]
[2019-02-01 05:00:05] eseye.INFO: [http 200, ok] post -> https://login.eveonline.com/oauth/token/?grant_type=refresh_token [t/e: 0.65s/]
[2019-02-01 05:00:05] eseye.INFO: [http 200, ok] get -> https://login.eveonline.com/oauth/verify/ [t/e: 0.06s/]
[2019-02-01 05:00:09] eseye.INFO: [http 200, ok] get -> https://esi.evetech.net/v4/corporations/98287666/wallets/1/journal/?datasource=tranquility&page=1 [t/e: 3.84s/100]
[2019-02-01 06:00:07] eseye.INFO: [http 200, ok] post -> https://login.eveonline.com/oauth/token/?grant_type=refresh_token [t/e: 2.03s/]
[2019-02-01 06:00:07] eseye.INFO: [http 200, ok] get -> https://login.eveonline.com/oauth/verify/ [t/e: 0.04s/]
[2019-02-01 06:00:09] eseye.INFO: [http 200, ok] get -> https://esi.evetech.net/v4/corporations/98287666/wallets/1/journal/?datasource=tranquility&page=1 [t/e: 2.19s/100]
[2019-02-01 07:00:05] eseye.INFO: [http 200, ok] post -> https://login.eveonline.com/oauth/token/?grant_type=refresh_token [t/e: 0.46s/]
[2019-02-01 07:00:05] eseye.INFO: [http 200, ok] get -> https://login.eveonline.com/oauth/verify/ [t/e: 0.44s/]
[2019-02-01 07:00:07] eseye.INFO: [http 200, ok] get -> https://esi.evetech.net/v4/corporations/98287666/wallets/1/journal/?datasource=tranquility&page=1 [t/e: 2.27s/100]
[2019-02-01 07:28:06] eseye.INFO: [http 200, ok] post -> https://login.eveonline.com/oauth/token/?grant_type=refresh_token [t/e: 0.06s/]
[2019-02-01 07:28:06] eseye.INFO: [http 200, ok] get -> https://login.eveonline.com/oauth/verify/ [t/e: 0.03s/]
[2019-02-01 07:28:07] eseye.INFO: [http 201, created] post -> https://esi.evetech.net/latest/characters/93738489/mail/?datasource=tranquility [t/e: 0.26s/100]
[2019-02-01 07:28:07] eseye.INFO: [http 200, ok] post -> https://login.eveonline.com/oauth/token/?grant_type=refresh_token [t/e: 0.03s/]
[2019-02-01 07:28:07] eseye.INFO: [http 200, ok] get -> https://login.eveonline.com/oauth/verify/ [t/e: 0.02s/]
[2019-02-01 07:28:07] eseye.INFO: [http 201, created] post -> https://esi.evetech.net/latest/characters/93738489/mail/?datasource=tranquility [t/e: 0.24s/100]
[2019-02-01 07:29:47] eseye.INFO: [http 200, ok] post -> https://login.eveonline.com/oauth/token/?grant_type=refresh_token [t/e: 0.08s/]
[2019-02-01 07:29:47] eseye.INFO: [http 200, ok] get -> https://login.eveonline.com/oauth/verify/ [t/e: 0.11s/]
[2019-02-01 07:29:48] eseye.INFO: [http 200, ok] get -> https://esi.evetech.net/v4/corporations/98097414/wallets/1/journal/?datasource=tranquility&page=1 [t/e: 1.15s/100]
[2019-02-01 07:29:48] eseye.INFO: [http 200, ok] post -> https://login.eveonline.com/oauth/token/?grant_type=refresh_token [t/e: 0.04s/]
[2019-02-01 07:29:48] eseye.INFO: [http 200, ok] get -> https://login.eveonline.com/oauth/verify/ [t/e: 0.03s/]
[2019-02-01 07:29:50] eseye.INFO: [http 200, ok] get -> https://esi.evetech.net/v4/corporations/98287666/wallets/1/journal/?datasource=tranquility&page=1 [t/e: 1.50s/100]
[2019-02-01 07:29:53] eseye.INFO: [http 200, ok] get -> https://esi.evetech.net/v4/corporations/98287666/wallets/1/journal/?datasource=tranquility&page=2 [t/e: 0.89s/100]
[2019-02-01 07:29:54] eseye.INFO: [http 200, ok] get -> https://esi.evetech.net/v4/corporations/98287666/wallets/1/journal/?datasource=tranquility&page=3 [t/e: 0.62s/100]
[2019-02-01 07:29:56] eseye.INFO: [http 200, ok] get -> https://esi.evetech.net/v4/corporations/98287666/wallets/1/journal/?datasource=tranquility&page=4 [t/e: 0.79s/100]
[2019-02-01 07:29:58] eseye.INFO: [http 200, ok] get -> https://esi.evetech.net/v4/corporations/98287666/wallets/1/journal/?datasource=tranquility&page=5 [t/e: 0.68s/100]
[2019-02-01 07:29:59] eseye.INFO: [http 200, ok] get -> https://esi.evetech.net/v4/corporations/98287666/wallets/1/journal/?datasource=tranquility&page=6 [t/e: 0.72s/100]
[2019-02-01 07:30:02] eseye.INFO: [http 200, ok] get -> https://esi.evetech.net/v4/corporations/98287666/wallets/1/journal/?datasource=tranquility&page=7 [t/e: 0.64s/100]
[2019-02-01 07:30:04] eseye.INFO: [http 200, ok] get -> https://esi.evetech.net/v4/corporations/98287666/wallets/1/journal/?datasource=tranquility&page=8 [t/e: 0.86s/100]
[2019-02-01 07:30:06] eseye.INFO: [http 200, ok] get -> https://esi.evetech.net/v4/corporations/98287666/wallets/1/journal/?datasource=tranquility&page=9 [t/e: 0.91s/100]
[2019-02-01 07:30:07] eseye.INFO: [http 200, ok] get -> https://esi.evetech.net/v4/corporations/98287666/wallets/1/journal/?datasource=tranquility&page=10 [t/e: 0.72s/100]
[2019-02-01 07:30:09] eseye.INFO: [http 200, ok] get -> https://esi.evetech.net/v4/corporations/98287666/wallets/1/journal/?datasource=tranquility&page=11 [t/e: 0.87s/100]
[2019-02-01 07:30:11] eseye.INFO: [http 200, ok] get -> https://esi.evetech.net/v4/corporations/98287666/wallets/1/journal/?datasource=tranquility&page=12 [t/e: 1.02s/100]
[2019-02-01 07:30:12] eseye.INFO: [http 200, ok] get -> https://esi.evetech.net/v4/corporations/98287666/wallets/1/journal/?datasource=tranquility&page=13 [t/e: 0.60s/100]
[2019-02-01 07:30:15] eseye.INFO: [http 200, ok] get -> https://esi.evetech.net/v4/corporations/98287666/wallets/1/journal/?datasource=tranquility&page=14 [t/e: 0.88s/100]
[2019-02-01 07:30:17] eseye.INFO: [http 200, ok] get -> https://esi.evetech.net/v4/corporations/98287666/wallets/1/journal/?datasource=tranquility&page=15 [t/e: 1.16s/100]
[2019-02-01 07:30:18] eseye.INFO: [http 200, ok] get -> https://esi.evetech.net/v4/corporations/98287666/wallets/1/journal/?datasource=tranquility&page=16 [t/e: 0.62s/100]
[2019-02-01 07:30:20] eseye.INFO: [http 200, ok] get -> https://esi.evetech.net/v4/corporations/98287666/wallets/1/journal/?datasource=tranquility&page=17 [t/e: 0.70s/100]
[2019-02-01 07:30:21] eseye.INFO: [http 200, ok] get -> https://esi.evetech.net/v4/corporations/98287666/wallets/1/journal/?datasource=tranquility&page=18 [t/e: 0.64s/100]
[2019-02-01 07:30:23] eseye.INFO: [http 200, ok] get -> https://esi.evetech.net/v4/corporations/98287666/wallets/1/journal/?datasource=tranquility&page=19 [t/e: 0.91s/100]
[2019-02-01 07:30:25] eseye.INFO: [http 200, ok] get -> https://esi.evetech.net/v4/corporations/98287666/wallets/1/journal/?datasource=tranquility&page=20 [t/e: 0.72s/100]
[2019-02-01 07:30:26] eseye.INFO: [http 200, ok] get -> https://esi.evetech.net/v4/corporations/98287666/wallets/1/journal/?datasource=tranquility&page=21 [t/e: 0.71s/100]
[2019-02-01 07:30:28] eseye.INFO: [http 200, ok] get -> https://esi.evetech.net/v4/corporations/98287666/wallets/1/journal/?datasource=tranquility&page=22 [t/e: 0.67s/100]
[2019-02-01 07:30:30] eseye.INFO: [http 200, ok] get -> https://esi.evetech.net/v4/corporations/98287666/wallets/1/journal/?datasource=tranquility&page=23 [t/e: 1.18s/100]
[2019-02-01 07:30:31] eseye.INFO: [http 200, ok] get -> https://esi.evetech.net/v4/corporations/98287666/wallets/1/journal/?datasource=tranquility&page=24 [t/e: 0.81s/100]
[2019-02-01 07:30:33] eseye.INFO: [http 200, ok] get -> https://esi.evetech.net/v4/corporations/98287666/wallets/1/journal/?datasource=tranquility&page=25 [t/e: 0.71s/100]
[2019-02-01 07:30:35] eseye.INFO: [http 200, ok] get -> https://esi.evetech.net/v4/corporations/98287666/wallets/1/journal/?datasource=tranquility&page=26 [t/e: 0.81s/100]
[2019-02-01 07:30:37] eseye.INFO: [http 200, ok] get -> https://esi.evetech.net/v4/corporations/98287666/wallets/1/journal/?datasource=tranquility&page=27 [t/e: 0.75s/100]
[2019-02-01 07:30:38] eseye.INFO: [http 200, ok] get -> https://esi.evetech.net/v4/corporations/98287666/wallets/1/journal/?datasource=tranquility&page=28 [t/e: 0.72s/100]
[2019-02-01 07:30:39] eseye.INFO: [http 200, ok] get -> https://esi.evetech.net/v4/corporations/98287666/wallets/1/journal/?datasource=tranquility&page=29 [t/e: 0.63s/100]
[2019-02-01 07:30:41] eseye.INFO: [http 200, ok] get -> https://esi.evetech.net/v4/corporations/98287666/wallets/1/journal/?datasource=tranquility&page=30 [t/e: 0.94s/100]
[2019-02-01 07:31:22] eseye.INFO: [http 200, ok] post -> https://login.eveonline.com/oauth/token/?grant_type=refresh_token [t/e: 0.04s/]
[2019-02-01 07:31:22] eseye.INFO: [http 200, ok] get -> https://login.eveonline.com/oauth/verify/ [t/e: 0.02s/]
[2019-02-01 07:31:23] eseye.INFO: [http 200, ok] post -> https://login.eveonline.com/oauth/token/?grant_type=refresh_token [t/e: 0.05s/]
[2019-02-01 07:31:23] eseye.INFO: [http 200, ok] get -> https://login.eveonline.com/oauth/verify/ [t/e: 0.02s/]
[2019-02-01 07:32:46] eseye.INFO: [http 200, ok] post -> https://login.eveonline.com/oauth/token/?grant_type=refresh_token [t/e: 0.04s/]
[2019-02-01 07:32:46] eseye.INFO: [http 200, ok] get -> https://login.eveonline.com/oauth/verify/ [t/e: 0.02s/]
[2019-02-01 08:00:03] eseye.INFO: [http 200, ok] post -> https://login.eveonline.com/oauth/token/?grant_type=refresh_token [t/e: 1.56s/]
[2019-02-01 08:00:03] eseye.INFO: [http 200, ok] get -> https://login.eveonline.com/oauth/verify/ [t/e: 0.08s/]
[2019-02-01 08:00:03] eseye.INFO: [http 200, ok] post -> https://login.eveonline.com/oauth/token/?grant_type=refresh_token [t/e: 0.07s/]
[2019-02-01 08:00:08] eseye.INFO: [http 200, ok] get -> https://login.eveonline.com/oauth/verify/ [t/e: 4.17s/]
[2019-02-01 08:00:41] eseye.INFO: [http 200, ok] post -> https://login.eveonline.com/oauth/token/?grant_type=refresh_token [t/e: 2.97s/]
[2019-02-01 08:00:41] eseye.INFO: [http 200, ok] get -> https://login.eveonline.com/oauth/verify/ [t/e: 0.32s/]
[2019-02-01 08:00:42] eseye.INFO: [http 201, created] post -> https://esi.evetech.net/latest/characters/93738489/mail/?datasource=tranquility [t/e: 0.54s/100]
[2019-02-01 08:00:43] eseye.INFO: [http 200, ok] post -> https://login.eveonline.com/oauth/token/?grant_type=refresh_token [t/e: 1.59s/]
[2019-02-01 08:00:46] eseye.INFO: [http 200, ok] get -> https://login.eveonline.com/oauth/verify/ [t/e: 2.52s/]
[2019-02-01 08:00:51] eseye.INFO: [http 201, created] post -> https://esi.evetech.net/latest/characters/93738489/mail/?datasource=tranquility [t/e: 4.71s/100]
[2019-02-01 08:00:51] eseye.INFO: [http 200, ok] post -> https://login.eveonline.com/oauth/token/?grant_type=refresh_token [t/e: 0.05s/]
[2019-02-01 08:00:52] eseye.INFO: [http 200, ok] get -> https://login.eveonline.com/oauth/verify/ [t/e: 1.31s/]
[2019-02-01 09:00:02] eseye.INFO: [http 200, ok] post -> https://login.eveonline.com/oauth/token/?grant_type=refresh_token [t/e: 0.07s/]
[2019-02-01 09:00:02] eseye.INFO: [http 200, ok] get -> https://login.eveonline.com/oauth/verify/ [t/e: 0.06s/]
[2019-02-01 09:00:03] eseye.INFO: [http 200, ok] get -> https://esi.evetech.net/v4/corporations/98097414/wallets/1/journal/?datasource=tranquility&page=1 [t/e: 1.02s/100]
[2019-02-01 09:00:06] eseye.INFO: [http 200, ok] post -> https://login.eveonline.com/oauth/token/?grant_type=refresh_token [t/e: 0.06s/]
[2019-02-01 09:00:09] eseye.INFO: [http 200, ok] get -> https://login.eveonline.com/oauth/verify/ [t/e: 2.16s/]
[2019-02-01 09:00:10] eseye.INFO: [http 200, ok] get -> https://esi.evetech.net/v4/corporations/98287666/wallets/1/journal/?datasource=tranquility&page=1 [t/e: 1.39s/100]
[2019-02-01 10:00:01] eseye.INFO: [http 200, ok] post -> https://login.eveonline.com/oauth/token/?grant_type=refresh_token [t/e: 0.07s/]
[2019-02-01 10:00:01] eseye.INFO: [http 200, ok] get -> https://login.eveonline.com/oauth/verify/ [t/e: 0.03s/]
[2019-02-01 10:00:03] eseye.INFO: [http 200, ok] get -> https://esi.evetech.net/v4/corporations/98097414/wallets/1/journal/?datasource=tranquility&page=1 [t/e: 1.46s/100]
[2019-02-01 10:00:07] eseye.INFO: [http 200, ok] post -> https://login.eveonline.com/oauth/token/?grant_type=refresh_token [t/e: 0.43s/]
[2019-02-01 10:00:08] eseye.INFO: [http 200, ok] get -> https://login.eveonline.com/oauth/verify/ [t/e: 1.54s/]
[2019-02-01 10:00:11] eseye.INFO: [http 200, ok] get -> https://esi.evetech.net/v4/corporations/98287666/wallets/1/journal/?datasource=tranquility&page=1 [t/e: 3.23s/100]
[2019-02-01 11:00:01] eseye.INFO: [http 200, ok] post -> https://login.eveonline.com/oauth/token/?grant_type=refresh_token [t/e: 0.06s/]
[2019-02-01 11:00:01] eseye.INFO: [http 200, ok] get -> https://login.eveonline.com/oauth/verify/ [t/e: 0.02s/]
[2019-02-01 11:00:02] eseye.INFO: [http 200, ok] get -> https://esi.evetech.net/v4/corporations/98097414/wallets/1/journal/?datasource=tranquility&page=1 [t/e: 1.18s/100]
[2019-02-01 11:00:03] eseye.INFO: [http 200, ok] post -> https://login.eveonline.com/oauth/token/?grant_type=refresh_token [t/e: 0.05s/]
[2019-02-01 11:00:03] eseye.INFO: [http 200, ok] get -> https://login.eveonline.com/oauth/verify/ [t/e: 0.02s/]
[2019-02-01 11:00:03] eseye.INFO: [http 200, ok] get -> https://esi.evetech.net/v4/corporations/98287666/wallets/1/journal/?datasource=tranquility&page=1 [t/e: 0.16s/100]
[2019-02-01 11:00:07] eseye.INFO: [http 200, ok] post -> https://login.eveonline.com/oauth/token/?grant_type=refresh_token [t/e: 0.74s/]
[2019-02-01 11:00:07] eseye.INFO: [http 200, ok] get -> https://login.eveonline.com/oauth/verify/ [t/e: 0.03s/]
[2019-02-01 11:00:07] eseye.INFO: [http 200, ok] get -> https://esi.evetech.net/v4/corporations/98287666/wallets/1/journal/?datasource=tranquility&page=1 [t/e: 0.35s/100]
[2019-02-01 12:00:02] eseye.INFO: [http 200, ok] post -> https://login.eveonline.com/oauth/token/?grant_type=refresh_token [t/e: 0.08s/]
[2019-02-01 12:00:02] eseye.INFO: [http 200, ok] get -> https://login.eveonline.com/oauth/verify/ [t/e: 0.03s/]
[2019-02-01 12:00:05] eseye.INFO: [http 200, ok] get -> https://esi.evetech.net/v4/corporations/98097414/wallets/1/journal/?datasource=tranquility&page=1 [t/e: 2.44s/100]
[2019-02-01 12:00:08] eseye.INFO: [http 200, ok] post -> https://login.eveonline.com/oauth/token/?grant_type=refresh_token [t/e: 0.80s/]
[2019-02-01 12:00:08] eseye.INFO: [http 200, ok] get -> https://login.eveonline.com/oauth/verify/ [t/e: 0.02s/]
[2019-02-01 12:00:12] eseye.ERROR: [http 503, service unavailable] get -> https://esi.evetech.net/v4/corporations/98287666/wallets/1/journal/?datasource=tranquility&page=1 [t/e: 3.52s/99]
[2019-02-01 13:00:02] eseye.INFO: [http 200, ok] post -> https://login.eveonline.com/oauth/token/?grant_type=refresh_token [t/e: 0.06s/]
[2019-02-01 13:00:02] eseye.INFO: [http 200, ok] get -> https://login.eveonline.com/oauth/verify/ [t/e: 0.41s/]
[2019-02-01 13:00:05] eseye.INFO: [http 200, ok] get -> https://esi.evetech.net/v4/corporations/98097414/wallets/1/journal/?datasource=tranquility&page=1 [t/e: 2.27s/100]
[2019-02-01 13:00:08] eseye.INFO: [http 200, ok] post -> https://login.eveonline.com/oauth/token/?grant_type=refresh_token [t/e: 0.56s/]
[2019-02-01 13:00:08] eseye.INFO: [http 200, ok] get -> https://login.eveonline.com/oauth/verify/ [t/e: 0.12s/]
[2019-02-01 13:00:10] eseye.INFO: [http 200, ok] get -> https://esi.evetech.net/v4/corporations/98287666/wallets/1/journal/?datasource=tranquility&page=1 [t/e: 1.32s/100]
[2019-02-01 14:00:02] eseye.INFO: [http 200, ok] post -> https://login.eveonline.com/oauth/token/?grant_type=refresh_token [t/e: 0.07s/]
[2019-02-01 14:00:02] eseye.INFO: [http 200, ok] get -> https://login.eveonline.com/oauth/verify/ [t/e: 0.02s/]
[2019-02-01 14:00:03] eseye.INFO: [http 200, ok] get -> https://esi.evetech.net/v4/corporations/98097414/wallets/1/journal/?datasource=tranquility&page=1 [t/e: 1.08s/100]
[2019-02-01 14:00:03] eseye.INFO: [http 200, ok] post -> https://login.eveonline.com/oauth/token/?grant_type=refresh_token [t/e: 0.05s/]
[2019-02-01 14:00:03] eseye.INFO: [http 200, ok] get -> https://login.eveonline.com/oauth/verify/ [t/e: 0.02s/]
[2019-02-01 14:00:06] eseye.INFO: [http 200, ok] get -> https://esi.evetech.net/v4/corporations/98287666/wallets/1/journal/?datasource=tranquility&page=1 [t/e: 2.51s/100]
[2019-02-01 14:00:09] eseye.INFO: [http 200, ok] post -> https://login.eveonline.com/oauth/token/?grant_type=refresh_token [t/e: 0.06s/]
[2019-02-01 14:00:09] eseye.INFO: [http 200, ok] get -> https://login.eveonline.com/oauth/verify/ [t/e: 0.02s/]
[2019-02-01 14:00:09] eseye.INFO: [http 200, ok] get -> https://esi.evetech.net/v4/corporations/98287666/wallets/1/journal/?datasource=tranquility&page=1 [t/e: 0.35s/100]
[2019-02-01 15:00:02] eseye.INFO: [http 200, ok] post -> https://login.eveonline.com/oauth/token/?grant_type=refresh_token [t/e: 0.05s/]
[2019-02-01 15:00:02] eseye.INFO: [http 200, ok] get -> https://login.eveonline.com/oauth/verify/ [t/e: 0.02s/]
[2019-02-01 15:00:03] eseye.INFO: [http 200, ok] get -> https://esi.evetech.net/v4/corporations/98097414/wallets/1/journal/?datasource=tranquility&page=1 [t/e: 1.27s/100]
[2019-02-01 15:00:07] eseye.INFO: [http 200, ok] post -> https://login.eveonline.com/oauth/token/?grant_type=refresh_token [t/e: 0.41s/]
[2019-02-01 15:00:07] eseye.INFO: [http 200, ok] get -> https://login.eveonline.com/oauth/verify/ [t/e: 0.46s/]
[2019-02-01 15:00:09] eseye.INFO: [http 200, ok] get -> https://esi.evetech.net/v4/corporations/98287666/wallets/1/journal/?datasource=tranquility&page=1 [t/e: 2.05s/100]
[2019-02-01 16:00:02] eseye.INFO: [http 200, ok] post -> https://login.eveonline.com/oauth/token/?grant_type=refresh_token [t/e: 0.26s/]
[2019-02-01 16:00:02] eseye.INFO: [http 200, ok] get -> https://login.eveonline.com/oauth/verify/ [t/e: 0.03s/]
[2019-02-01 16:00:04] eseye.INFO: [http 200, ok] get -> https://esi.evetech.net/v4/corporations/98097414/wallets/1/journal/?datasource=tranquility&page=1 [t/e: 2.40s/100]
[2019-02-01 16:00:10] eseye.INFO: [http 200, ok] post -> https://login.eveonline.com/oauth/token/?grant_type=refresh_token [t/e: 2.26s/]
[2019-02-01 16:00:11] eseye.INFO: [http 200, ok] get -> https://login.eveonline.com/oauth/verify/ [t/e: 0.72s/]
[2019-02-01 16:00:16] eseye.ERROR: [http 403, forbidden] get -> https://esi.evetech.net/v4/corporations/98287666/wallets/1/journal/?datasource=tranquility&page=1 [t/e: 5.07s/99]
[2019-02-01 17:00:01] eseye.INFO: [http 200, ok] post -> https://login.eveonline.com/oauth/token/?grant_type=refresh_token [t/e: 0.13s/]
[2019-02-01 17:00:01] eseye.INFO: [http 200, ok] get -> https://login.eveonline.com/oauth/verify/ [t/e: 0.03s/]
[2019-02-01 17:00:02] eseye.INFO: [http 200, ok] get -> https://esi.evetech.net/v4/corporations/98097414/wallets/1/journal/?datasource=tranquility&page=1 [t/e: 0.31s/100]
[2019-02-01 17:00:05] eseye.INFO: [http 200, ok] post -> https://login.eveonline.com/oauth/token/?grant_type=refresh_token [t/e: 0.45s/]
[2019-02-01 17:00:05] eseye.INFO: [http 200, ok] get -> https://login.eveonline.com/oauth/verify/ [t/e: 0.05s/]
[2019-02-01 17:00:09] eseye.INFO: [http 200, ok] get -> https://esi.evetech.net/v4/corporations/98287666/wallets/1/journal/?datasource=tranquility&page=1 [t/e: 3.65s/100]
[2019-02-01 18:00:02] eseye.INFO: [http 200, ok] post -> https://login.eveonline.com/oauth/token/?grant_type=refresh_token [t/e: 0.05s/]
[2019-02-01 18:00:02] eseye.INFO: [http 200, ok] get -> https://login.eveonline.com/oauth/verify/ [t/e: 0.03s/]
[2019-02-01 18:00:03] eseye.INFO: [http 200, ok] get -> https://esi.evetech.net/v4/corporations/98097414/wallets/1/journal/?datasource=tranquility&page=1 [t/e: 1.31s/100]
[2019-02-01 18:00:07] eseye.INFO: [http 200, ok] post -> https://login.eveonline.com/oauth/token/?grant_type=refresh_token [t/e: 0.06s/]
[2019-02-01 18:00:12] eseye.INFO: [http 200, ok] get -> https://login.eveonline.com/oauth/verify/ [t/e: 4.88s/]
[2019-02-01 18:00:14] eseye.INFO: [http 200, ok] get -> https://esi.evetech.net/v4/corporations/98287666/wallets/1/journal/?datasource=tranquility&page=1 [t/e: 2.66s/100]
[2019-02-01 19:00:01] eseye.INFO: [http 200, ok] post -> https://login.eveonline.com/oauth/token/?grant_type=refresh_token [t/e: 0.08s/]
[2019-02-01 19:00:01] eseye.INFO: [http 200, ok] get -> https://login.eveonline.com/oauth/verify/ [t/e: 0.02s/]
[2019-02-01 19:00:02] eseye.INFO: [http 200, ok] get -> https://esi.evetech.net/v4/corporations/98097414/wallets/1/journal/?datasource=tranquility&page=1 [t/e: 1.05s/100]
[2019-02-01 19:00:02] eseye.INFO: [http 200, ok] post -> https://login.eveonline.com/oauth/token/?grant_type=refresh_token [t/e: 0.12s/]
[2019-02-01 19:00:03] eseye.INFO: [http 200, ok] get -> https://login.eveonline.com/oauth/verify/ [t/e: 0.02s/]
[2019-02-01 19:00:03] eseye.INFO: [http 200, ok] get -> https://esi.evetech.net/v4/corporations/98287666/wallets/1/journal/?datasource=tranquility&page=1 [t/e: 0.32s/100]
[2019-02-01 19:00:07] eseye.INFO: [http 200, ok] post -> https://login.eveonline.com/oauth/token/?grant_type=refresh_token [t/e: 0.74s/]
[2019-02-01 19:00:07] eseye.INFO: [http 200, ok] get -> https://login.eveonline.com/oauth/verify/ [t/e: 0.05s/]
[2019-02-01 19:00:07] eseye.INFO: [http 200, ok] get -> https://esi.evetech.net/v4/corporations/98287666/wallets/1/journal/?datasource=tranquility&page=1 [t/e: 0.30s/100]
[2019-02-01 20:00:02] eseye.INFO: [http 200, ok] post -> https://login.eveonline.com/oauth/token/?grant_type=refresh_token [t/e: 0.36s/]
[2019-02-01 20:00:10] eseye.INFO: [http 200, ok] get -> https://login.eveonline.com/oauth/verify/ [t/e: 7.66s/]
[2019-02-01 20:00:13] eseye.INFO: [http 200, ok] get -> https://esi.evetech.net/v4/corporations/98097414/wallets/1/journal/?datasource=tranquility&page=1 [t/e: 3.17s/100]
[2019-02-01 20:00:18] eseye.INFO: [http 200, ok] post -> https://login.eveonline.com/oauth/token/?grant_type=refresh_token [t/e: 1.92s/]
[2019-02-01 20:00:18] eseye.INFO: [http 200, ok] get -> https://login.eveonline.com/oauth/verify/ [t/e: 0.02s/]
[2019-02-01 20:00:21] eseye.INFO: [http 200, ok] get -> https://esi.evetech.net/v4/corporations/98287666/wallets/1/journal/?datasource=tranquility&page=1 [t/e: 2.96s/100]
[2019-02-01 21:00:02] eseye.INFO: [http 200, ok] post -> https://login.eveonline.com/oauth/token/?grant_type=refresh_token [t/e: 0.08s/]
[2019-02-01 21:00:02] eseye.INFO: [http 200, ok] get -> https://login.eveonline.com/oauth/verify/ [t/e: 0.03s/]
[2019-02-01 21:00:02] eseye.INFO: [http 200, ok] get -> https://esi.evetech.net/v4/corporations/98097414/wallets/1/journal/?datasource=tranquility&page=1 [t/e: 0.15s/100]
[2019-02-01 21:00:05] eseye.INFO: [http 200, ok] post -> https://login.eveonline.com/oauth/token/?grant_type=refresh_token [t/e: 0.14s/]
[2019-02-01 21:00:05] eseye.INFO: [http 200, ok] get -> https://login.eveonline.com/oauth/verify/ [t/e: 0.06s/]
[2019-02-01 21:00:06] eseye.INFO: [http 200, ok] get -> https://esi.evetech.net/v4/corporations/98287666/wallets/1/journal/?datasource=tranquility&page=1 [t/e: 1.24s/100]
[2019-02-01 22:00:01] eseye.INFO: [http 200, ok] post -> https://login.eveonline.com/oauth/token/?grant_type=refresh_token [t/e: 0.06s/]
[2019-02-01 22:00:01] eseye.INFO: [http 200, ok] get -> https://login.eveonline.com/oauth/verify/ [t/e: 0.05s/]
[2019-02-01 22:00:03] eseye.INFO: [http 200, ok] get -> https://esi.evetech.net/v4/corporations/98097414/wallets/1/journal/?datasource=tranquility&page=1 [t/e: 1.22s/100]
[2019-02-01 22:00:06] eseye.INFO: [http 200, ok] post -> https://login.eveonline.com/oauth/token/?grant_type=refresh_token [t/e: 0.14s/]
[2019-02-01 22:00:07] eseye.INFO: [http 200, ok] get -> https://login.eveonline.com/oauth/verify/ [t/e: 1.30s/]
[2019-02-01 22:00:09] eseye.INFO: [http 200, ok] get -> https://esi.evetech.net/v4/corporations/98287666/wallets/1/journal/?datasource=tranquility&page=1 [t/e: 1.66s/100]
[2019-02-01 23:00:02] eseye.INFO: [http 200, ok] post -> https://login.eveonline.com/oauth/token/?grant_type=refresh_token [t/e: 0.41s/]
[2019-02-01 23:00:02] eseye.INFO: [http 200, ok] get -> https://login.eveonline.com/oauth/verify/ [t/e: 0.03s/]
[2019-02-01 23:00:03] eseye.INFO: [http 200, ok] get -> https://esi.evetech.net/v4/corporations/98097414/wallets/1/journal/?datasource=tranquility&page=1 [t/e: 1.26s/100]
[2019-02-01 23:00:06] eseye.INFO: [http 200, ok] post -> https://login.eveonline.com/oauth/token/?grant_type=refresh_token [t/e: 0.06s/]
[2019-02-01 23:00:08] eseye.INFO: [http 200, ok] get -> https://login.eveonline.com/oauth/verify/ [t/e: 1.44s/]
[2019-02-01 23:00:10] eseye.INFO: [http 200, ok] get -> https://esi.evetech.net/v4/corporations/98287666/wallets/1/journal/?datasource=tranquility&page=1 [t/e: 2.11s/100]
